#
# A fatal error has been detected by the Java Runtime Environment:
#
#  EXCEPTION_ACCESS_VIOLATION (0xc0000005) at pc=0x00007fff346ded96, pid=18132, tid=8304
#
# JRE version: OpenJDK Runtime Environment Corretto-17.0.7.7.1 (17.0.7+7) (build 17.0.7+7-LTS)
# Java VM: OpenJDK 64-Bit Server VM Corretto-17.0.7.7.1 (17.0.7+7-LTS, mixed mode, sharing, tiered, compressed oops, compressed class ptrs, g1 gc, windows-amd64)
# Problematic frame:
# C  [ig9icd64.dll+0x7ed96]
#
# No core dump will be written. Minidumps are not enabled by default on client versions of Windows
#
# If you would like to submit a bug report, please visit:
#   https://github.com/corretto/corretto-17/issues/
# The crash happened outside the Java Virtual Machine in native code.
# See problematic frame for where to report the bug.
#

---------------  S U M M A R Y ------------

Command Line: -Dfile.encoding=windows-1252 -Duser.country=US -Duser.language=en -Duser.variant org.app.core.scene.SceneTest

Host: Intel(R) Xeon(R) CPU E3-1505M v5 @ 2.80GHz, 8 cores, 31G,  Windows 11 , 64 bit Build 23440 (10.0.23440.1000)
Time: Tue Jun 27 14:05:09 2023 Mitteleuropäische Sommerzeit elapsed time: 2.566850 seconds (0d 0h 0m 2s)

---------------  T H R E A D  ---------------

Current thread (0x000001d6a912f280):  JavaThread "main" [_thread_in_native, id=8304, stack(0x000000a041f00000,0x000000a042000000)]

Stack: [0x000000a041f00000,0x000000a042000000],  sp=0x000000a041ffe530,  free space=1017k
Native frames: (J=compiled Java code, j=interpreted, Vv=VM code, C=native code)
C  [ig9icd64.dll+0x7ed96]

Java frames: (J=compiled Java code, j=interpreted, Vv=VM code)
j  org.lwjgl.opengl.GL11C.nglTexImage2D(IIIIIIIIJ)V+0
j  org.lwjgl.opengl.GL11C.glTexImage2D(IIIIIIIILjava/nio/ByteBuffer;)V+17
j  org.lwjgl.opengl.GL11.glTexImage2D(IIIIIIIILjava/nio/ByteBuffer;)V+14
j  org.app.core.data.Texture.generate(Z)V+90
j  org.app.core.data.Material.compile()V+43
j  org.app.core.scene.Scene.init()V+375
j  org.app.core.scene.SceneManager.init()V+56
j  org.app.core.scene.SceneTest.main([Ljava/lang/String;)V+102
v  ~StubRoutines::call_stub

siginfo: EXCEPTION_ACCESS_VIOLATION (0xc0000005), reading address 0x000001d6e4521000


Register to memory mapping:

RIP=0x00007fff346ded96 ig9icd64.dll
RAX=0x0000000000000007 is an unknown value
RBX=0x000001d6df632900 points into unknown readable memory: 0x0000000000000000 | 00 00 00 00 00 00 00 00
RCX=0x0 is NULL
RDX=0x000001d6e4520fc0 points into unknown readable memory: 0x0000000000000000 | 00 00 00 00 00 00 00 00
RSP=0x000000a041ffe530 is pointing into the stack for thread: 0x000001d6a912f280
RBP=0x000000a041ffe660 is pointing into the stack for thread: 0x000001d6a912f280
RSI=0x000000000000003c is an unknown value
RDI=0x000001d6df632c80 points into unknown readable memory: 0x0000000000000000 | 00 00 00 00 00 00 00 00
R8 =0x00000000000004a0 is an unknown value
R9 =0x0000000000000009 is an unknown value
R10=0x0000000000000008 is an unknown value
R11=0x00000000000004a0 is an unknown value
R12=0x00000000000001c1 is an unknown value
R13=0x000001d6df5d0000 points into unknown readable memory: 0x0000000000000000 | 00 00 00 00 00 00 00 00
R14=0x00000000000004a0 is an unknown value
R15=0x00007fff34660000 ig9icd64.dll


Registers:
RAX=0x0000000000000007, RBX=0x000001d6df632900, RCX=0x0000000000000000, RDX=0x000001d6e4520fc0
RSP=0x000000a041ffe530, RBP=0x000000a041ffe660, RSI=0x000000000000003c, RDI=0x000001d6df632c80
R8 =0x00000000000004a0, R9 =0x0000000000000009, R10=0x0000000000000008, R11=0x00000000000004a0
R12=0x00000000000001c1, R13=0x000001d6df5d0000, R14=0x00000000000004a0, R15=0x00007fff34660000
RIP=0x00007fff346ded96, EFLAGS=0x0000000000010203

Top of Stack: (sp=0x000000a041ffe530)
0x000000a041ffe530:   000000004350fd41 0000000000000000
0x000000a041ffe540:   000000004350fd41 0000000000000000
0x000000a041ffe550:   000001d6e4520c40 00007fff35004590
0x000000a041ffe560:   0000000000000001 000000a041ffe660
0x000000a041ffe570:   0000000000000000 0000000000000000
0x000000a041ffe580:   0000000000000049 000001d600000001
0x000000a041ffe590:   000001d6e44c0cc0 000001d6db27d100
0x000000a041ffe5a0:   0000000000000000 0000000000000000
0x000000a041ffe5b0:   00007fff35325870 000001d6daff4240
0x000000a041ffe5c0:   0000018900000128 0000004900000000
0x000000a041ffe5d0:   000004a000000004 000001d6e44c0cc0
0x000000a041ffe5e0:   00000004db020049 00007fff000004c0
0x000000a041ffe5f0:   000001d6df5d0000 000000a041ffe670
0x000000a041ffe600:   0000000000000189 000000a041ffe670
0x000000a041ffe610:   000000a041ffe6d0 000001d6da81ba00
0x000000a041ffe620:   000001d6db028b40 000001d6db6487d0 

Instructions: (pc=0x00007fff346ded96)
0x00007fff346dec96:   03 d1 66 0f f7 c1 49 03 f9 41 8b c1 44 8b d1 4c
0x00007fff346deca6:   2b c0 0f 29 74 24 10 4d 8b c8 0f 29 3c 24 49 c1
0x00007fff346decb6:   e9 07 f6 c2 0f 0f 84 af 00 00 00 4d 85 c9 74 6b
0x00007fff346decc6:   66 66 0f 1f 84 00 00 00 00 00 f3 0f 6f 02 41 ff
0x00007fff346decd6:   c2 f3 0f 6f 4a 10 41 8b c2 f3 0f 6f 52 20 f3 0f
0x00007fff346dece6:   6f 5a 30 f3 0f 6f 62 40 f3 0f 6f 6a 50 f3 0f 6f
0x00007fff346decf6:   72 60 f3 0f 6f 7a 70 66 0f e7 07 66 0f e7 4f 10
0x00007fff346ded06:   66 0f e7 57 20 66 0f e7 5f 30 66 0f e7 67 40 66
0x00007fff346ded16:   0f e7 6f 50 66 0f e7 77 60 66 0f e7 7f 70 48 83
0x00007fff346ded26:   ef 80 48 83 ea 80 49 3b c1 72 9f 41 83 e0 7f 0f
0x00007fff346ded36:   84 e0 00 00 00 45 8b d0 44 8b c9 49 c1 ea 04 4d
0x00007fff346ded46:   85 d2 0f 84 cd 00 00 00 66 90 f3 0f 6f 02 41 ff
0x00007fff346ded56:   c1 48 83 c2 10 41 8b c1 66 0f e7 07 48 83 c7 10
0x00007fff346ded66:   49 3b c2 72 e5 e9 ab 00 00 00 4d 85 c9 74 6c 66
0x00007fff346ded76:   66 66 0f 1f 84 00 00 00 00 00 f3 0f 6f 02 41 ff
0x00007fff346ded86:   c2 f3 0f 6f 4a 10 f3 0f 6f 52 20 f3 0f 6f 5a 30
0x00007fff346ded96:   f3 0f 6f 62 40 f3 0f 6f 6a 50 f3 0f 6f 72 60 f3
0x00007fff346deda6:   0f 6f 7a 70 48 83 ea 80 66 0f e7 07 66 0f e7 4f
0x00007fff346dedb6:   10 66 0f e7 57 20 66 0f e7 5f 30 66 0f e7 67 40
0x00007fff346dedc6:   66 0f e7 6f 50 66 0f e7 77 60 66 0f e7 7f 70 48
0x00007fff346dedd6:   83 ef 80 41 8b c2 49 3b c1 72 9f 41 83 e0 7f 74
0x00007fff346dede6:   34 45 8b d0 44 8b c9 49 c1 ea 04 4d 85 d2 74 25
0x00007fff346dedf6:   66 66 0f 1f 84 00 00 00 00 00 f3 0f 6f 02 41 ff
0x00007fff346dee06:   c1 66 0f e7 07 48 83 c7 10 41 8b c1 48 83 c2 10
0x00007fff346dee16:   49 3b c2 72 e5 0f 28 74 24 10 0f 28 3c 24 41 83
0x00007fff346dee26:   e0 0f 74 49 45 8b d0 44 8b c9 49 c1 ea 02 4d 85
0x00007fff346dee36:   d2 74 1e 0f 1f 80 00 00 00 00 8b 02 41 ff c1 89
0x00007fff346dee46:   07 48 83 c2 04 48 83 c7 04 41 8b c1 49 3b c2 72
0x00007fff346dee56:   e9 41 83 e0 03 76 16 48 2b d7 0f b6 04 3a ff c1
0x00007fff346dee66:   88 07 48 8d 7f 01 8b c1 49 3b c0 72 ed 48 83 c4
0x00007fff346dee76:   20 5f c3 cc cc cc cc cc cc cc 40 53 48 83 ec 20
0x00007fff346dee86:   48 8b da 48 8b d1 48 8b 0b 48 85 c9 74 2d 48 8b 


Stack slot to memory mapping:
stack at sp + 0 slots: 0x000000004350fd41 is an unknown value
stack at sp + 1 slots: 0x0 is NULL
stack at sp + 2 slots: 0x000000004350fd41 is an unknown value
stack at sp + 3 slots: 0x0 is NULL
stack at sp + 4 slots: 0x000001d6e4520c40 points into unknown readable memory: 0x0000000000000000 | 00 00 00 00 00 00 00 00
stack at sp + 5 slots: 0x00007fff35004590 ig9icd64.dll
stack at sp + 6 slots: 0x0000000000000001 is an unknown value
stack at sp + 7 slots: 0x000000a041ffe660 is pointing into the stack for thread: 0x000001d6a912f280


---------------  P R O C E S S  ---------------

Threads class SMR info:
_java_thread_list=0x000001d6da27b780, length=13, elements={
0x000001d6a912f280, 0x000001d6d2fb3e80, 0x000001d6d2fb4a30, 0x000001d6d2fc7dd0,
0x000001d6d2fccd90, 0x000001d6d2fcf750, 0x000001d6d2fd0100, 0x000001d6d2fd4eb0,
0x000001d6d2fe0e60, 0x000001d6d2fe1e60, 0x000001d6d5a0fac0, 0x000001d6d5a13b20,
0x000001d6db2a8b80
}

Java Threads: ( => current thread )
=>0x000001d6a912f280 JavaThread "main" [_thread_in_native, id=8304, stack(0x000000a041f00000,0x000000a042000000)]
  0x000001d6d2fb3e80 JavaThread "Reference Handler" daemon [_thread_blocked, id=19320, stack(0x000000a042600000,0x000000a042700000)]
  0x000001d6d2fb4a30 JavaThread "Finalizer" daemon [_thread_blocked, id=10888, stack(0x000000a042700000,0x000000a042800000)]
  0x000001d6d2fc7dd0 JavaThread "Signal Dispatcher" daemon [_thread_blocked, id=8320, stack(0x000000a042800000,0x000000a042900000)]
  0x000001d6d2fccd90 JavaThread "Attach Listener" daemon [_thread_blocked, id=10684, stack(0x000000a042900000,0x000000a042a00000)]
  0x000001d6d2fcf750 JavaThread "Service Thread" daemon [_thread_blocked, id=11092, stack(0x000000a042a00000,0x000000a042b00000)]
  0x000001d6d2fd0100 JavaThread "Monitor Deflation Thread" daemon [_thread_blocked, id=18048, stack(0x000000a042b00000,0x000000a042c00000)]
  0x000001d6d2fd4eb0 JavaThread "C2 CompilerThread0" daemon [_thread_blocked, id=16204, stack(0x000000a042c00000,0x000000a042d00000)]
  0x000001d6d2fe0e60 JavaThread "C1 CompilerThread0" daemon [_thread_blocked, id=11040, stack(0x000000a042d00000,0x000000a042e00000)]
  0x000001d6d2fe1e60 JavaThread "Sweeper thread" daemon [_thread_blocked, id=8396, stack(0x000000a042e00000,0x000000a042f00000)]
  0x000001d6d5a0fac0 JavaThread "Notification Thread" daemon [_thread_blocked, id=9156, stack(0x000000a042f00000,0x000000a043000000)]
  0x000001d6d5a13b20 JavaThread "Common-Cleaner" daemon [_thread_blocked, id=12136, stack(0x000000a043100000,0x000000a043200000)]
  0x000001d6db2a8b80 JavaThread "C2 CompilerThread1" daemon [_thread_blocked, id=17188, stack(0x000000a043a00000,0x000000a043b00000)]

Other Threads:
  0x000001d6d2faf3e0 VMThread "VM Thread" [stack: 0x000000a042500000,0x000000a042600000] [id=18744]
  0x000001d6d2e1afb0 WatcherThread [stack: 0x000000a043000000,0x000000a043100000] [id=18528]
  0x000001d6a91db270 GCTaskThread "GC Thread#0" [stack: 0x000000a042000000,0x000000a042100000] [id=8908]
  0x000001d6db3d7060 GCTaskThread "GC Thread#1" [stack: 0x000000a043b00000,0x000000a043c00000] [id=14804]
  0x000001d6db4bc000 GCTaskThread "GC Thread#2" [stack: 0x000000a043c00000,0x000000a043d00000] [id=14632]
  0x000001d6db4bc2b0 GCTaskThread "GC Thread#3" [stack: 0x000000a043d00000,0x000000a043e00000] [id=12468]
  0x000001d6db4bc560 GCTaskThread "GC Thread#4" [stack: 0x000000a043e00000,0x000000a043f00000] [id=14372]
  0x000001d6db4bcc20 GCTaskThread "GC Thread#5" [stack: 0x000000a043f00000,0x000000a044000000] [id=6284]
  0x000001d6db4bced0 GCTaskThread "GC Thread#6" [stack: 0x000000a044000000,0x000000a044100000] [id=19264]
  0x000001d6db4dbdd0 GCTaskThread "GC Thread#7" [stack: 0x000000a044100000,0x000000a044200000] [id=13964]
  0x000001d6d2e10320 ConcurrentGCThread "G1 Main Marker" [stack: 0x000000a042100000,0x000000a042200000] [id=9888]
  0x000001d6a91dd6f0 ConcurrentGCThread "G1 Conc#0" [stack: 0x000000a042200000,0x000000a042300000] [id=12540]
  0x000001d6d2ee85d0 ConcurrentGCThread "G1 Refine#0" [stack: 0x000000a042300000,0x000000a042400000] [id=628]
  0x000001d6d2ee9ea0 ConcurrentGCThread "G1 Service" [stack: 0x000000a042400000,0x000000a042500000] [id=19120]

Threads with active compile tasks:

VM state: not at safepoint (normal execution)

VM Mutex/Monitor currently owned by a thread: None

Heap address: 0x0000000602400000, size: 8156 MB, Compressed Oops mode: Zero based, Oop shift amount: 3

CDS archive(s) mapped at: [0x0000000800000000-0x0000000800bc0000-0x0000000800bc0000), size 12320768, SharedBaseAddress: 0x0000000800000000, ArchiveRelocationMode: 0.
Compressed class space mapped at: 0x0000000801000000-0x0000000841000000, reserved size: 1073741824
Narrow klass base: 0x0000000800000000, Narrow klass shift: 0, Narrow klass range: 0x100000000

GC Precious Log:
 CPUs: 8 total, 8 available
 Memory: 32615M
 Large Page Support: Disabled
 NUMA Support: Disabled
 Compressed Oops: Enabled (Zero based)
 Heap Region Size: 4M
 Heap Min Capacity: 8M
 Heap Initial Capacity: 512M
 Heap Max Capacity: 8156M
 Pre-touch: Disabled
 Parallel Workers: 8
 Concurrent Workers: 2
 Concurrent Refinement Workers: 8
 Periodic GC: Disabled

Heap:
 garbage-first heap   total 524288K, used 237035K [0x0000000602400000, 0x0000000800000000)
  region size 4096K, 56 young (229376K), 6 survivors (24576K)
 Metaspace       used 7223K, committed 7424K, reserved 1114112K
  class space    used 415K, committed 512K, reserved 1048576K

Heap Regions: E=young(eden), S=young(survivor), O=old, HS=humongous(starts), HC=humongous(continues), CS=collection set, F=free, OA=open archive, CA=closed archive, TAMS=top-at-mark-start (previous, next)
|   0|0x0000000602400000, 0x0000000602800000, 0x0000000602800000|100%| O|  |TAMS 0x0000000602400000, 0x0000000602400000| Untracked 
|   1|0x0000000602800000, 0x00000006028e5200, 0x0000000602c00000| 22%| O|  |TAMS 0x0000000602800000, 0x0000000602800000| Untracked 
|   2|0x0000000602c00000, 0x0000000603000000, 0x0000000603000000|100%|HS|  |TAMS 0x0000000602c00000, 0x0000000602c00000| Complete 
|   3|0x0000000603000000, 0x0000000603400000, 0x0000000603400000|100%|HS|  |TAMS 0x0000000603000000, 0x0000000603000000| Complete 
|   4|0x0000000603400000, 0x0000000603800000, 0x0000000603800000|100%|HC|  |TAMS 0x0000000603400000, 0x0000000603400000| Complete 
|   5|0x0000000603800000, 0x0000000603800000, 0x0000000603c00000|  0%| F|  |TAMS 0x0000000603800000, 0x0000000603800000| Untracked 
|   6|0x0000000603c00000, 0x0000000603c00000, 0x0000000604000000|  0%| F|  |TAMS 0x0000000603c00000, 0x0000000603c00000| Untracked 
|   7|0x0000000604000000, 0x0000000604000000, 0x0000000604400000|  0%| F|  |TAMS 0x0000000604000000, 0x0000000604000000| Untracked 
|   8|0x0000000604400000, 0x0000000604400000, 0x0000000604800000|  0%| F|  |TAMS 0x0000000604400000, 0x0000000604400000| Untracked 
|   9|0x0000000604800000, 0x0000000604800000, 0x0000000604c00000|  0%| F|  |TAMS 0x0000000604800000, 0x0000000604800000| Untracked 
|  10|0x0000000604c00000, 0x0000000604c00000, 0x0000000605000000|  0%| F|  |TAMS 0x0000000604c00000, 0x0000000604c00000| Untracked 
|  11|0x0000000605000000, 0x0000000605000000, 0x0000000605400000|  0%| F|  |TAMS 0x0000000605000000, 0x0000000605000000| Untracked 
|  12|0x0000000605400000, 0x0000000605400000, 0x0000000605800000|  0%| F|  |TAMS 0x0000000605400000, 0x0000000605400000| Untracked 
|  13|0x0000000605800000, 0x0000000605800000, 0x0000000605c00000|  0%| F|  |TAMS 0x0000000605800000, 0x0000000605800000| Untracked 
|  14|0x0000000605c00000, 0x0000000605c00000, 0x0000000606000000|  0%| F|  |TAMS 0x0000000605c00000, 0x0000000605c00000| Untracked 
|  15|0x0000000606000000, 0x0000000606000000, 0x0000000606400000|  0%| F|  |TAMS 0x0000000606000000, 0x0000000606000000| Untracked 
|  16|0x0000000606400000, 0x0000000606400000, 0x0000000606800000|  0%| F|  |TAMS 0x0000000606400000, 0x0000000606400000| Untracked 
|  17|0x0000000606800000, 0x0000000606800000, 0x0000000606c00000|  0%| F|  |TAMS 0x0000000606800000, 0x0000000606800000| Untracked 
|  18|0x0000000606c00000, 0x0000000606c00000, 0x0000000607000000|  0%| F|  |TAMS 0x0000000606c00000, 0x0000000606c00000| Untracked 
|  19|0x0000000607000000, 0x0000000607000000, 0x0000000607400000|  0%| F|  |TAMS 0x0000000607000000, 0x0000000607000000| Untracked 
|  20|0x0000000607400000, 0x0000000607400000, 0x0000000607800000|  0%| F|  |TAMS 0x0000000607400000, 0x0000000607400000| Untracked 
|  21|0x0000000607800000, 0x0000000607800000, 0x0000000607c00000|  0%| F|  |TAMS 0x0000000607800000, 0x0000000607800000| Untracked 
|  22|0x0000000607c00000, 0x0000000607c00000, 0x0000000608000000|  0%| F|  |TAMS 0x0000000607c00000, 0x0000000607c00000| Untracked 
|  23|0x0000000608000000, 0x0000000608000000, 0x0000000608400000|  0%| F|  |TAMS 0x0000000608000000, 0x0000000608000000| Untracked 
|  24|0x0000000608400000, 0x0000000608400000, 0x0000000608800000|  0%| F|  |TAMS 0x0000000608400000, 0x0000000608400000| Untracked 
|  25|0x0000000608800000, 0x0000000608800000, 0x0000000608c00000|  0%| F|  |TAMS 0x0000000608800000, 0x0000000608800000| Untracked 
|  26|0x0000000608c00000, 0x0000000608c00000, 0x0000000609000000|  0%| F|  |TAMS 0x0000000608c00000, 0x0000000608c00000| Untracked 
|  27|0x0000000609000000, 0x0000000609000000, 0x0000000609400000|  0%| F|  |TAMS 0x0000000609000000, 0x0000000609000000| Untracked 
|  28|0x0000000609400000, 0x0000000609400000, 0x0000000609800000|  0%| F|  |TAMS 0x0000000609400000, 0x0000000609400000| Untracked 
|  29|0x0000000609800000, 0x0000000609800000, 0x0000000609c00000|  0%| F|  |TAMS 0x0000000609800000, 0x0000000609800000| Untracked 
|  30|0x0000000609c00000, 0x0000000609c00000, 0x000000060a000000|  0%| F|  |TAMS 0x0000000609c00000, 0x0000000609c00000| Untracked 
|  31|0x000000060a000000, 0x000000060a000000, 0x000000060a400000|  0%| F|  |TAMS 0x000000060a000000, 0x000000060a000000| Untracked 
|  32|0x000000060a400000, 0x000000060a400000, 0x000000060a800000|  0%| F|  |TAMS 0x000000060a400000, 0x000000060a400000| Untracked 
|  33|0x000000060a800000, 0x000000060a800000, 0x000000060ac00000|  0%| F|  |TAMS 0x000000060a800000, 0x000000060a800000| Untracked 
|  34|0x000000060ac00000, 0x000000060ac00000, 0x000000060b000000|  0%| F|  |TAMS 0x000000060ac00000, 0x000000060ac00000| Untracked 
|  35|0x000000060b000000, 0x000000060b000000, 0x000000060b400000|  0%| F|  |TAMS 0x000000060b000000, 0x000000060b000000| Untracked 
|  36|0x000000060b400000, 0x000000060b400000, 0x000000060b800000|  0%| F|  |TAMS 0x000000060b400000, 0x000000060b400000| Untracked 
|  37|0x000000060b800000, 0x000000060b800000, 0x000000060bc00000|  0%| F|  |TAMS 0x000000060b800000, 0x000000060b800000| Untracked 
|  38|0x000000060bc00000, 0x000000060bc00000, 0x000000060c000000|  0%| F|  |TAMS 0x000000060bc00000, 0x000000060bc00000| Untracked 
|  39|0x000000060c000000, 0x000000060c000000, 0x000000060c400000|  0%| F|  |TAMS 0x000000060c000000, 0x000000060c000000| Untracked 
|  40|0x000000060c400000, 0x000000060c400000, 0x000000060c800000|  0%| F|  |TAMS 0x000000060c400000, 0x000000060c400000| Untracked 
|  41|0x000000060c800000, 0x000000060c800000, 0x000000060cc00000|  0%| F|  |TAMS 0x000000060c800000, 0x000000060c800000| Untracked 
|  42|0x000000060cc00000, 0x000000060cc00000, 0x000000060d000000|  0%| F|  |TAMS 0x000000060cc00000, 0x000000060cc00000| Untracked 
|  43|0x000000060d000000, 0x000000060d000000, 0x000000060d400000|  0%| F|  |TAMS 0x000000060d000000, 0x000000060d000000| Untracked 
|  44|0x000000060d400000, 0x000000060d400000, 0x000000060d800000|  0%| F|  |TAMS 0x000000060d400000, 0x000000060d400000| Untracked 
|  45|0x000000060d800000, 0x000000060d800000, 0x000000060dc00000|  0%| F|  |TAMS 0x000000060d800000, 0x000000060d800000| Untracked 
|  46|0x000000060dc00000, 0x000000060dc00000, 0x000000060e000000|  0%| F|  |TAMS 0x000000060dc00000, 0x000000060dc00000| Untracked 
|  47|0x000000060e000000, 0x000000060e000000, 0x000000060e400000|  0%| F|  |TAMS 0x000000060e000000, 0x000000060e000000| Untracked 
|  48|0x000000060e400000, 0x000000060e400000, 0x000000060e800000|  0%| F|  |TAMS 0x000000060e400000, 0x000000060e400000| Untracked 
|  49|0x000000060e800000, 0x000000060e800000, 0x000000060ec00000|  0%| F|  |TAMS 0x000000060e800000, 0x000000060e800000| Untracked 
|  50|0x000000060ec00000, 0x000000060ec00000, 0x000000060f000000|  0%| F|  |TAMS 0x000000060ec00000, 0x000000060ec00000| Untracked 
|  51|0x000000060f000000, 0x000000060f000000, 0x000000060f400000|  0%| F|  |TAMS 0x000000060f000000, 0x000000060f000000| Untracked 
|  52|0x000000060f400000, 0x000000060f400000, 0x000000060f800000|  0%| F|  |TAMS 0x000000060f400000, 0x000000060f400000| Untracked 
|  53|0x000000060f800000, 0x000000060f800000, 0x000000060fc00000|  0%| F|  |TAMS 0x000000060f800000, 0x000000060f800000| Untracked 
|  54|0x000000060fc00000, 0x000000060fc00000, 0x0000000610000000|  0%| F|  |TAMS 0x000000060fc00000, 0x000000060fc00000| Untracked 
|  55|0x0000000610000000, 0x0000000610000000, 0x0000000610400000|  0%| F|  |TAMS 0x0000000610000000, 0x0000000610000000| Untracked 
|  56|0x0000000610400000, 0x0000000610400000, 0x0000000610800000|  0%| F|  |TAMS 0x0000000610400000, 0x0000000610400000| Untracked 
|  57|0x0000000610800000, 0x0000000610800000, 0x0000000610c00000|  0%| F|  |TAMS 0x0000000610800000, 0x0000000610800000| Untracked 
|  58|0x0000000610c00000, 0x0000000610c00000, 0x0000000611000000|  0%| F|  |TAMS 0x0000000610c00000, 0x0000000610c00000| Untracked 
|  59|0x0000000611000000, 0x0000000611000000, 0x0000000611400000|  0%| F|  |TAMS 0x0000000611000000, 0x0000000611000000| Untracked 
|  60|0x0000000611400000, 0x0000000611400000, 0x0000000611800000|  0%| F|  |TAMS 0x0000000611400000, 0x0000000611400000| Untracked 
|  61|0x0000000611800000, 0x0000000611800000, 0x0000000611c00000|  0%| F|  |TAMS 0x0000000611800000, 0x0000000611800000| Untracked 
|  62|0x0000000611c00000, 0x0000000611c00000, 0x0000000612000000|  0%| F|  |TAMS 0x0000000611c00000, 0x0000000611c00000| Untracked 
|  63|0x0000000612000000, 0x0000000612000000, 0x0000000612400000|  0%| F|  |TAMS 0x0000000612000000, 0x0000000612000000| Untracked 
|  64|0x0000000612400000, 0x0000000612400000, 0x0000000612800000|  0%| F|  |TAMS 0x0000000612400000, 0x0000000612400000| Untracked 
|  65|0x0000000612800000, 0x0000000612800000, 0x0000000612c00000|  0%| F|  |TAMS 0x0000000612800000, 0x0000000612800000| Untracked 
|  66|0x0000000612c00000, 0x0000000612c00000, 0x0000000613000000|  0%| F|  |TAMS 0x0000000612c00000, 0x0000000612c00000| Untracked 
|  67|0x0000000613000000, 0x0000000613000000, 0x0000000613400000|  0%| F|  |TAMS 0x0000000613000000, 0x0000000613000000| Untracked 
|  68|0x0000000613400000, 0x0000000613400000, 0x0000000613800000|  0%| F|  |TAMS 0x0000000613400000, 0x0000000613400000| Untracked 
|  69|0x0000000613800000, 0x0000000613800000, 0x0000000613c00000|  0%| F|  |TAMS 0x0000000613800000, 0x0000000613800000| Untracked 
|  70|0x0000000613c00000, 0x0000000613c00000, 0x0000000614000000|  0%| F|  |TAMS 0x0000000613c00000, 0x0000000613c00000| Untracked 
|  71|0x0000000614000000, 0x0000000614000000, 0x0000000614400000|  0%| F|  |TAMS 0x0000000614000000, 0x0000000614000000| Untracked 
|  72|0x0000000614400000, 0x0000000614604010, 0x0000000614800000| 50%| E|  |TAMS 0x0000000614400000, 0x0000000614400000| Complete 
|  73|0x0000000614800000, 0x0000000614c00000, 0x0000000614c00000|100%| E|CS|TAMS 0x0000000614800000, 0x0000000614800000| Complete 
|  74|0x0000000614c00000, 0x0000000615000000, 0x0000000615000000|100%| E|CS|TAMS 0x0000000614c00000, 0x0000000614c00000| Complete 
|  75|0x0000000615000000, 0x0000000615400000, 0x0000000615400000|100%| E|CS|TAMS 0x0000000615000000, 0x0000000615000000| Complete 
|  76|0x0000000615400000, 0x0000000615800000, 0x0000000615800000|100%| E|CS|TAMS 0x0000000615400000, 0x0000000615400000| Complete 
|  77|0x0000000615800000, 0x0000000615c00000, 0x0000000615c00000|100%| E|CS|TAMS 0x0000000615800000, 0x0000000615800000| Complete 
|  78|0x0000000615c00000, 0x0000000615e95c30, 0x0000000616000000| 64%| S|CS|TAMS 0x0000000615c00000, 0x0000000615c00000| Complete 
|  79|0x0000000616000000, 0x0000000616400000, 0x0000000616400000|100%| S|CS|TAMS 0x0000000616000000, 0x0000000616000000| Complete 
|  80|0x0000000616400000, 0x0000000616800000, 0x0000000616800000|100%| S|CS|TAMS 0x0000000616400000, 0x0000000616400000| Complete 
|  81|0x0000000616800000, 0x0000000616c00000, 0x0000000616c00000|100%| S|CS|TAMS 0x0000000616800000, 0x0000000616800000| Complete 
|  82|0x0000000616c00000, 0x0000000617000000, 0x0000000617000000|100%| S|CS|TAMS 0x0000000616c00000, 0x0000000616c00000| Complete 
|  83|0x0000000617000000, 0x0000000617400000, 0x0000000617400000|100%| S|CS|TAMS 0x0000000617000000, 0x0000000617000000| Complete 
|  84|0x0000000617400000, 0x0000000617800000, 0x0000000617800000|100%| E|CS|TAMS 0x0000000617400000, 0x0000000617400000| Complete 
|  85|0x0000000617800000, 0x0000000617c00000, 0x0000000617c00000|100%| E|CS|TAMS 0x0000000617800000, 0x0000000617800000| Complete 
|  86|0x0000000617c00000, 0x0000000618000000, 0x0000000618000000|100%| E|CS|TAMS 0x0000000617c00000, 0x0000000617c00000| Complete 
|  87|0x0000000618000000, 0x0000000618400000, 0x0000000618400000|100%| E|CS|TAMS 0x0000000618000000, 0x0000000618000000| Complete 
|  88|0x0000000618400000, 0x0000000618800000, 0x0000000618800000|100%| E|CS|TAMS 0x0000000618400000, 0x0000000618400000| Complete 
|  89|0x0000000618800000, 0x0000000618c00000, 0x0000000618c00000|100%| E|CS|TAMS 0x0000000618800000, 0x0000000618800000| Complete 
|  90|0x0000000618c00000, 0x0000000619000000, 0x0000000619000000|100%| E|CS|TAMS 0x0000000618c00000, 0x0000000618c00000| Complete 
|  91|0x0000000619000000, 0x0000000619400000, 0x0000000619400000|100%| E|CS|TAMS 0x0000000619000000, 0x0000000619000000| Complete 
|  92|0x0000000619400000, 0x0000000619800000, 0x0000000619800000|100%| E|CS|TAMS 0x0000000619400000, 0x0000000619400000| Complete 
|  93|0x0000000619800000, 0x0000000619c00000, 0x0000000619c00000|100%| E|CS|TAMS 0x0000000619800000, 0x0000000619800000| Complete 
|  94|0x0000000619c00000, 0x000000061a000000, 0x000000061a000000|100%| E|CS|TAMS 0x0000000619c00000, 0x0000000619c00000| Complete 
|  95|0x000000061a000000, 0x000000061a400000, 0x000000061a400000|100%| E|CS|TAMS 0x000000061a000000, 0x000000061a000000| Complete 
|  96|0x000000061a400000, 0x000000061a800000, 0x000000061a800000|100%| E|CS|TAMS 0x000000061a400000, 0x000000061a400000| Complete 
|  97|0x000000061a800000, 0x000000061ac00000, 0x000000061ac00000|100%| E|CS|TAMS 0x000000061a800000, 0x000000061a800000| Complete 
|  98|0x000000061ac00000, 0x000000061b000000, 0x000000061b000000|100%| E|CS|TAMS 0x000000061ac00000, 0x000000061ac00000| Complete 
|  99|0x000000061b000000, 0x000000061b400000, 0x000000061b400000|100%| E|CS|TAMS 0x000000061b000000, 0x000000061b000000| Complete 
| 100|0x000000061b400000, 0x000000061b800000, 0x000000061b800000|100%| E|CS|TAMS 0x000000061b400000, 0x000000061b400000| Complete 
| 101|0x000000061b800000, 0x000000061bc00000, 0x000000061bc00000|100%| E|CS|TAMS 0x000000061b800000, 0x000000061b800000| Complete 
| 102|0x000000061bc00000, 0x000000061c000000, 0x000000061c000000|100%| E|CS|TAMS 0x000000061bc00000, 0x000000061bc00000| Complete 
| 103|0x000000061c000000, 0x000000061c400000, 0x000000061c400000|100%| E|  |TAMS 0x000000061c000000, 0x000000061c000000| Complete 
| 104|0x000000061c400000, 0x000000061c800000, 0x000000061c800000|100%| E|CS|TAMS 0x000000061c400000, 0x000000061c400000| Complete 
| 105|0x000000061c800000, 0x000000061cc00000, 0x000000061cc00000|100%| E|CS|TAMS 0x000000061c800000, 0x000000061c800000| Complete 
| 106|0x000000061cc00000, 0x000000061d000000, 0x000000061d000000|100%| E|CS|TAMS 0x000000061cc00000, 0x000000061cc00000| Complete 
| 107|0x000000061d000000, 0x000000061d400000, 0x000000061d400000|100%| E|CS|TAMS 0x000000061d000000, 0x000000061d000000| Complete 
| 108|0x000000061d400000, 0x000000061d800000, 0x000000061d800000|100%| E|CS|TAMS 0x000000061d400000, 0x000000061d400000| Complete 
| 109|0x000000061d800000, 0x000000061dc00000, 0x000000061dc00000|100%| E|CS|TAMS 0x000000061d800000, 0x000000061d800000| Complete 
| 110|0x000000061dc00000, 0x000000061e000000, 0x000000061e000000|100%| E|CS|TAMS 0x000000061dc00000, 0x000000061dc00000| Complete 
| 111|0x000000061e000000, 0x000000061e400000, 0x000000061e400000|100%| E|CS|TAMS 0x000000061e000000, 0x000000061e000000| Complete 
| 112|0x000000061e400000, 0x000000061e800000, 0x000000061e800000|100%| E|CS|TAMS 0x000000061e400000, 0x000000061e400000| Complete 
| 113|0x000000061e800000, 0x000000061ec00000, 0x000000061ec00000|100%| E|CS|TAMS 0x000000061e800000, 0x000000061e800000| Complete 
| 114|0x000000061ec00000, 0x000000061f000000, 0x000000061f000000|100%| E|CS|TAMS 0x000000061ec00000, 0x000000061ec00000| Complete 
| 115|0x000000061f000000, 0x000000061f400000, 0x000000061f400000|100%| E|CS|TAMS 0x000000061f000000, 0x000000061f000000| Complete 
| 116|0x000000061f400000, 0x000000061f800000, 0x000000061f800000|100%| E|CS|TAMS 0x000000061f400000, 0x000000061f400000| Complete 
| 117|0x000000061f800000, 0x000000061fc00000, 0x000000061fc00000|100%| E|CS|TAMS 0x000000061f800000, 0x000000061f800000| Complete 
| 118|0x000000061fc00000, 0x0000000620000000, 0x0000000620000000|100%| E|CS|TAMS 0x000000061fc00000, 0x000000061fc00000| Complete 
| 119|0x0000000620000000, 0x0000000620400000, 0x0000000620400000|100%| E|CS|TAMS 0x0000000620000000, 0x0000000620000000| Complete 
| 120|0x0000000620400000, 0x0000000620800000, 0x0000000620800000|100%| E|CS|TAMS 0x0000000620400000, 0x0000000620400000| Complete 
| 121|0x0000000620800000, 0x0000000620c00000, 0x0000000620c00000|100%| E|CS|TAMS 0x0000000620800000, 0x0000000620800000| Complete 
| 122|0x0000000620c00000, 0x0000000621000000, 0x0000000621000000|100%| E|CS|TAMS 0x0000000620c00000, 0x0000000620c00000| Complete 
| 123|0x0000000621000000, 0x0000000621400000, 0x0000000621400000|100%| E|CS|TAMS 0x0000000621000000, 0x0000000621000000| Complete 
| 124|0x0000000621400000, 0x0000000621800000, 0x0000000621800000|100%| E|CS|TAMS 0x0000000621400000, 0x0000000621400000| Complete 
| 125|0x0000000621800000, 0x0000000621c00000, 0x0000000621c00000|100%| E|CS|TAMS 0x0000000621800000, 0x0000000621800000| Complete 
| 126|0x0000000621c00000, 0x0000000622000000, 0x0000000622000000|100%| E|CS|TAMS 0x0000000621c00000, 0x0000000621c00000| Complete 
| 127|0x0000000622000000, 0x0000000622400000, 0x0000000622400000|100%| E|CS|TAMS 0x0000000622000000, 0x0000000622000000| Complete 

Card table byte_map: [0x000001d6c0f40000,0x000001d6c1f30000] _byte_map_base: 0x000001d6bdf2e000

Marking Bits (Prev, Next): (CMBitMap*) 0x000001d6a91db880, (CMBitMap*) 0x000001d6a91db8c0
 Prev Bits: [0x000001d6c2f20000, 0x000001d6cae90000)
 Next Bits: [0x000001d6cae90000, 0x000001d6d2e00000)

Polling page: 0x000001d6a88e0000

Metaspace:

Usage:
  Non-class:      6.65 MB used.
      Class:    415.91 KB used.
       Both:      7.05 MB used.

Virtual space:
  Non-class space:       64.00 MB reserved,       6.75 MB ( 11%) committed,  1 nodes.
      Class space:        1.00 GB reserved,     512.00 KB ( <1%) committed,  1 nodes.
             Both:        1.06 GB reserved,       7.25 MB ( <1%) committed. 

Chunk freelists:
   Non-Class:  7.39 MB
       Class:  15.47 MB
        Both:  22.86 MB

MaxMetaspaceSize: unlimited
CompressedClassSpaceSize: 1.00 GB
Initial GC threshold: 21.00 MB
Current GC threshold: 21.00 MB
CDS: on
MetaspaceReclaimPolicy: balanced
 - commit_granule_bytes: 65536.
 - commit_granule_words: 8192.
 - virtual_space_node_default_size: 8388608.
 - enlarge_chunks_in_place: 1.
 - new_chunks_are_fully_committed: 0.
 - uncommit_free_chunks: 1.
 - use_allocation_guard: 0.
 - handle_deallocations: 1.


Internal statistics:

num_allocs_failed_limit: 0.
num_arena_births: 112.
num_arena_deaths: 0.
num_vsnodes_births: 2.
num_vsnodes_deaths: 0.
num_space_committed: 113.
num_space_uncommitted: 0.
num_chunks_returned_to_freelist: 0.
num_chunks_taken_from_freelist: 307.
num_chunk_merges: 0.
num_chunk_splits: 222.
num_chunks_enlarged: 167.
num_inconsistent_stats: 0.

CodeHeap 'non-profiled nmethods': size=120000Kb used=950Kb max_used=950Kb free=119049Kb
 bounds [0x000001d6b86f0000, 0x000001d6b8960000, 0x000001d6bfc20000]
CodeHeap 'profiled nmethods': size=120000Kb used=2766Kb max_used=2766Kb free=117233Kb
 bounds [0x000001d6b0c20000, 0x000001d6b0ee0000, 0x000001d6b8150000]
CodeHeap 'non-nmethods': size=5760Kb used=1668Kb max_used=1695Kb free=4091Kb
 bounds [0x000001d6b8150000, 0x000001d6b83c0000, 0x000001d6b86f0000]
 total_blobs=2602 nmethods=1482 adapters=1033
 compilation: enabled
              stopped_count=0, restarted_count=0
 full_count=0

Compilation events (20 events):
Event: 2.487 Thread 0x000001d6d2fe0e60 1476   !   3       sun.nio.ch.IOUtil::readIntoNativeBuffer (173 bytes)
Event: 2.487 Thread 0x000001d6d2fe0e60 nmethod 1476 0x000001d6b0ece410 code [0x000001d6b0ece6e0, 0x000001d6b0ecf4f8]
Event: 2.487 Thread 0x000001d6d2fe0e60 1477       3       sun.nio.ch.IOUtil::acquireScope (11 bytes)
Event: 2.487 Thread 0x000001d6d2fe0e60 nmethod 1477 0x000001d6b0ecfc10 code [0x000001d6b0ecfda0, 0x000001d6b0ecfec8]
Event: 2.487 Thread 0x000001d6d2fe0e60 1478       3       java.nio.Buffer$1::acquireScope (41 bytes)
Event: 2.488 Thread 0x000001d6d2fe0e60 nmethod 1478 0x000001d6b0ecff90 code [0x000001d6b0ed0180, 0x000001d6b0ed0778]
Event: 2.488 Thread 0x000001d6d2fe0e60 1479       3       sun.nio.ch.IOUtil::bufferAddress (10 bytes)
Event: 2.488 Thread 0x000001d6d2fe0e60 nmethod 1479 0x000001d6b0ed0990 code [0x000001d6b0ed0b20, 0x000001d6b0ed0c78]
Event: 2.488 Thread 0x000001d6d2fe0e60 1472       3       jdk.internal.loader.URLClassPath$JarLoader$2::<init> (31 bytes)
Event: 2.488 Thread 0x000001d6d2fe0e60 nmethod 1472 0x000001d6b0ed0d90 code [0x000001d6b0ed0f40, 0x000001d6b0ed12d8]
Event: 2.488 Thread 0x000001d6d2fe0e60 1470       1       java.util.zip.ZipEntry::getName (5 bytes)
Event: 2.488 Thread 0x000001d6d2fe0e60 nmethod 1470 0x000001d6b87dd310 code [0x000001d6b87dd4a0, 0x000001d6b87dd578]
Event: 2.497 Thread 0x000001d6d2fe0e60 1480       3       java.lang.invoke.MemberName::getType (19 bytes)
Event: 2.498 Thread 0x000001d6d2fe0e60 nmethod 1480 0x000001d6b0ed1410 code [0x000001d6b0ed15e0, 0x000001d6b0ed1998]
Event: 2.498 Thread 0x000001d6d2fe0e60 1481   !   3       jdk.internal.reflect.ReflectionFactory::checkInitted (100 bytes)
Event: 2.498 Thread 0x000001d6d2fe0e60 nmethod 1481 0x000001d6b0ed1b10 code [0x000001d6b0ed1e20, 0x000001d6b0ed2e88]
Event: 2.498 Thread 0x000001d6d2fe0e60 1482       3       java.lang.reflect.ReflectAccess::getRoot (5 bytes)
Event: 2.498 Thread 0x000001d6d2fe0e60 nmethod 1482 0x000001d6b0ed3310 code [0x000001d6b0ed34c0, 0x000001d6b0ed3688]
Event: 2.514 Thread 0x000001d6d2fe0e60 1483       3       jdk.internal.loader.NativeLibraries$NativeLibraryImpl::find (6 bytes)
Event: 2.515 Thread 0x000001d6d2fe0e60 nmethod 1483 0x000001d6b0ed3790 code [0x000001d6b0ed3920, 0x000001d6b0ed3a48]

GC Heap History (8 events):
Event: 1.288 GC heap before
{Heap before GC invocations=0 (full 0):
 garbage-first heap   total 524288K, used 24576K [0x0000000602400000, 0x0000000800000000)
  region size 4096K, 6 young (24576K), 0 survivors (0K)
 Metaspace       used 5641K, committed 5824K, reserved 1114112K
  class space    used 361K, committed 448K, reserved 1048576K
}
Event: 1.294 GC heap after
{Heap after GC invocations=1 (full 0):
 garbage-first heap   total 524288K, used 5010K [0x0000000602400000, 0x0000000800000000)
  region size 4096K, 1 young (4096K), 1 survivors (4096K)
 Metaspace       used 5641K, committed 5824K, reserved 1114112K
  class space    used 361K, committed 448K, reserved 1048576K
}
Event: 1.385 GC heap before
{Heap before GC invocations=1 (full 0):
 garbage-first heap   total 524288K, used 25490K [0x0000000602400000, 0x0000000800000000)
  region size 4096K, 6 young (24576K), 1 survivors (4096K)
 Metaspace       used 5671K, committed 5824K, reserved 1114112K
  class space    used 361K, committed 448K, reserved 1048576K
}
Event: 1.389 GC heap after
{Heap after GC invocations=2 (full 0):
 garbage-first heap   total 524288K, used 7333K [0x0000000602400000, 0x0000000800000000)
  region size 4096K, 1 young (4096K), 1 survivors (4096K)
 Metaspace       used 5671K, committed 5824K, reserved 1114112K
  class space    used 361K, committed 448K, reserved 1048576K
}
Event: 1.499 GC heap before
{Heap before GC invocations=2 (full 0):
 garbage-first heap   total 524288K, used 52389K [0x0000000602400000, 0x0000000800000000)
  region size 4096K, 12 young (49152K), 1 survivors (4096K)
 Metaspace       used 5684K, committed 5888K, reserved 1114112K
  class space    used 361K, committed 448K, reserved 1048576K
}
Event: 1.504 GC heap after
{Heap after GC invocations=3 (full 0):
 garbage-first heap   total 524288K, used 11689K [0x0000000602400000, 0x0000000800000000)
  region size 4096K, 2 young (8192K), 2 survivors (8192K)
 Metaspace       used 5684K, committed 5888K, reserved 1114112K
  class space    used 361K, committed 448K, reserved 1048576K
}
Event: 1.781 GC heap before
{Heap before GC invocations=3 (full 0):
 garbage-first heap   total 524288K, used 183721K [0x0000000602400000, 0x0000000800000000)
  region size 4096K, 44 young (180224K), 2 survivors (8192K)
 Metaspace       used 5688K, committed 5888K, reserved 1114112K
  class space    used 361K, committed 448K, reserved 1048576K
}
Event: 1.795 GC heap after
{Heap after GC invocations=4 (full 0):
 garbage-first heap   total 524288K, used 28139K [0x0000000602400000, 0x0000000800000000)
  region size 4096K, 6 young (24576K), 6 survivors (24576K)
 Metaspace       used 5688K, committed 5888K, reserved 1114112K
  class space    used 361K, committed 448K, reserved 1048576K
}

Dll operation events (10 events):
Event: 0.012 Loaded shared library C:\Users\Lasse\.jdks\corretto-17.0.7\bin\java.dll
Event: 0.026 Loaded shared library C:\Users\Lasse\.jdks\corretto-17.0.7\bin\jsvml.dll
Event: 0.137 Loaded shared library C:\Users\Lasse\.jdks\corretto-17.0.7\bin\net.dll
Event: 0.140 Loaded shared library C:\Users\Lasse\.jdks\corretto-17.0.7\bin\nio.dll
Event: 0.149 Loaded shared library C:\Users\Lasse\.jdks\corretto-17.0.7\bin\zip.dll
Event: 0.157 Loaded shared library C:\Users\Lasse\.jdks\corretto-17.0.7\bin\jimage.dll
Event: 0.503 Loaded shared library C:\Users\Lasse\AppData\Local\Temp\lwjgl_Lasse\3.3.2+13\x64\lwjgl.dll
Event: 1.001 Loaded shared library C:\Users\Lasse\AppData\Local\Temp\lwjgl_Lasse\3.3.2+13\x64\lwjgl_opengl.dll
Event: 1.157 Loaded shared library C:\Users\Lasse\.jdks\corretto-17.0.7\bin\verify.dll
Event: 2.484 Loaded shared library C:\Users\Lasse\AppData\Local\Temp\lwjgl_Lasse\3.3.2+13\x64\lwjgl_stb.dll

Deoptimization events (20 events):
Event: 2.231 Thread 0x000001d6a912f280 DEOPT PACKING pc=0x000001d6b87c9498 sp=0x000000a041fff190
Event: 2.231 Thread 0x000001d6a912f280 DEOPT UNPACKING pc=0x000001d6b81a69a3 sp=0x000000a041fff158 mode 2
Event: 2.273 Thread 0x000001d6a912f280 DEOPT PACKING pc=0x000001d6b0e85c97 sp=0x000000a041fff200
Event: 2.273 Thread 0x000001d6a912f280 DEOPT UNPACKING pc=0x000001d6b81a7143 sp=0x000000a041ffe6f0 mode 0
Event: 2.312 Thread 0x000001d6a912f280 DEOPT PACKING pc=0x000001d6b0e8ba2c sp=0x000000a041fff220
Event: 2.312 Thread 0x000001d6a912f280 DEOPT UNPACKING pc=0x000001d6b81a7143 sp=0x000000a041ffe6e8 mode 0
Event: 2.315 Thread 0x000001d6a912f280 Uncommon trap: trap_request=0xffffff45 fr.pc=0x000001d6b87d2eb0 relative=0x0000000000000310
Event: 2.315 Thread 0x000001d6a912f280 Uncommon trap: reason=unstable_if action=reinterpret pc=0x000001d6b87d2eb0 method=de.javagl.obj.ObjData.getVertices(Lde/javagl/obj/ReadableObj;Ljava/nio/FloatBuffer;)V @ 9 c2
Event: 2.315 Thread 0x000001d6a912f280 DEOPT PACKING pc=0x000001d6b87d2eb0 sp=0x000000a041fff210
Event: 2.315 Thread 0x000001d6a912f280 DEOPT UNPACKING pc=0x000001d6b81a69a3 sp=0x000000a041fff1e8 mode 2
Event: 2.443 Thread 0x000001d6a912f280 DEOPT PACKING pc=0x000001d6b0c87ec4 sp=0x000000a041ffddc0
Event: 2.443 Thread 0x000001d6a912f280 DEOPT UNPACKING pc=0x000001d6b81a7143 sp=0x000000a041ffd270 mode 0
Event: 2.451 Thread 0x000001d6a912f280 Uncommon trap: trap_request=0xffffff45 fr.pc=0x000001d6b878381c relative=0x000000000000009c
Event: 2.451 Thread 0x000001d6a912f280 Uncommon trap: reason=unstable_if action=reinterpret pc=0x000001d6b878381c method=java.lang.Integer.numberOfTrailingZeros(I)I @ 23 c2
Event: 2.451 Thread 0x000001d6a912f280 DEOPT PACKING pc=0x000001d6b878381c sp=0x000000a041ffe600
Event: 2.451 Thread 0x000001d6a912f280 DEOPT UNPACKING pc=0x000001d6b81a69a3 sp=0x000000a041ffe590 mode 2
Event: 2.476 Thread 0x000001d6a912f280 Uncommon trap: trap_request=0xffffff45 fr.pc=0x000001d6b87261ec relative=0x000000000000112c
Event: 2.476 Thread 0x000001d6a912f280 Uncommon trap: reason=unstable_if action=reinterpret pc=0x000001d6b87261ec method=java.io.WinNTFileSystem.isSlash(C)Z @ 9 c2
Event: 2.476 Thread 0x000001d6a912f280 DEOPT PACKING pc=0x000001d6b87261ec sp=0x000000a041ffd640
Event: 2.476 Thread 0x000001d6a912f280 DEOPT UNPACKING pc=0x000001d6b81a69a3 sp=0x000000a041ffd5a8 mode 2

Classes unloaded (0 events):
No events

Classes redefined (0 events):
No events

Internal exceptions (20 events):
Event: 0.610 Thread 0x000001d6a912f280 Exception <a 'java/lang/NoSuchMethodError'{0x00000006216a3598}: 'int java.lang.invoke.DirectMethodHandle$Holder.invokeStaticInit(java.lang.Object, java.lang.Object, int, long)'> (0x00000006216a3598) 
thrown [s\src\hotspot\share\interpreter\linkResolver.cpp, line 759]
Event: 0.612 Thread 0x000001d6a912f280 Exception <a 'java/lang/NoSuchMethodError'{0x00000006216a8e60}: 'java.lang.Object java.lang.invoke.DirectMethodHandle$Holder.newInvokeSpecial(java.lang.Object, java.lang.Object, int)'> (0x00000006216a8e60) 
thrown [s\src\hotspot\share\interpreter\linkResolver.cpp, line 759]
Event: 0.618 Thread 0x000001d6a912f280 Exception <a 'java/lang/NoSuchMethodError'{0x00000006216c4c68}: 'int java.lang.invoke.DirectMethodHandle$Holder.invokeStaticInit(java.lang.Object, java.lang.Object, long, long)'> (0x00000006216c4c68) 
thrown [s\src\hotspot\share\interpreter\linkResolver.cpp, line 759]
Event: 0.619 Thread 0x000001d6a912f280 Exception <a 'java/lang/NoSuchMethodError'{0x00000006216cad78}: 'java.lang.Object java.lang.invoke.DirectMethodHandle$Holder.newInvokeSpecial(java.lang.Object, java.lang.Object, long)'> (0x00000006216cad78) 
thrown [s\src\hotspot\share\interpreter\linkResolver.cpp, line 759]
Event: 0.619 Thread 0x000001d6a912f280 Exception <a 'java/lang/NoSuchMethodError'{0x00000006216cedc0}: 'java.lang.Object java.lang.invoke.Invokers$Holder.linkToTargetMethod(java.lang.Object, long, java.lang.Object)'> (0x00000006216cedc0) 
thrown [s\src\hotspot\share\interpreter\linkResolver.cpp, line 759]
Event: 0.620 Thread 0x000001d6a912f280 Exception <a 'java/lang/NoSuchMethodError'{0x00000006216d64d8}: 'int java.lang.invoke.DirectMethodHandle$Holder.invokeStaticInit(java.lang.Object, java.lang.Object, java.lang.Object, long)'> (0x00000006216d64d8) 
thrown [s\src\hotspot\share\interpreter\linkResolver.cpp, line 759]
Event: 0.647 Thread 0x000001d6a912f280 Exception <a 'sun/nio/fs/WindowsException'{0x0000000621016db8}> (0x0000000621016db8) 
thrown [s\src\hotspot\share\prims\jni.cpp, line 516]
Event: 0.647 Thread 0x000001d6a912f280 Exception <a 'sun/nio/fs/WindowsException'{0x0000000621017148}> (0x0000000621017148) 
thrown [s\src\hotspot\share\prims\jni.cpp, line 516]
Event: 0.689 Thread 0x000001d6a912f280 Exception <a 'sun/nio/fs/WindowsException'{0x000000062110f2b0}> (0x000000062110f2b0) 
thrown [s\src\hotspot\share\prims\jni.cpp, line 516]
Event: 0.689 Thread 0x000001d6a912f280 Exception <a 'sun/nio/fs/WindowsException'{0x000000062110f610}> (0x000000062110f610) 
thrown [s\src\hotspot\share\prims\jni.cpp, line 516]
Event: 0.913 Thread 0x000001d6a912f280 Exception <a 'java/lang/NoSuchMethodError'{0x000000062113c340}: 'void java.lang.invoke.DirectMethodHandle$Holder.invokeStatic(java.lang.Object, long, int, int)'> (0x000000062113c340) 
thrown [s\src\hotspot\share\interpreter\linkResolver.cpp, line 759]
Event: 0.998 Thread 0x000001d6a912f280 Exception <a 'sun/nio/fs/WindowsException'{0x0000000621189b10}> (0x0000000621189b10) 
thrown [s\src\hotspot\share\prims\jni.cpp, line 516]
Event: 0.998 Thread 0x000001d6a912f280 Exception <a 'sun/nio/fs/WindowsException'{0x0000000621189eb8}> (0x0000000621189eb8) 
thrown [s\src\hotspot\share\prims\jni.cpp, line 516]
Event: 1.007 Thread 0x000001d6a912f280 Exception <a 'sun/nio/fs/WindowsException'{0x00000006211a0580}> (0x00000006211a0580) 
thrown [s\src\hotspot\share\prims\jni.cpp, line 516]
Event: 1.007 Thread 0x000001d6a912f280 Exception <a 'sun/nio/fs/WindowsException'{0x00000006211a0860}> (0x00000006211a0860) 
thrown [s\src\hotspot\share\prims\jni.cpp, line 516]
Event: 1.172 Thread 0x000001d6a912f280 Exception <a 'java/lang/NoSuchMethodError'{0x00000006213d4af8}: 'java.lang.Object java.lang.invoke.DirectMethodHandle$Holder.newInvokeSpecial(java.lang.Object, java.lang.Object, int, int)'> (0x00000006213d4af8) 
thrown [s\src\hotspot\share\interpreter\linkResolver.cpp, line 759]
Event: 1.909 Thread 0x000001d6a912f280 Implicit null exception at 0x000001d6b871398f to 0x000001d6b8713d94
Event: 2.472 Thread 0x000001d6a912f280 Exception <a 'java/lang/NoSuchMethodError'{0x0000000614478b78}: 'java.lang.Object java.lang.invoke.DirectMethodHandle$Holder.invokeStatic(java.lang.Object, int, java.lang.Object)'> (0x0000000614478b78) 
thrown [s\src\hotspot\share\interpreter\linkResolver.cpp, line 759]
Event: 2.482 Thread 0x000001d6a912f280 Exception <a 'sun/nio/fs/WindowsException'{0x00000006144b5298}> (0x00000006144b5298) 
thrown [s\src\hotspot\share\prims\jni.cpp, line 516]
Event: 2.483 Thread 0x000001d6a912f280 Exception <a 'sun/nio/fs/WindowsException'{0x00000006144b5618}> (0x00000006144b5618) 
thrown [s\src\hotspot\share\prims\jni.cpp, line 516]

VM Operations (20 events):
Event: 0.205 Executing VM operation: HandshakeAllThreads
Event: 0.205 Executing VM operation: HandshakeAllThreads done
Event: 0.210 Executing VM operation: HandshakeAllThreads
Event: 0.210 Executing VM operation: HandshakeAllThreads done
Event: 0.449 Executing VM operation: HandshakeAllThreads
Event: 0.449 Executing VM operation: HandshakeAllThreads done
Event: 0.491 Executing VM operation: HandshakeAllThreads
Event: 0.492 Executing VM operation: HandshakeAllThreads done
Event: 0.553 Executing VM operation: HandshakeAllThreads
Event: 0.553 Executing VM operation: HandshakeAllThreads done
Event: 1.288 Executing VM operation: G1CollectForAllocation
Event: 1.294 Executing VM operation: G1CollectForAllocation done
Event: 1.385 Executing VM operation: G1CollectForAllocation
Event: 1.389 Executing VM operation: G1CollectForAllocation done
Event: 1.499 Executing VM operation: G1CollectForAllocation
Event: 1.504 Executing VM operation: G1CollectForAllocation done
Event: 1.781 Executing VM operation: G1CollectForAllocation
Event: 1.795 Executing VM operation: G1CollectForAllocation done
Event: 2.023 Executing VM operation: HandshakeAllThreads
Event: 2.023 Executing VM operation: HandshakeAllThreads done

Events (20 events):
Event: 1.259 loading class sun/nio/cs/US_ASCII$Decoder
Event: 1.259 loading class sun/nio/cs/US_ASCII$Decoder done
Event: 1.260 loading class jdk/internal/math/FDBigInteger
Event: 1.261 loading class jdk/internal/math/FDBigInteger done
Event: 1.309 Thread 0x000001d6db4dcca0 Thread added: 0x000001d6db4dcca0
Event: 2.449 loading class java/util/zip/CheckedInputStream
Event: 2.449 loading class java/util/zip/CheckedInputStream done
Event: 2.449 loading class java/nio/file/FileVisitor
Event: 2.449 loading class java/nio/file/FileVisitor done
Event: 2.450 loading class java/io/FileFilter
Event: 2.450 loading class java/io/FileFilter done
Event: 2.450 loading class java/io/FilenameFilter
Event: 2.450 loading class java/io/FilenameFilter done
Event: 2.451 loading class java/util/Collections$UnmodifiableSortedMap
Event: 2.451 loading class java/util/Collections$UnmodifiableSortedMap done
Event: 2.454 loading class java/io/CharArrayWriter
Event: 2.455 loading class java/io/CharArrayWriter done
Event: 2.457 loading class java/io/EOFException
Event: 2.457 loading class java/io/EOFException done
Event: 2.514 Thread 0x000001d6db4dcca0 Thread exited: 0x000001d6db4dcca0


Dynamic libraries:
0x00007ff6297c0000 - 0x00007ff6297cd000 	C:\Users\Lasse\.jdks\corretto-17.0.7\bin\java.exe
0x00007fffcf4b0000 - 0x00007fffcf6c4000 	C:\WINDOWS\SYSTEM32\ntdll.dll
0x00007fffce750000 - 0x00007fffce812000 	C:\WINDOWS\System32\KERNEL32.DLL
0x00007fffccbd0000 - 0x00007fffccf73000 	C:\WINDOWS\System32\KERNELBASE.dll
0x00007fffcc920000 - 0x00007fffcca31000 	C:\WINDOWS\System32\ucrtbase.dll
0x00007fffa5b20000 - 0x00007fffa5b35000 	C:\Users\Lasse\.jdks\corretto-17.0.7\bin\VCRUNTIME140.dll
0x00007fffa6730000 - 0x00007fffa6747000 	C:\Users\Lasse\.jdks\corretto-17.0.7\bin\jli.dll
0x00007fffce330000 - 0x00007fffce4db000 	C:\WINDOWS\System32\USER32.dll
0x00007fffccba0000 - 0x00007fffccbc6000 	C:\WINDOWS\System32\win32u.dll
0x00007fffb9050000 - 0x00007fffb92df000 	C:\WINDOWS\WinSxS\amd64_microsoft.windows.common-controls_6595b64144ccf1df_6.0.23440.1000_none_ea9d9c8aff8af3e2\COMCTL32.dll
0x00007fffcde00000 - 0x00007fffcde29000 	C:\WINDOWS\System32\GDI32.dll
0x00007fffccf80000 - 0x00007fffcd093000 	C:\WINDOWS\System32\gdi32full.dll
0x00007fffcf1e0000 - 0x00007fffcf287000 	C:\WINDOWS\System32\msvcrt.dll
0x00007fffcca40000 - 0x00007fffccada000 	C:\WINDOWS\System32\msvcp_win.dll
0x00007fffcd370000 - 0x00007fffcd3a1000 	C:\WINDOWS\System32\IMM32.DLL
0x00007fffa4c20000 - 0x00007fffa4cbb000 	C:\Users\Lasse\.jdks\corretto-17.0.7\bin\msvcp140.dll
0x00007fff3fef0000 - 0x00007fff40b0a000 	C:\Users\Lasse\.jdks\corretto-17.0.7\bin\server\jvm.dll
0x00007fffcf3c0000 - 0x00007fffcf46e000 	C:\WINDOWS\System32\ADVAPI32.dll
0x00007fffce500000 - 0x00007fffce5a4000 	C:\WINDOWS\System32\sechost.dll
0x00007fffce8e0000 - 0x00007fffce9f5000 	C:\WINDOWS\System32\RPCRT4.dll
0x00007fffca4e0000 - 0x00007fffca4e9000 	C:\WINDOWS\SYSTEM32\WSOCK32.dll
0x00007fffc5e30000 - 0x00007fffc5e64000 	C:\WINDOWS\SYSTEM32\WINMM.dll
0x00007fffcdc80000 - 0x00007fffcdcf1000 	C:\WINDOWS\System32\WS2_32.dll
0x00007fffc4d80000 - 0x00007fffc4d8a000 	C:\WINDOWS\SYSTEM32\VERSION.dll
0x00007fffcb9f0000 - 0x00007fffcba08000 	C:\WINDOWS\SYSTEM32\kernel.appcore.dll
0x00007fffa6720000 - 0x00007fffa672a000 	C:\Users\Lasse\.jdks\corretto-17.0.7\bin\jimage.dll
0x00007fffca290000 - 0x00007fffca4be000 	C:\WINDOWS\SYSTEM32\DBGHELP.DLL
0x00007fffcdee0000 - 0x00007fffce269000 	C:\WINDOWS\System32\combase.dll
0x00007fffcd290000 - 0x00007fffcd367000 	C:\WINDOWS\System32\OLEAUT32.dll
0x00007fffb4500000 - 0x00007fffb4532000 	C:\WINDOWS\SYSTEM32\dbgcore.DLL
0x00007fffcc8a0000 - 0x00007fffcc91b000 	C:\WINDOWS\System32\bcryptPrimitives.dll
0x00007fffa4e40000 - 0x00007fffa4e65000 	C:\Users\Lasse\.jdks\corretto-17.0.7\bin\java.dll
0x00007fffa4b40000 - 0x00007fffa4c16000 	C:\Users\Lasse\.jdks\corretto-17.0.7\bin\jsvml.dll
0x00007fffcd3b0000 - 0x00007fffcdbca000 	C:\WINDOWS\System32\SHELL32.dll
0x00007fffca8b0000 - 0x00007fffcb196000 	C:\WINDOWS\SYSTEM32\windows.storage.dll
0x00007fffca770000 - 0x00007fffca8ae000 	C:\WINDOWS\SYSTEM32\wintypes.dll
0x00007fffcea00000 - 0x00007fffceaf3000 	C:\WINDOWS\System32\SHCORE.dll
0x00007fffcdc20000 - 0x00007fffcdc7e000 	C:\WINDOWS\System32\shlwapi.dll
0x00007fffcc7d0000 - 0x00007fffcc7f1000 	C:\WINDOWS\SYSTEM32\profapi.dll
0x00007fffa4e20000 - 0x00007fffa4e39000 	C:\Users\Lasse\.jdks\corretto-17.0.7\bin\net.dll
0x00007fffc4520000 - 0x00007fffc4657000 	C:\WINDOWS\SYSTEM32\WINHTTP.dll
0x00007fffcbe60000 - 0x00007fffcbec9000 	C:\WINDOWS\system32\mswsock.dll
0x00007fffa4cf0000 - 0x00007fffa4d05000 	C:\Users\Lasse\.jdks\corretto-17.0.7\bin\nio.dll
0x00007fffa4b20000 - 0x00007fffa4b38000 	C:\Users\Lasse\.jdks\corretto-17.0.7\bin\zip.dll
0x00007fffa5f70000 - 0x00007fffa5fea000 	C:\Users\Lasse\AppData\Local\Temp\lwjgl_Lasse\3.3.2+13\x64\lwjgl.dll
0x00007fff69fa0000 - 0x00007fff6a210000 	C:\Users\Lasse\AppData\Local\Temp\lwjgl_Lasse\3.3.2+13\x64\jemalloc.dll
0x00007fffa5510000 - 0x00007fffa5592000 	C:\Users\Lasse\AppData\Local\Temp\lwjgl_Lasse\3.3.2+13\x64\glfw.dll
0x00007fffaeca0000 - 0x00007fffaece6000 	C:\WINDOWS\SYSTEM32\dinput8.dll
0x00007fffc7b70000 - 0x00007fffc7b81000 	C:\WINDOWS\SYSTEM32\xinput1_4.dll
0x00007fffcc590000 - 0x00007fffcc5de000 	C:\WINDOWS\SYSTEM32\cfgmgr32.dll
0x00007fffcc560000 - 0x00007fffcc58c000 	C:\WINDOWS\SYSTEM32\DEVOBJ.dll
0x00007fffc9480000 - 0x00007fffc94ab000 	C:\WINDOWS\SYSTEM32\dwmapi.dll
0x00007fffc2bc0000 - 0x00007fffc2dca000 	C:\WINDOWS\SYSTEM32\inputhost.dll
0x00007fffc8cb0000 - 0x00007fffc8de3000 	C:\WINDOWS\SYSTEM32\CoreMessaging.dll
0x00007fffc91f0000 - 0x00007fffc929b000 	C:\WINDOWS\system32\uxtheme.dll
0x00007fff86320000 - 0x00007fff865ce000 	C:\Program Files\NVIDIA Corporation\nview\nViewH64.dll
0x00007fffce5b0000 - 0x00007fffce74c000 	C:\WINDOWS\System32\ole32.dll
0x00007fffb7b00000 - 0x00007fffb7cb9000 	C:\WINDOWS\WinSxS\amd64_microsoft.windows.gdiplus_6595b64144ccf1df_1.1.23440.1000_none_1b888f705a1d6db0\gdiplus.dll
0x00007fffcc0d0000 - 0x00007fffcc0dc000 	C:\WINDOWS\SYSTEM32\CRYPTBASE.DLL
0x00007fffcba10000 - 0x00007fffcba44000 	C:\WINDOWS\SYSTEM32\ntmarta.dll
0x00007fffcf290000 - 0x00007fffcf3b2000 	C:\WINDOWS\System32\MSCTF.dll
0x00007fff99160000 - 0x00007fff99260000 	C:\WINDOWS\SYSTEM32\opengl32.dll
0x00007fff99e20000 - 0x00007fff99e4d000 	C:\WINDOWS\SYSTEM32\GLU32.dll
0x00007fffc9cb0000 - 0x00007fffc9ce6000 	C:\WINDOWS\SYSTEM32\dxcore.dll
0x00007fffc5e70000 - 0x00007fffc5eb8000 	C:\WINDOWS\SYSTEM32\directxdatabasehelper.dll
0x00007fffcde30000 - 0x00007fffcdee0000 	C:\WINDOWS\System32\clbcatq.dll
0x00007fff34660000 - 0x00007fff35624000 	C:\WINDOWS\System32\DriverStore\FileRepository\iigd_dch.inf_amd64_91e2144e79bce669\ig9icd64.dll
0x00007fffc9370000 - 0x00007fffc9466000 	C:\WINDOWS\system32\dxgi.dll
0x00007fff694d0000 - 0x00007fff6990c000 	C:\WINDOWS\System32\DriverStore\FileRepository\iigd_dch.inf_amd64_91e2144e79bce669\igdml64.dll
0x00007fffc2610000 - 0x00007fffc2946000 	C:\WINDOWS\System32\DriverStore\FileRepository\iigd_dch.inf_amd64_91e2144e79bce669\igdgmm64.dll
0x00007fffbd870000 - 0x00007fffc05ff000 	C:\WINDOWS\System32\DriverStore\FileRepository\iigd_dch.inf_amd64_91e2144e79bce669\igc64.dll
0x00007fffcb7c0000 - 0x00007fffcb80d000 	C:\WINDOWS\SYSTEM32\powrprof.dll
0x00007fffcb7a0000 - 0x00007fffcb7b3000 	C:\WINDOWS\SYSTEM32\UMPDC.dll
0x00007fffae9e0000 - 0x00007fffaea85000 	C:\Windows\System32\OneCoreCommonProxyStub.dll
0x00007fffc2eb0000 - 0x00007fffc34d9000 	C:\Windows\System32\OneCoreUAPCommonProxyStub.dll
0x00007fffc3840000 - 0x00007fffc38bf000 	C:\Windows\System32\ActXPrxy.dll
0x00007fffc3ae0000 - 0x00007fffc3c27000 	C:\WINDOWS\SYSTEM32\textinputframework.dll
0x00007fffc5490000 - 0x00007fffc57fc000 	C:\WINDOWS\SYSTEM32\CoreUIComponents.dll
0x00007fff95cd0000 - 0x00007fff95d2e000 	C:\Users\Lasse\AppData\Local\Temp\lwjgl_Lasse\3.3.2+13\x64\lwjgl_opengl.dll
0x00007fffa4b10000 - 0x00007fffa4b20000 	C:\Users\Lasse\.jdks\corretto-17.0.7\bin\verify.dll
0x00007fff804e0000 - 0x00007fff80562000 	C:\Users\Lasse\AppData\Local\Temp\lwjgl_Lasse\3.3.2+13\x64\lwjgl_stb.dll

dbghelp: loaded successfully - version: 4.0.5 - missing functions: none
symbol engine: initialized successfully - sym options: 0x614 - pdb path: .;C:\Users\Lasse\.jdks\corretto-17.0.7\bin;C:\WINDOWS\SYSTEM32;C:\WINDOWS\WinSxS\amd64_microsoft.windows.common-controls_6595b64144ccf1df_6.0.23440.1000_none_ea9d9c8aff8af3e2;C:\Users\Lasse\.jdks\corretto-17.0.7\bin\server;C:\Users\Lasse\AppData\Local\Temp\lwjgl_Lasse\3.3.2+13\x64;C:\Program Files\NVIDIA Corporation\nview;C:\WINDOWS\WinSxS\amd64_microsoft.windows.gdiplus_6595b64144ccf1df_1.1.23440.1000_none_1b888f705a1d6db0;C:\WINDOWS\System32\DriverStore\FileRepository\iigd_dch.inf_amd64_91e2144e79bce669

VM Arguments:
jvm_args: -Dfile.encoding=windows-1252 -Duser.country=US -Duser.language=en -Duser.variant 
java_command: org.app.core.scene.SceneTest
java_class_path (initial): D:\dev\javaengine2\build\classes\java\main;D:\dev\javaengine2\build\resources\main;C:\Users\Lasse\.gradle\caches\modules-2\files-2.1\kotlin.graphics\glm\0.9.9.1-7\7112415fddb198a2e75bf6f013a97dbd947732e4\glm-0.9.9.1-7.jar;C:\Users\Lasse\.gradle\caches\modules-2\files-2.1\org.lwjgl\lwjgl-assimp\3.3.2\e5238c13abef6b0fd6e1b4320d3c8cd0c10bfe61\lwjgl-assimp-3.3.2.jar;C:\Users\Lasse\.gradle\caches\modules-2\files-2.1\org.lwjgl\lwjgl-assimp\3.3.2\54edbc8767bde24b73187c229dbd552228230c8a\lwjgl-assimp-3.3.2-natives-windows.jar;C:\Users\Lasse\.gradle\caches\modules-2\files-2.1\org.lwjgl\lwjgl-bgfx\3.3.2\d42de3985faa0e51211735c283de80425ddce2ac\lwjgl-bgfx-3.3.2.jar;C:\Users\Lasse\.gradle\caches\modules-2\files-2.1\org.lwjgl\lwjgl-bgfx\3.3.2\bf0186f7b012cab330388f2bd338c417f346337d\lwjgl-bgfx-3.3.2-natives-windows.jar;C:\Users\Lasse\.gradle\caches\modules-2\files-2.1\org.lwjgl\lwjgl-cuda\3.3.2\392c82a699c7fa8cae3c4a29483a2e2ba77e435a\lwjgl-cuda-3.3.2.jar;C:\Users\Lasse\.gradle\caches\modules-2\files-2.1\org.lwjgl\lwjgl-egl\3.3.2\c427694a0b5974a3e434a0c2a51c7f9a3d0e9169\lwjgl-egl-3.3.2.jar;C:\Users\Lasse\.gradle\caches\modules-2\files-2.1\org.lwjgl\lwjgl-fmod\3.3.2\ff0264fb4f442da02b269cc4bcba2979b9e2cdee\lwjgl-fmod-3.3.2.jar;C:\Users\Lasse\.gradle\caches\modules-2\files-2.1\org.lwjgl\lwjgl-freetype\3.3.2\4432335260047128efe750f40c07514826cc4e48\lwjgl-freetype-3.3.2.jar;C:\Users\Lasse\.gradle\caches\modules-2\files-2.1\org.lwjgl\lwjgl-freetype\3.3.2\1e4acf1331dded3b4386fb7c3505c49c587f4f42\lwjgl-freetype-3.3.2-natives-windows.jar;C:\Users\Lasse\.gradle\caches\modules-2\files-2.1\org.lwjgl\lwjgl-glfw\3.3.2\757920418805fb90bfebb3d46b1d9e7669fca2eb\lwjgl-glfw-3.3.2.jar;C:\Users\Lasse\.gradle\caches\modules-2\files-2.1\org.lwjgl\lwjgl-glfw\3.3.2\1251e3cb7e5d6159334cfb9244f789ce992f03b\lwjgl-glfw-3.3.2-natives-windows.jar;C:\Users\Lasse\.gradle\caches\modules-2\files-2.1\org.lwjgl\lwjgl-glfw\3.3.2\766bb0e8e829598b1c8052fd8173c62af741c52\lwjgl-glfw-3.3.2-n
Launcher Type: SUN_STANDARD

[Global flags]
     intx CICompilerCount                          = 4                                         {product} {ergonomic}
     uint ConcGCThreads                            = 2                                         {product} {ergonomic}
     uint G1ConcRefinementThreads                  = 8                                         {product} {ergonomic}
   size_t G1HeapRegionSize                         = 4194304                                   {product} {ergonomic}
    uintx GCDrainStackTargetSize                   = 64                                        {product} {ergonomic}
   size_t InitialHeapSize                          = 536870912                                 {product} {ergonomic}
   size_t MarkStackSize                            = 4194304                                   {product} {ergonomic}
   size_t MaxHeapSize                              = 8552185856                                {product} {ergonomic}
   size_t MaxNewSize                               = 5129633792                                {product} {ergonomic}
   size_t MinHeapDeltaBytes                        = 4194304                                   {product} {ergonomic}
   size_t MinHeapSize                              = 8388608                                   {product} {ergonomic}
    uintx NonNMethodCodeHeapSize                   = 5839372                                {pd product} {ergonomic}
    uintx NonProfiledCodeHeapSize                  = 122909434                              {pd product} {ergonomic}
    uintx ProfiledCodeHeapSize                     = 122909434                              {pd product} {ergonomic}
    uintx ReservedCodeCacheSize                    = 251658240                              {pd product} {ergonomic}
     bool SegmentedCodeCache                       = true                                      {product} {ergonomic}
   size_t SoftMaxHeapSize                          = 8552185856                             {manageable} {ergonomic}
     bool UseCompressedClassPointers               = true                           {product lp64_product} {ergonomic}
     bool UseCompressedOops                        = true                           {product lp64_product} {ergonomic}
     bool UseG1GC                                  = true                                      {product} {ergonomic}
     bool UseLargePagesIndividualAllocation        = false                                  {pd product} {ergonomic}

Logging:
Log output configuration:
 #0: stdout all=warning uptime,level,tags
 #1: stderr all=off uptime,level,tags

Environment Variables:
JAVA_HOME=C:\Users\Lasse\.jdks\jdk-18.0.2\bin
PATH=C:\VulkanSDK\1.3.224.1\Bin;D:\VulkanSDK\1.3.204.1\Bin;C:\Users\Lasse\.jdks\jdk-18.0.2\bin;C:\Windows\system32;C:\Windows;C:\Windows\System32\Wbem;C:\Windows\System32\WindowsPowerShell\v1.0\;C:\Windows\System32\OpenSSH\;C:\Program Files (x86)\NVIDIA Corporation\PhysX\Common;C:\Program Files (x86)\Intel\Intel(R) Management Engine Components\DAL;C:\Program Files\Intel\Intel(R) Management Engine Components\DAL;C:\Program Files\VSCodium\bin;C:\Program Files\dotnet\;C:\Program Files\Git\cmd;C:\WINDOWS\system32;C:\WINDOWS;C:\WINDOWS\System32\Wbem;C:\WINDOWS\System32\WindowsPowerShell\v1.0\;C:\WINDOWS\System32\OpenSSH\;C:\Program Files\Microsoft SQL Server\150\Tools\Binn\;C:\Program Files\Microsoft SQL Server\Client SDK\ODBC\170\Tools\Binn\;C:\Users\Lasse\AppData\Local\atom\atom.exe;D:\Visual Studio\Community 2022\Msbuild\Current\Bin;D:\Visual Studio\Community 2022\Common7\IDE\CommonExtensions\Microsoft\CMake\CMake\bin;C:\Program Files\PowerShell\7\;C:\WINDOWS\system32;C:\WINDOWS;C:\WINDOWS\System32\Wbem;C:\WINDOWS\System32\WindowsPowerShell\v1.0\;C:\WINDOWS\System32\OpenSSH\;C:\Users\Lasse\AppData\Local\Programs\Python\Python311\Scripts;C:\Program Files\mingw64\bin;C:\Program Files\zig;C:\Users\Lasse\AppData\Local\Programs\Pulsar;C:\Program Files\MySQL\MySQL Shell 8.0\bin\;C:\Program Files (x86)\GNU Arm Embedded Toolchain\10 2021.10\bin;C:\Ruby31-x64\bin;C:\Users\Lasse\AppData\Local\Microsoft\WindowsApps;C:\Users\Lasse\.dotnet\tools;C:\Users\Lasse\AppData\Local\gitkraken\bin;C:\Users\Lasse\AppData\Local\Programs\VSCodium\bin;C:\Users\Lasse\AppData\Local\atom\bin;C:\Users\Lasse\AppData\Local\Microsoft\WindowsApps;C:\Users\Lasse\AppData\Local\Programs\Microsoft VS Code\bin;C:\Users\Lasse\AppData\Local\Programs\oh-my-posh\bin;C:\Users\Lasse\AppData\Local\Microsoft\WinGet\Links;C:\Users\Lasse\AppData\Local\Programs\MiKTeX\miktex\bin\x64\
USERNAME=Lasse
OS=Windows_NT
PROCESSOR_IDENTIFIER=Intel64 Family 6 Model 94 Stepping 3, GenuineIntel
TMP=C:\Users\Lasse\AppData\Local\Temp
TEMP=C:\Users\Lasse\AppData\Local\Temp



---------------  S Y S T E M  ---------------

OS:
 Windows 11 , 64 bit Build 23440 (10.0.23440.1000)
OS uptime: 0 days 0:51 hours

CPU: total 8 (initial active 8) (4 cores per cpu, 2 threads per core) family 6 model 94 stepping 3 microcode 0xf0, cx8, cmov, fxsr, ht, mmx, 3dnowpref, sse, sse2, sse3, ssse3, sse4.1, sse4.2, popcnt, lzcnt, tsc, tscinvbit, avx, avx2, aes, erms, clmul, bmi1, bmi2, rtm, adx, fma, vzeroupper, clflush, clflushopt

Memory: 4k page, system-wide physical 32615M (22060M free)
TotalPageFile size 37479M (AvailPageFile size 26711M)
current process WorkingSet (physical memory assigned to process): 386M, peak: 386M
current process commit charge ("private bytes"): 696M, peak: 696M

vm_info: OpenJDK 64-Bit Server VM (17.0.7+7-LTS) for windows-amd64 JRE (17.0.7+7-LTS), built on Apr 14 2023 01:39:21 by "Administrator" with MS VC++ 15.9 (VS2017)

END.
