#
# A fatal error has been detected by the Java Runtime Environment:
#
#  EXCEPTION_ACCESS_VIOLATION (0xc0000005) at pc=0x00007ffb2218ed8c, pid=7816, tid=23336
#
# JRE version: OpenJDK Runtime Environment Corretto-17.0.7.7.1 (17.0.7+7) (build 17.0.7+7-LTS)
# Java VM: OpenJDK 64-Bit Server VM Corretto-17.0.7.7.1 (17.0.7+7-LTS, mixed mode, sharing, tiered, compressed oops, compressed class ptrs, g1 gc, windows-amd64)
# Problematic frame:
# C  [ig9icd64.dll+0x7ed8c]
#
# No core dump will be written. Minidumps are not enabled by default on client versions of Windows
#
# If you would like to submit a bug report, please visit:
#   https://github.com/corretto/corretto-17/issues/
# The crash happened outside the Java Virtual Machine in native code.
# See problematic frame for where to report the bug.
#

---------------  S U M M A R Y ------------

Command Line: -Dfile.encoding=windows-1252 -Duser.country=US -Duser.language=en -Duser.variant org.app.core.RenderingTest

Host: Intel(R) Xeon(R) CPU E3-1505M v5 @ 2.80GHz, 8 cores, 31G,  Windows 11 , 64 bit Build 23440 (10.0.23440.1000)
Time: Mon Jun 19 11:43:34 2023 Mitteleuropäische Sommerzeit elapsed time: 1.224552 seconds (0d 0h 0m 1s)

---------------  T H R E A D  ---------------

Current thread (0x000001915c50bba0):  JavaThread "main" [_thread_in_native, id=23336, stack(0x0000001b9d200000,0x0000001b9d300000)]

Stack: [0x0000001b9d200000,0x0000001b9d300000],  sp=0x0000001b9d2fe870,  free space=1018k
Native frames: (J=compiled Java code, j=interpreted, Vv=VM code, C=native code)
C  [ig9icd64.dll+0x7ed8c]

Java frames: (J=compiled Java code, j=interpreted, Vv=VM code)
j  org.lwjgl.opengl.GL11C.nglTexImage2D(IIIIIIIIJ)V+0
j  org.lwjgl.opengl.GL11C.glTexImage2D(IIIIIIIILjava/nio/ByteBuffer;)V+17
j  org.lwjgl.opengl.GL11.glTexImage2D(IIIIIIIILjava/nio/ByteBuffer;)V+14
j  org.app.core.data.Texture.generate(Z)V+90
j  org.app.core.data.Material.compile()V+43
j  org.app.core.RenderingTest.main([Ljava/lang/String;)V+4019
v  ~StubRoutines::call_stub

siginfo: EXCEPTION_ACCESS_VIOLATION (0xc0000005), reading address 0x0000019118241000


Register to memory mapping:

RIP=0x00007ffb2218ed8c ig9icd64.dll
RAX=0x0000000000000007 is an unknown value
RBX=0x0000019113232dc0 points into unknown readable memory: 0x0000000000000000 | 00 00 00 00 00 00 00 00
RCX=0x0 is NULL
RDX=0x0000019118240fe0 points into unknown readable memory: 0x0000000000000000 | 00 00 00 00 00 00 00 00
RSP=0x0000001b9d2fe870 is pointing into the stack for thread: 0x000001915c50bba0
RBP=0x0000001b9d2fe9a0 is pointing into the stack for thread: 0x000001915c50bba0
RSI=0x000000000000003b is an unknown value
RDI=0x0000019113233140 points into unknown readable memory: 0x0000000000000000 | 00 00 00 00 00 00 00 00
R8 =0x00000000000004a0 is an unknown value
R9 =0x0000000000000009 is an unknown value
R10=0x0000000000000008 is an unknown value
R11=0x00000000000004a0 is an unknown value
R12=0x00000000000001c1 is an unknown value
R13=0x00000191131d0000 points into unknown readable memory: 0x0000000000000000 | 00 00 00 00 00 00 00 00
R14=0x00000000000004a0 is an unknown value
R15=0x00007ffb22110000 ig9icd64.dll


Registers:
RAX=0x0000000000000007, RBX=0x0000019113232dc0, RCX=0x0000000000000000, RDX=0x0000019118240fe0
RSP=0x0000001b9d2fe870, RBP=0x0000001b9d2fe9a0, RSI=0x000000000000003b, RDI=0x0000019113233140
R8 =0x00000000000004a0, R9 =0x0000000000000009, R10=0x0000000000000008, R11=0x00000000000004a0
R12=0x00000000000001c1, R13=0x00000191131d0000, R14=0x00000000000004a0, R15=0x00007ffb22110000
RIP=0x00007ffb2218ed8c, EFLAGS=0x0000000000010203

Top of Stack: (sp=0x0000001b9d2fe870)
0x0000001b9d2fe870:   0000000000000000 0000000000000000
0x0000001b9d2fe880:   0000000000000000 0000000000000000
0x0000001b9d2fe890:   0000019118240c60 00007ffb22ab4590
0x0000001b9d2fe8a0:   0000000000000001 0000001b9d2fe9a0
0x0000001b9d2fe8b0:   0000000000000000 0000000000000000
0x0000001b9d2fe8c0:   0000000000000049 0000019100000001
0x0000001b9d2fe8d0:   00000191181e0840 000001910eb7ae00
0x0000001b9d2fe8e0:   0000000000000000 0000000000000000
0x0000001b9d2fe8f0:   00007ffb22dd5870 000001910f590000
0x0000001b9d2fe900:   0000018900000128 0000004900000000
0x0000001b9d2fe910:   000004a000000004 00000191181e0840
0x0000001b9d2fe920:   000000040f5c0049 00007ffb000004c0
0x0000001b9d2fe930:   00000191131d0000 0000001b9d2fe9b0
0x0000001b9d2fe940:   0000000000000189 0000001b9d2fe9b0
0x0000001b9d2fe950:   0000001b9d2fea10 000001910e819c50
0x0000001b9d2fe960:   000001910f5c4900 000001910f84da00 

Instructions: (pc=0x00007ffb2218ed8c)
0x00007ffb2218ec8c:   00 66 0f 64 c8 f3 0f 6f 02 49 03 d1 66 0f f7 c1
0x00007ffb2218ec9c:   49 03 f9 41 8b c1 44 8b d1 4c 2b c0 0f 29 74 24
0x00007ffb2218ecac:   10 4d 8b c8 0f 29 3c 24 49 c1 e9 07 f6 c2 0f 0f
0x00007ffb2218ecbc:   84 af 00 00 00 4d 85 c9 74 6b 66 66 0f 1f 84 00
0x00007ffb2218eccc:   00 00 00 00 f3 0f 6f 02 41 ff c2 f3 0f 6f 4a 10
0x00007ffb2218ecdc:   41 8b c2 f3 0f 6f 52 20 f3 0f 6f 5a 30 f3 0f 6f
0x00007ffb2218ecec:   62 40 f3 0f 6f 6a 50 f3 0f 6f 72 60 f3 0f 6f 7a
0x00007ffb2218ecfc:   70 66 0f e7 07 66 0f e7 4f 10 66 0f e7 57 20 66
0x00007ffb2218ed0c:   0f e7 5f 30 66 0f e7 67 40 66 0f e7 6f 50 66 0f
0x00007ffb2218ed1c:   e7 77 60 66 0f e7 7f 70 48 83 ef 80 48 83 ea 80
0x00007ffb2218ed2c:   49 3b c1 72 9f 41 83 e0 7f 0f 84 e0 00 00 00 45
0x00007ffb2218ed3c:   8b d0 44 8b c9 49 c1 ea 04 4d 85 d2 0f 84 cd 00
0x00007ffb2218ed4c:   00 00 66 90 f3 0f 6f 02 41 ff c1 48 83 c2 10 41
0x00007ffb2218ed5c:   8b c1 66 0f e7 07 48 83 c7 10 49 3b c2 72 e5 e9
0x00007ffb2218ed6c:   ab 00 00 00 4d 85 c9 74 6c 66 66 66 0f 1f 84 00
0x00007ffb2218ed7c:   00 00 00 00 f3 0f 6f 02 41 ff c2 f3 0f 6f 4a 10
0x00007ffb2218ed8c:   f3 0f 6f 52 20 f3 0f 6f 5a 30 f3 0f 6f 62 40 f3
0x00007ffb2218ed9c:   0f 6f 6a 50 f3 0f 6f 72 60 f3 0f 6f 7a 70 48 83
0x00007ffb2218edac:   ea 80 66 0f e7 07 66 0f e7 4f 10 66 0f e7 57 20
0x00007ffb2218edbc:   66 0f e7 5f 30 66 0f e7 67 40 66 0f e7 6f 50 66
0x00007ffb2218edcc:   0f e7 77 60 66 0f e7 7f 70 48 83 ef 80 41 8b c2
0x00007ffb2218eddc:   49 3b c1 72 9f 41 83 e0 7f 74 34 45 8b d0 44 8b
0x00007ffb2218edec:   c9 49 c1 ea 04 4d 85 d2 74 25 66 66 0f 1f 84 00
0x00007ffb2218edfc:   00 00 00 00 f3 0f 6f 02 41 ff c1 66 0f e7 07 48
0x00007ffb2218ee0c:   83 c7 10 41 8b c1 48 83 c2 10 49 3b c2 72 e5 0f
0x00007ffb2218ee1c:   28 74 24 10 0f 28 3c 24 41 83 e0 0f 74 49 45 8b
0x00007ffb2218ee2c:   d0 44 8b c9 49 c1 ea 02 4d 85 d2 74 1e 0f 1f 80
0x00007ffb2218ee3c:   00 00 00 00 8b 02 41 ff c1 89 07 48 83 c2 04 48
0x00007ffb2218ee4c:   83 c7 04 41 8b c1 49 3b c2 72 e9 41 83 e0 03 76
0x00007ffb2218ee5c:   16 48 2b d7 0f b6 04 3a ff c1 88 07 48 8d 7f 01
0x00007ffb2218ee6c:   8b c1 49 3b c0 72 ed 48 83 c4 20 5f c3 cc cc cc
0x00007ffb2218ee7c:   cc cc cc cc 40 53 48 83 ec 20 48 8b da 48 8b d1 


Stack slot to memory mapping:
stack at sp + 0 slots: 0x0 is NULL
stack at sp + 1 slots: 0x0 is NULL
stack at sp + 2 slots: 0x0 is NULL
stack at sp + 3 slots: 0x0 is NULL
stack at sp + 4 slots: 0x0000019118240c60 points into unknown readable memory: 0x0000000000000000 | 00 00 00 00 00 00 00 00
stack at sp + 5 slots: 0x00007ffb22ab4590 ig9icd64.dll
stack at sp + 6 slots: 0x0000000000000001 is an unknown value
stack at sp + 7 slots: 0x0000001b9d2fe9a0 is pointing into the stack for thread: 0x000001915c50bba0


---------------  P R O C E S S  ---------------

Threads class SMR info:
_java_thread_list=0x000001910e14a260, length=14, elements={
0x000001915c50bba0, 0x000001917e424430, 0x000001917e424fe0, 0x000001917e436cb0,
0x000001917e437770, 0x000001917e442650, 0x000001917e443000, 0x000001917e443d90,
0x000001917e449d40, 0x000001917e44b650, 0x000001917ee8c9a0, 0x000001917ee90a00,
0x000001917f0c73a0, 0x000001910e246b30
}

Java Threads: ( => current thread )
=>0x000001915c50bba0 JavaThread "main" [_thread_in_native, id=23336, stack(0x0000001b9d200000,0x0000001b9d300000)]
  0x000001917e424430 JavaThread "Reference Handler" daemon [_thread_blocked, id=168, stack(0x0000001b9d900000,0x0000001b9da00000)]
  0x000001917e424fe0 JavaThread "Finalizer" daemon [_thread_blocked, id=13996, stack(0x0000001b9da00000,0x0000001b9db00000)]
  0x000001917e436cb0 JavaThread "Signal Dispatcher" daemon [_thread_blocked, id=22772, stack(0x0000001b9db00000,0x0000001b9dc00000)]
  0x000001917e437770 JavaThread "Attach Listener" daemon [_thread_blocked, id=21852, stack(0x0000001b9dc00000,0x0000001b9dd00000)]
  0x000001917e442650 JavaThread "Service Thread" daemon [_thread_blocked, id=15628, stack(0x0000001b9dd00000,0x0000001b9de00000)]
  0x000001917e443000 JavaThread "Monitor Deflation Thread" daemon [_thread_blocked, id=12836, stack(0x0000001b9de00000,0x0000001b9df00000)]
  0x000001917e443d90 JavaThread "C2 CompilerThread0" daemon [_thread_blocked, id=11844, stack(0x0000001b9df00000,0x0000001b9e000000)]
  0x000001917e449d40 JavaThread "C1 CompilerThread0" daemon [_thread_blocked, id=19768, stack(0x0000001b9e000000,0x0000001b9e100000)]
  0x000001917e44b650 JavaThread "Sweeper thread" daemon [_thread_blocked, id=23324, stack(0x0000001b9e100000,0x0000001b9e200000)]
  0x000001917ee8c9a0 JavaThread "Notification Thread" daemon [_thread_blocked, id=7908, stack(0x0000001b9e200000,0x0000001b9e300000)]
  0x000001917ee90a00 JavaThread "Common-Cleaner" daemon [_thread_blocked, id=10960, stack(0x0000001b9e400000,0x0000001b9e500000)]
  0x000001917f0c73a0 JavaThread "C2 CompilerThread1" daemon [_thread_blocked, id=17492, stack(0x0000001b9e500000,0x0000001b9e600000)]
  0x000001910e246b30 JavaThread "C2 CompilerThread2" daemon [_thread_blocked, id=17544, stack(0x0000001b9e600000,0x0000001b9e700000)]

Other Threads:
  0x000001917e41f990 VMThread "VM Thread" [stack: 0x0000001b9d800000,0x0000001b9d900000] [id=17444]
  0x000001917e283440 WatcherThread [stack: 0x0000001b9e300000,0x0000001b9e400000] [id=10040]
  0x000001915c5ba0a0 GCTaskThread "GC Thread#0" [stack: 0x0000001b9d300000,0x0000001b9d400000] [id=708]
  0x000001910f66b1c0 GCTaskThread "GC Thread#1" [stack: 0x0000001b9ef00000,0x0000001b9f000000] [id=4712]
  0x000001910ebfabd0 GCTaskThread "GC Thread#2" [stack: 0x0000001b9f000000,0x0000001b9f100000] [id=10704]
  0x000001910ef85b00 GCTaskThread "GC Thread#3" [stack: 0x0000001b9f100000,0x0000001b9f200000] [id=10048]
  0x000001910eafe170 GCTaskThread "GC Thread#4" [stack: 0x0000001b9f200000,0x0000001b9f300000] [id=4896]
  0x000001910ec52c20 GCTaskThread "GC Thread#5" [stack: 0x0000001b9f300000,0x0000001b9f400000] [id=16100]
  0x000001910f82d430 GCTaskThread "GC Thread#6" [stack: 0x0000001b9f400000,0x0000001b9f500000] [id=8644]
  0x000001910f831520 GCTaskThread "GC Thread#7" [stack: 0x0000001b9f500000,0x0000001b9f600000] [id=1772]
  0x000001917e27c200 ConcurrentGCThread "G1 Main Marker" [stack: 0x0000001b9d400000,0x0000001b9d500000] [id=3016]
  0x000001917e27cb80 ConcurrentGCThread "G1 Conc#0" [stack: 0x0000001b9d500000,0x0000001b9d600000] [id=19552]
  0x000001917e353f60 ConcurrentGCThread "G1 Refine#0" [stack: 0x0000001b9d600000,0x0000001b9d700000] [id=9172]
  0x000001917e354980 ConcurrentGCThread "G1 Service" [stack: 0x0000001b9d700000,0x0000001b9d800000] [id=19520]

Threads with active compile tasks:

VM state: not at safepoint (normal execution)

VM Mutex/Monitor currently owned by a thread: None

Heap address: 0x0000000602400000, size: 8156 MB, Compressed Oops mode: Zero based, Oop shift amount: 3

CDS archive(s) mapped at: [0x0000000800000000-0x0000000800bc0000-0x0000000800bc0000), size 12320768, SharedBaseAddress: 0x0000000800000000, ArchiveRelocationMode: 0.
Compressed class space mapped at: 0x0000000801000000-0x0000000841000000, reserved size: 1073741824
Narrow klass base: 0x0000000800000000, Narrow klass shift: 0, Narrow klass range: 0x100000000

GC Precious Log:
 CPUs: 8 total, 8 available
 Memory: 32615M
 Large Page Support: Disabled
 NUMA Support: Disabled
 Compressed Oops: Enabled (Zero based)
 Heap Region Size: 4M
 Heap Min Capacity: 8M
 Heap Initial Capacity: 512M
 Heap Max Capacity: 8156M
 Pre-touch: Disabled
 Parallel Workers: 8
 Concurrent Workers: 2
 Concurrent Refinement Workers: 8
 Periodic GC: Disabled

Heap:
 garbage-first heap   total 524288K, used 4746K [0x0000000602400000, 0x0000000800000000)
  region size 4096K, 2 young (8192K), 1 survivors (4096K)
 Metaspace       used 6689K, committed 6912K, reserved 1114112K
  class space    used 369K, committed 448K, reserved 1048576K

Heap Regions: E=young(eden), S=young(survivor), O=old, HS=humongous(starts), HC=humongous(continues), CS=collection set, F=free, OA=open archive, CA=closed archive, TAMS=top-at-mark-start (previous, next)
|   0|0x0000000602400000, 0x00000006024a2a00, 0x0000000602800000| 15%| O|  |TAMS 0x0000000602400000, 0x0000000602400000| Untracked 
|   1|0x0000000602800000, 0x0000000602800000, 0x0000000602c00000|  0%| F|  |TAMS 0x0000000602800000, 0x0000000602800000| Untracked 
|   2|0x0000000602c00000, 0x0000000602c00000, 0x0000000603000000|  0%| F|  |TAMS 0x0000000602c00000, 0x0000000602c00000| Untracked 
|   3|0x0000000603000000, 0x0000000603000000, 0x0000000603400000|  0%| F|  |TAMS 0x0000000603000000, 0x0000000603000000| Untracked 
|   4|0x0000000603400000, 0x0000000603400000, 0x0000000603800000|  0%| F|  |TAMS 0x0000000603400000, 0x0000000603400000| Untracked 
|   5|0x0000000603800000, 0x0000000603800000, 0x0000000603c00000|  0%| F|  |TAMS 0x0000000603800000, 0x0000000603800000| Untracked 
|   6|0x0000000603c00000, 0x0000000603c00000, 0x0000000604000000|  0%| F|  |TAMS 0x0000000603c00000, 0x0000000603c00000| Untracked 
|   7|0x0000000604000000, 0x0000000604000000, 0x0000000604400000|  0%| F|  |TAMS 0x0000000604000000, 0x0000000604000000| Untracked 
|   8|0x0000000604400000, 0x0000000604400000, 0x0000000604800000|  0%| F|  |TAMS 0x0000000604400000, 0x0000000604400000| Untracked 
|   9|0x0000000604800000, 0x0000000604800000, 0x0000000604c00000|  0%| F|  |TAMS 0x0000000604800000, 0x0000000604800000| Untracked 
|  10|0x0000000604c00000, 0x0000000604c00000, 0x0000000605000000|  0%| F|  |TAMS 0x0000000604c00000, 0x0000000604c00000| Untracked 
|  11|0x0000000605000000, 0x0000000605000000, 0x0000000605400000|  0%| F|  |TAMS 0x0000000605000000, 0x0000000605000000| Untracked 
|  12|0x0000000605400000, 0x0000000605400000, 0x0000000605800000|  0%| F|  |TAMS 0x0000000605400000, 0x0000000605400000| Untracked 
|  13|0x0000000605800000, 0x0000000605800000, 0x0000000605c00000|  0%| F|  |TAMS 0x0000000605800000, 0x0000000605800000| Untracked 
|  14|0x0000000605c00000, 0x0000000605c00000, 0x0000000606000000|  0%| F|  |TAMS 0x0000000605c00000, 0x0000000605c00000| Untracked 
|  15|0x0000000606000000, 0x0000000606000000, 0x0000000606400000|  0%| F|  |TAMS 0x0000000606000000, 0x0000000606000000| Untracked 
|  16|0x0000000606400000, 0x0000000606400000, 0x0000000606800000|  0%| F|  |TAMS 0x0000000606400000, 0x0000000606400000| Untracked 
|  17|0x0000000606800000, 0x0000000606800000, 0x0000000606c00000|  0%| F|  |TAMS 0x0000000606800000, 0x0000000606800000| Untracked 
|  18|0x0000000606c00000, 0x0000000606c00000, 0x0000000607000000|  0%| F|  |TAMS 0x0000000606c00000, 0x0000000606c00000| Untracked 
|  19|0x0000000607000000, 0x0000000607000000, 0x0000000607400000|  0%| F|  |TAMS 0x0000000607000000, 0x0000000607000000| Untracked 
|  20|0x0000000607400000, 0x0000000607400000, 0x0000000607800000|  0%| F|  |TAMS 0x0000000607400000, 0x0000000607400000| Untracked 
|  21|0x0000000607800000, 0x0000000607800000, 0x0000000607c00000|  0%| F|  |TAMS 0x0000000607800000, 0x0000000607800000| Untracked 
|  22|0x0000000607c00000, 0x0000000607c00000, 0x0000000608000000|  0%| F|  |TAMS 0x0000000607c00000, 0x0000000607c00000| Untracked 
|  23|0x0000000608000000, 0x0000000608000000, 0x0000000608400000|  0%| F|  |TAMS 0x0000000608000000, 0x0000000608000000| Untracked 
|  24|0x0000000608400000, 0x0000000608400000, 0x0000000608800000|  0%| F|  |TAMS 0x0000000608400000, 0x0000000608400000| Untracked 
|  25|0x0000000608800000, 0x0000000608800000, 0x0000000608c00000|  0%| F|  |TAMS 0x0000000608800000, 0x0000000608800000| Untracked 
|  26|0x0000000608c00000, 0x0000000608c00000, 0x0000000609000000|  0%| F|  |TAMS 0x0000000608c00000, 0x0000000608c00000| Untracked 
|  27|0x0000000609000000, 0x0000000609000000, 0x0000000609400000|  0%| F|  |TAMS 0x0000000609000000, 0x0000000609000000| Untracked 
|  28|0x0000000609400000, 0x0000000609400000, 0x0000000609800000|  0%| F|  |TAMS 0x0000000609400000, 0x0000000609400000| Untracked 
|  29|0x0000000609800000, 0x0000000609800000, 0x0000000609c00000|  0%| F|  |TAMS 0x0000000609800000, 0x0000000609800000| Untracked 
|  30|0x0000000609c00000, 0x0000000609c00000, 0x000000060a000000|  0%| F|  |TAMS 0x0000000609c00000, 0x0000000609c00000| Untracked 
|  31|0x000000060a000000, 0x000000060a000000, 0x000000060a400000|  0%| F|  |TAMS 0x000000060a000000, 0x000000060a000000| Untracked 
|  32|0x000000060a400000, 0x000000060a400000, 0x000000060a800000|  0%| F|  |TAMS 0x000000060a400000, 0x000000060a400000| Untracked 
|  33|0x000000060a800000, 0x000000060a800000, 0x000000060ac00000|  0%| F|  |TAMS 0x000000060a800000, 0x000000060a800000| Untracked 
|  34|0x000000060ac00000, 0x000000060ac00000, 0x000000060b000000|  0%| F|  |TAMS 0x000000060ac00000, 0x000000060ac00000| Untracked 
|  35|0x000000060b000000, 0x000000060b000000, 0x000000060b400000|  0%| F|  |TAMS 0x000000060b000000, 0x000000060b000000| Untracked 
|  36|0x000000060b400000, 0x000000060b400000, 0x000000060b800000|  0%| F|  |TAMS 0x000000060b400000, 0x000000060b400000| Untracked 
|  37|0x000000060b800000, 0x000000060b800000, 0x000000060bc00000|  0%| F|  |TAMS 0x000000060b800000, 0x000000060b800000| Untracked 
|  38|0x000000060bc00000, 0x000000060bc00000, 0x000000060c000000|  0%| F|  |TAMS 0x000000060bc00000, 0x000000060bc00000| Untracked 
|  39|0x000000060c000000, 0x000000060c000000, 0x000000060c400000|  0%| F|  |TAMS 0x000000060c000000, 0x000000060c000000| Untracked 
|  40|0x000000060c400000, 0x000000060c400000, 0x000000060c800000|  0%| F|  |TAMS 0x000000060c400000, 0x000000060c400000| Untracked 
|  41|0x000000060c800000, 0x000000060c800000, 0x000000060cc00000|  0%| F|  |TAMS 0x000000060c800000, 0x000000060c800000| Untracked 
|  42|0x000000060cc00000, 0x000000060cc00000, 0x000000060d000000|  0%| F|  |TAMS 0x000000060cc00000, 0x000000060cc00000| Untracked 
|  43|0x000000060d000000, 0x000000060d000000, 0x000000060d400000|  0%| F|  |TAMS 0x000000060d000000, 0x000000060d000000| Untracked 
|  44|0x000000060d400000, 0x000000060d400000, 0x000000060d800000|  0%| F|  |TAMS 0x000000060d400000, 0x000000060d400000| Untracked 
|  45|0x000000060d800000, 0x000000060d800000, 0x000000060dc00000|  0%| F|  |TAMS 0x000000060d800000, 0x000000060d800000| Untracked 
|  46|0x000000060dc00000, 0x000000060dc00000, 0x000000060e000000|  0%| F|  |TAMS 0x000000060dc00000, 0x000000060dc00000| Untracked 
|  47|0x000000060e000000, 0x000000060e000000, 0x000000060e400000|  0%| F|  |TAMS 0x000000060e000000, 0x000000060e000000| Untracked 
|  48|0x000000060e400000, 0x000000060e400000, 0x000000060e800000|  0%| F|  |TAMS 0x000000060e400000, 0x000000060e400000| Untracked 
|  49|0x000000060e800000, 0x000000060e800000, 0x000000060ec00000|  0%| F|  |TAMS 0x000000060e800000, 0x000000060e800000| Untracked 
|  50|0x000000060ec00000, 0x000000060ec00000, 0x000000060f000000|  0%| F|  |TAMS 0x000000060ec00000, 0x000000060ec00000| Untracked 
|  51|0x000000060f000000, 0x000000060f000000, 0x000000060f400000|  0%| F|  |TAMS 0x000000060f000000, 0x000000060f000000| Untracked 
|  52|0x000000060f400000, 0x000000060f400000, 0x000000060f800000|  0%| F|  |TAMS 0x000000060f400000, 0x000000060f400000| Untracked 
|  53|0x000000060f800000, 0x000000060f800000, 0x000000060fc00000|  0%| F|  |TAMS 0x000000060f800000, 0x000000060f800000| Untracked 
|  54|0x000000060fc00000, 0x000000060fc00000, 0x0000000610000000|  0%| F|  |TAMS 0x000000060fc00000, 0x000000060fc00000| Untracked 
|  55|0x0000000610000000, 0x0000000610000000, 0x0000000610400000|  0%| F|  |TAMS 0x0000000610000000, 0x0000000610000000| Untracked 
|  56|0x0000000610400000, 0x0000000610400000, 0x0000000610800000|  0%| F|  |TAMS 0x0000000610400000, 0x0000000610400000| Untracked 
|  57|0x0000000610800000, 0x0000000610800000, 0x0000000610c00000|  0%| F|  |TAMS 0x0000000610800000, 0x0000000610800000| Untracked 
|  58|0x0000000610c00000, 0x0000000610c00000, 0x0000000611000000|  0%| F|  |TAMS 0x0000000610c00000, 0x0000000610c00000| Untracked 
|  59|0x0000000611000000, 0x0000000611000000, 0x0000000611400000|  0%| F|  |TAMS 0x0000000611000000, 0x0000000611000000| Untracked 
|  60|0x0000000611400000, 0x0000000611400000, 0x0000000611800000|  0%| F|  |TAMS 0x0000000611400000, 0x0000000611400000| Untracked 
|  61|0x0000000611800000, 0x0000000611800000, 0x0000000611c00000|  0%| F|  |TAMS 0x0000000611800000, 0x0000000611800000| Untracked 
|  62|0x0000000611c00000, 0x0000000611c00000, 0x0000000612000000|  0%| F|  |TAMS 0x0000000611c00000, 0x0000000611c00000| Untracked 
|  63|0x0000000612000000, 0x0000000612000000, 0x0000000612400000|  0%| F|  |TAMS 0x0000000612000000, 0x0000000612000000| Untracked 
|  64|0x0000000612400000, 0x0000000612400000, 0x0000000612800000|  0%| F|  |TAMS 0x0000000612400000, 0x0000000612400000| Untracked 
|  65|0x0000000612800000, 0x0000000612800000, 0x0000000612c00000|  0%| F|  |TAMS 0x0000000612800000, 0x0000000612800000| Untracked 
|  66|0x0000000612c00000, 0x0000000612c00000, 0x0000000613000000|  0%| F|  |TAMS 0x0000000612c00000, 0x0000000612c00000| Untracked 
|  67|0x0000000613000000, 0x0000000613000000, 0x0000000613400000|  0%| F|  |TAMS 0x0000000613000000, 0x0000000613000000| Untracked 
|  68|0x0000000613400000, 0x0000000613400000, 0x0000000613800000|  0%| F|  |TAMS 0x0000000613400000, 0x0000000613400000| Untracked 
|  69|0x0000000613800000, 0x0000000613800000, 0x0000000613c00000|  0%| F|  |TAMS 0x0000000613800000, 0x0000000613800000| Untracked 
|  70|0x0000000613c00000, 0x0000000613c00000, 0x0000000614000000|  0%| F|  |TAMS 0x0000000613c00000, 0x0000000613c00000| Untracked 
|  71|0x0000000614000000, 0x0000000614000000, 0x0000000614400000|  0%| F|  |TAMS 0x0000000614000000, 0x0000000614000000| Untracked 
|  72|0x0000000614400000, 0x0000000614400000, 0x0000000614800000|  0%| F|  |TAMS 0x0000000614400000, 0x0000000614400000| Untracked 
|  73|0x0000000614800000, 0x0000000614800000, 0x0000000614c00000|  0%| F|  |TAMS 0x0000000614800000, 0x0000000614800000| Untracked 
|  74|0x0000000614c00000, 0x0000000614c00000, 0x0000000615000000|  0%| F|  |TAMS 0x0000000614c00000, 0x0000000614c00000| Untracked 
|  75|0x0000000615000000, 0x0000000615000000, 0x0000000615400000|  0%| F|  |TAMS 0x0000000615000000, 0x0000000615000000| Untracked 
|  76|0x0000000615400000, 0x0000000615400000, 0x0000000615800000|  0%| F|  |TAMS 0x0000000615400000, 0x0000000615400000| Untracked 
|  77|0x0000000615800000, 0x0000000615800000, 0x0000000615c00000|  0%| F|  |TAMS 0x0000000615800000, 0x0000000615800000| Untracked 
|  78|0x0000000615c00000, 0x0000000615c00000, 0x0000000616000000|  0%| F|  |TAMS 0x0000000615c00000, 0x0000000615c00000| Untracked 
|  79|0x0000000616000000, 0x0000000616000000, 0x0000000616400000|  0%| F|  |TAMS 0x0000000616000000, 0x0000000616000000| Untracked 
|  80|0x0000000616400000, 0x0000000616400000, 0x0000000616800000|  0%| F|  |TAMS 0x0000000616400000, 0x0000000616400000| Untracked 
|  81|0x0000000616800000, 0x0000000616800000, 0x0000000616c00000|  0%| F|  |TAMS 0x0000000616800000, 0x0000000616800000| Untracked 
|  82|0x0000000616c00000, 0x0000000616c00000, 0x0000000617000000|  0%| F|  |TAMS 0x0000000616c00000, 0x0000000616c00000| Untracked 
|  83|0x0000000617000000, 0x0000000617000000, 0x0000000617400000|  0%| F|  |TAMS 0x0000000617000000, 0x0000000617000000| Untracked 
|  84|0x0000000617400000, 0x0000000617400000, 0x0000000617800000|  0%| F|  |TAMS 0x0000000617400000, 0x0000000617400000| Untracked 
|  85|0x0000000617800000, 0x0000000617800000, 0x0000000617c00000|  0%| F|  |TAMS 0x0000000617800000, 0x0000000617800000| Untracked 
|  86|0x0000000617c00000, 0x0000000617c00000, 0x0000000618000000|  0%| F|  |TAMS 0x0000000617c00000, 0x0000000617c00000| Untracked 
|  87|0x0000000618000000, 0x0000000618000000, 0x0000000618400000|  0%| F|  |TAMS 0x0000000618000000, 0x0000000618000000| Untracked 
|  88|0x0000000618400000, 0x0000000618400000, 0x0000000618800000|  0%| F|  |TAMS 0x0000000618400000, 0x0000000618400000| Untracked 
|  89|0x0000000618800000, 0x0000000618800000, 0x0000000618c00000|  0%| F|  |TAMS 0x0000000618800000, 0x0000000618800000| Untracked 
|  90|0x0000000618c00000, 0x0000000618c00000, 0x0000000619000000|  0%| F|  |TAMS 0x0000000618c00000, 0x0000000618c00000| Untracked 
|  91|0x0000000619000000, 0x0000000619000000, 0x0000000619400000|  0%| F|  |TAMS 0x0000000619000000, 0x0000000619000000| Untracked 
|  92|0x0000000619400000, 0x0000000619400000, 0x0000000619800000|  0%| F|  |TAMS 0x0000000619400000, 0x0000000619400000| Untracked 
|  93|0x0000000619800000, 0x0000000619800000, 0x0000000619c00000|  0%| F|  |TAMS 0x0000000619800000, 0x0000000619800000| Untracked 
|  94|0x0000000619c00000, 0x0000000619c00000, 0x000000061a000000|  0%| F|  |TAMS 0x0000000619c00000, 0x0000000619c00000| Untracked 
|  95|0x000000061a000000, 0x000000061a000000, 0x000000061a400000|  0%| F|  |TAMS 0x000000061a000000, 0x000000061a000000| Untracked 
|  96|0x000000061a400000, 0x000000061a400000, 0x000000061a800000|  0%| F|  |TAMS 0x000000061a400000, 0x000000061a400000| Untracked 
|  97|0x000000061a800000, 0x000000061a800000, 0x000000061ac00000|  0%| F|  |TAMS 0x000000061a800000, 0x000000061a800000| Untracked 
|  98|0x000000061ac00000, 0x000000061ac00000, 0x000000061b000000|  0%| F|  |TAMS 0x000000061ac00000, 0x000000061ac00000| Untracked 
|  99|0x000000061b000000, 0x000000061b000000, 0x000000061b400000|  0%| F|  |TAMS 0x000000061b000000, 0x000000061b000000| Untracked 
| 100|0x000000061b400000, 0x000000061b400000, 0x000000061b800000|  0%| F|  |TAMS 0x000000061b400000, 0x000000061b400000| Untracked 
| 101|0x000000061b800000, 0x000000061b800000, 0x000000061bc00000|  0%| F|  |TAMS 0x000000061b800000, 0x000000061b800000| Untracked 
| 102|0x000000061bc00000, 0x000000061bc00000, 0x000000061c000000|  0%| F|  |TAMS 0x000000061bc00000, 0x000000061bc00000| Untracked 
| 103|0x000000061c000000, 0x000000061c000000, 0x000000061c400000|  0%| F|  |TAMS 0x000000061c000000, 0x000000061c000000| Untracked 
| 104|0x000000061c400000, 0x000000061c400000, 0x000000061c800000|  0%| F|  |TAMS 0x000000061c400000, 0x000000061c400000| Untracked 
| 105|0x000000061c800000, 0x000000061c800000, 0x000000061cc00000|  0%| F|  |TAMS 0x000000061c800000, 0x000000061c800000| Untracked 
| 106|0x000000061cc00000, 0x000000061cc00000, 0x000000061d000000|  0%| F|  |TAMS 0x000000061cc00000, 0x000000061cc00000| Untracked 
| 107|0x000000061d000000, 0x000000061d000000, 0x000000061d400000|  0%| F|  |TAMS 0x000000061d000000, 0x000000061d000000| Untracked 
| 108|0x000000061d400000, 0x000000061d400000, 0x000000061d800000|  0%| F|  |TAMS 0x000000061d400000, 0x000000061d400000| Untracked 
| 109|0x000000061d800000, 0x000000061d800000, 0x000000061dc00000|  0%| F|  |TAMS 0x000000061d800000, 0x000000061d800000| Untracked 
| 110|0x000000061dc00000, 0x000000061dc00000, 0x000000061e000000|  0%| F|  |TAMS 0x000000061dc00000, 0x000000061dc00000| Untracked 
| 111|0x000000061e000000, 0x000000061e000000, 0x000000061e400000|  0%| F|  |TAMS 0x000000061e000000, 0x000000061e000000| Untracked 
| 112|0x000000061e400000, 0x000000061e400000, 0x000000061e800000|  0%| F|  |TAMS 0x000000061e400000, 0x000000061e400000| Untracked 
| 113|0x000000061e800000, 0x000000061e800000, 0x000000061ec00000|  0%| F|  |TAMS 0x000000061e800000, 0x000000061e800000| Untracked 
| 114|0x000000061ec00000, 0x000000061ec00000, 0x000000061f000000|  0%| F|  |TAMS 0x000000061ec00000, 0x000000061ec00000| Untracked 
| 115|0x000000061f000000, 0x000000061f000000, 0x000000061f400000|  0%| F|  |TAMS 0x000000061f000000, 0x000000061f000000| Untracked 
| 116|0x000000061f400000, 0x000000061f400000, 0x000000061f800000|  0%| F|  |TAMS 0x000000061f400000, 0x000000061f400000| Untracked 
| 117|0x000000061f800000, 0x000000061f800000, 0x000000061fc00000|  0%| F|  |TAMS 0x000000061f800000, 0x000000061f800000| Untracked 
| 118|0x000000061fc00000, 0x000000061fc00000, 0x0000000620000000|  0%| F|  |TAMS 0x000000061fc00000, 0x000000061fc00000| Untracked 
| 119|0x0000000620000000, 0x0000000620000000, 0x0000000620400000|  0%| F|  |TAMS 0x0000000620000000, 0x0000000620000000| Untracked 
| 120|0x0000000620400000, 0x0000000620400000, 0x0000000620800000|  0%| F|  |TAMS 0x0000000620400000, 0x0000000620400000| Untracked 
| 121|0x0000000620800000, 0x0000000620c00000, 0x0000000620c00000|100%| S|CS|TAMS 0x0000000620800000, 0x0000000620800000| Complete 
| 122|0x0000000620c00000, 0x0000000620c00000, 0x0000000621000000|  0%| F|  |TAMS 0x0000000620c00000, 0x0000000620c00000| Untracked 
| 123|0x0000000621000000, 0x0000000621000000, 0x0000000621400000|  0%| F|  |TAMS 0x0000000621000000, 0x0000000621000000| Untracked 
| 124|0x0000000621400000, 0x0000000621400000, 0x0000000621800000|  0%| F|  |TAMS 0x0000000621400000, 0x0000000621400000| Untracked 
| 125|0x0000000621800000, 0x0000000621800000, 0x0000000621c00000|  0%| F|  |TAMS 0x0000000621800000, 0x0000000621800000| Untracked 
| 126|0x0000000621c00000, 0x0000000621c00000, 0x0000000622000000|  0%| F|  |TAMS 0x0000000621c00000, 0x0000000621c00000| Untracked 
| 127|0x0000000622000000, 0x0000000622237e20, 0x0000000622400000| 55%| E|  |TAMS 0x0000000622000000, 0x0000000622000000| Complete 

Card table byte_map: [0x0000019174320000,0x0000019175310000] _byte_map_base: 0x000001917130e000

Marking Bits (Prev, Next): (CMBitMap*) 0x000001915c5ba6b0, (CMBitMap*) 0x000001915c5ba6f0
 Prev Bits: [0x0000019176300000, 0x000001917e270000)
 Next Bits: [0x0000019100000000, 0x0000019107f70000)

Polling page: 0x000001915bcc0000

Metaspace:

Usage:
  Non-class:      6.17 MB used.
      Class:    369.64 KB used.
       Both:      6.53 MB used.

Virtual space:
  Non-class space:       64.00 MB reserved,       6.31 MB ( 10%) committed,  1 nodes.
      Class space:        1.00 GB reserved,     448.00 KB ( <1%) committed,  1 nodes.
             Both:        1.06 GB reserved,       6.75 MB ( <1%) committed. 

Chunk freelists:
   Non-Class:  7.73 MB
       Class:  15.51 MB
        Both:  23.25 MB

MaxMetaspaceSize: unlimited
CompressedClassSpaceSize: 1.00 GB
Initial GC threshold: 21.00 MB
Current GC threshold: 21.00 MB
CDS: on
MetaspaceReclaimPolicy: balanced
 - commit_granule_bytes: 65536.
 - commit_granule_words: 8192.
 - virtual_space_node_default_size: 8388608.
 - enlarge_chunks_in_place: 1.
 - new_chunks_are_fully_committed: 0.
 - uncommit_free_chunks: 1.
 - use_allocation_guard: 0.
 - handle_deallocations: 1.


Internal statistics:

num_allocs_failed_limit: 0.
num_arena_births: 96.
num_arena_deaths: 0.
num_vsnodes_births: 2.
num_vsnodes_deaths: 0.
num_space_committed: 105.
num_space_uncommitted: 0.
num_chunks_returned_to_freelist: 0.
num_chunks_taken_from_freelist: 274.
num_chunk_merges: 0.
num_chunk_splits: 189.
num_chunks_enlarged: 143.
num_inconsistent_stats: 0.

CodeHeap 'non-profiled nmethods': size=120000Kb used=496Kb max_used=496Kb free=119504Kb
 bounds [0x000001916bad0000, 0x000001916bd40000, 0x0000019173000000]
CodeHeap 'profiled nmethods': size=120000Kb used=1885Kb max_used=1885Kb free=118114Kb
 bounds [0x0000019164000000, 0x0000019164270000, 0x000001916b530000]
CodeHeap 'non-nmethods': size=5760Kb used=1664Kb max_used=1683Kb free=4095Kb
 bounds [0x000001916b530000, 0x000001916b7a0000, 0x000001916bad0000]
 total_blobs=2209 nmethods=1095 adapters=1027
 compilation: enabled
              stopped_count=0, restarted_count=0
 full_count=0

Compilation events (20 events):
Event: 1.106 Thread 0x000001917e449d40 nmethod 1084 0x00000191641d3810 code [0x00000191641d39a0, 0x00000191641d3ae8]
Event: 1.106 Thread 0x000001917e449d40 1085       3       sun.nio.ch.IOUtil::read (14 bytes)
Event: 1.106 Thread 0x000001917e449d40 nmethod 1085 0x00000191641d3b90 code [0x00000191641d3d20, 0x00000191641d3e48]
Event: 1.112 Thread 0x000001917e449d40 1086       3       sun.security.provider.DigestBase::engineUpdate (189 bytes)
Event: 1.113 Thread 0x000001917e449d40 nmethod 1086 0x00000191641d3f10 code [0x00000191641d4180, 0x00000191641d4e78]
Event: 1.113 Thread 0x000001917e449d40 1087       3       java.security.MessageDigest::update (45 bytes)
Event: 1.114 Thread 0x000001917e449d40 nmethod 1087 0x00000191641d5210 code [0x00000191641d5400, 0x00000191641d58e8]
Event: 1.114 Thread 0x000001917e449d40 1088       3       java.security.MessageDigest$Delegate::engineUpdate (11 bytes)
Event: 1.114 Thread 0x000001917e449d40 nmethod 1088 0x00000191641d5a90 code [0x00000191641d5c40, 0x00000191641d5e28]
Event: 1.117 Thread 0x000001917f0c73a0 nmethod 1075% 0x000001916bb49910 code [0x000001916bb49aa0, 0x000001916bb4a0f8]
Event: 1.117 Thread 0x000001917f0c73a0 1089       4       sun.security.provider.SHA::implCompress0 (506 bytes)
Event: 1.127 Thread 0x000001917e449d40 1090       3       jdk.internal.loader.Resource::<init> (5 bytes)
Event: 1.127 Thread 0x000001917e449d40 nmethod 1090 0x00000191641d5f10 code [0x00000191641d60a0, 0x00000191641d61f8]
Event: 1.128 Thread 0x000001917e449d40 1092       3       jdk.internal.org.objectweb.asm.MethodWriter::visitMethodInsn (191 bytes)
Event: 1.128 Thread 0x000001917e449d40 nmethod 1092 0x00000191641d6290 code [0x00000191641d64c0, 0x00000191641d6c88]
Event: 1.128 Thread 0x000001917e449d40 1093       3       jdk.internal.org.objectweb.asm.SymbolTable::addConstantMethodref (24 bytes)
Event: 1.128 Thread 0x000001917e449d40 nmethod 1093 0x00000191641d6f90 code [0x00000191641d7140, 0x00000191641d72e8]
Event: 1.150 Thread 0x000001917e449d40 1094       3       jdk.internal.loader.NativeLibraries$NativeLibraryImpl::find (6 bytes)
Event: 1.151 Thread 0x000001917e449d40 nmethod 1094 0x00000191641d7390 code [0x00000191641d7520, 0x00000191641d7648]
Event: 1.165 Thread 0x000001917f0c73a0 nmethod 1089 0x000001916bb4ac10 code [0x000001916bb4adc0, 0x000001916bb4bb38]

GC Heap History (2 events):
Event: 1.046 GC heap before
{Heap before GC invocations=0 (full 0):
 garbage-first heap   total 524288K, used 20480K [0x0000000602400000, 0x0000000800000000)
  region size 4096K, 6 young (24576K), 0 survivors (0K)
 Metaspace       used 6158K, committed 6336K, reserved 1114112K
  class space    used 337K, committed 448K, reserved 1048576K
}
Event: 1.055 GC heap after
{Heap after GC invocations=1 (full 0):
 garbage-first heap   total 524288K, used 4746K [0x0000000602400000, 0x0000000800000000)
  region size 4096K, 1 young (4096K), 1 survivors (4096K)
 Metaspace       used 6158K, committed 6336K, reserved 1114112K
  class space    used 337K, committed 448K, reserved 1048576K
}

Dll operation events (10 events):
Event: 0.010 Loaded shared library C:\Users\Lasse\.jdks\corretto-17.0.7\bin\java.dll
Event: 0.022 Loaded shared library C:\Users\Lasse\.jdks\corretto-17.0.7\bin\jsvml.dll
Event: 0.108 Loaded shared library C:\Users\Lasse\.jdks\corretto-17.0.7\bin\net.dll
Event: 0.109 Loaded shared library C:\Users\Lasse\.jdks\corretto-17.0.7\bin\nio.dll
Event: 0.112 Loaded shared library C:\Users\Lasse\.jdks\corretto-17.0.7\bin\zip.dll
Event: 0.273 Loaded shared library C:\Users\Lasse\.jdks\corretto-17.0.7\bin\jimage.dll
Event: 0.503 Loaded shared library C:\Users\Lasse\AppData\Local\Temp\lwjgl_Lasse\3.3.2+13\x64\lwjgl.dll
Event: 0.834 Loaded shared library C:\Users\Lasse\AppData\Local\Temp\lwjgl_Lasse\3.3.2+13\x64\lwjgl_opengl.dll
Event: 1.034 Loaded shared library C:\Users\Lasse\.jdks\corretto-17.0.7\bin\verify.dll
Event: 1.096 Loaded shared library C:\Users\Lasse\AppData\Local\Temp\lwjgl_Lasse\3.3.2+13\x64\lwjgl_stb.dll

Deoptimization events (20 events):
Event: 1.116 Thread 0x000001915c50bba0 DEOPT PACKING pc=0x0000019164127148 sp=0x0000001b9d2fdab0
Event: 1.116 Thread 0x000001915c50bba0 DEOPT UNPACKING pc=0x000001916b587143 sp=0x0000001b9d2fcf28 mode 0
Event: 1.117 Thread 0x000001915c50bba0 DEOPT PACKING pc=0x000001916412710f sp=0x0000001b9d2fdab0
Event: 1.117 Thread 0x000001915c50bba0 DEOPT UNPACKING pc=0x000001916b587143 sp=0x0000001b9d2fcf28 mode 0
Event: 1.117 Thread 0x000001915c50bba0 DEOPT PACKING pc=0x0000019164127072 sp=0x0000001b9d2fdab0
Event: 1.117 Thread 0x000001915c50bba0 DEOPT UNPACKING pc=0x000001916b587143 sp=0x0000001b9d2fcf28 mode 0
Event: 1.117 Thread 0x000001915c50bba0 DEOPT PACKING pc=0x0000019164127072 sp=0x0000001b9d2fdab0
Event: 1.117 Thread 0x000001915c50bba0 DEOPT UNPACKING pc=0x000001916b587143 sp=0x0000001b9d2fcf28 mode 0
Event: 1.117 Thread 0x000001915c50bba0 DEOPT PACKING pc=0x0000019164127072 sp=0x0000001b9d2fdab0
Event: 1.117 Thread 0x000001915c50bba0 DEOPT UNPACKING pc=0x000001916b587143 sp=0x0000001b9d2fcf28 mode 0
Event: 1.117 Thread 0x000001915c50bba0 DEOPT PACKING pc=0x0000019164127072 sp=0x0000001b9d2fdab0
Event: 1.117 Thread 0x000001915c50bba0 DEOPT UNPACKING pc=0x000001916b587143 sp=0x0000001b9d2fcf28 mode 0
Event: 1.117 Thread 0x000001915c50bba0 DEOPT PACKING pc=0x00000191641271ba sp=0x0000001b9d2fdab0
Event: 1.117 Thread 0x000001915c50bba0 DEOPT UNPACKING pc=0x000001916b587143 sp=0x0000001b9d2fcf28 mode 0
Event: 1.117 Thread 0x000001915c50bba0 DEOPT PACKING pc=0x0000019164127181 sp=0x0000001b9d2fdab0
Event: 1.117 Thread 0x000001915c50bba0 DEOPT UNPACKING pc=0x000001916b587143 sp=0x0000001b9d2fcf28 mode 0
Event: 1.117 Thread 0x000001915c50bba0 DEOPT PACKING pc=0x0000019164127148 sp=0x0000001b9d2fdab0
Event: 1.117 Thread 0x000001915c50bba0 DEOPT UNPACKING pc=0x000001916b587143 sp=0x0000001b9d2fcf28 mode 0
Event: 1.117 Thread 0x000001915c50bba0 DEOPT PACKING pc=0x000001916412710f sp=0x0000001b9d2fdab0
Event: 1.117 Thread 0x000001915c50bba0 DEOPT UNPACKING pc=0x000001916b587143 sp=0x0000001b9d2fcf28 mode 0

Classes unloaded (0 events):
No events

Classes redefined (0 events):
No events

Internal exceptions (20 events):
Event: 0.501 Thread 0x000001915c50bba0 Exception <a 'sun/nio/fs/WindowsException'{0x0000000621707738}> (0x0000000621707738) 
thrown [s\src\hotspot\share\prims\jni.cpp, line 516]
Event: 0.599 Thread 0x000001915c50bba0 Exception <a 'java/lang/NoSuchMethodError'{0x000000062108fbc0}: 'int java.lang.invoke.DirectMethodHandle$Holder.invokeStaticInit(java.lang.Object, java.lang.Object, int, long)'> (0x000000062108fbc0) 
thrown [s\src\hotspot\share\interpreter\linkResolver.cpp, line 759]
Event: 0.601 Thread 0x000001915c50bba0 Exception <a 'java/lang/NoSuchMethodError'{0x0000000621095488}: 'java.lang.Object java.lang.invoke.DirectMethodHandle$Holder.newInvokeSpecial(java.lang.Object, java.lang.Object, int)'> (0x0000000621095488) 
thrown [s\src\hotspot\share\interpreter\linkResolver.cpp, line 759]
Event: 0.605 Thread 0x000001915c50bba0 Exception <a 'java/lang/NoSuchMethodError'{0x00000006210b1158}: 'int java.lang.invoke.DirectMethodHandle$Holder.invokeStaticInit(java.lang.Object, java.lang.Object, long, long)'> (0x00000006210b1158) 
thrown [s\src\hotspot\share\interpreter\linkResolver.cpp, line 759]
Event: 0.605 Thread 0x000001915c50bba0 Exception <a 'java/lang/NoSuchMethodError'{0x00000006210b7268}: 'java.lang.Object java.lang.invoke.DirectMethodHandle$Holder.newInvokeSpecial(java.lang.Object, java.lang.Object, long)'> (0x00000006210b7268) 
thrown [s\src\hotspot\share\interpreter\linkResolver.cpp, line 759]
Event: 0.606 Thread 0x000001915c50bba0 Exception <a 'java/lang/NoSuchMethodError'{0x00000006210bb2b0}: 'java.lang.Object java.lang.invoke.Invokers$Holder.linkToTargetMethod(java.lang.Object, long, java.lang.Object)'> (0x00000006210bb2b0) 
thrown [s\src\hotspot\share\interpreter\linkResolver.cpp, line 759]
Event: 0.606 Thread 0x000001915c50bba0 Exception <a 'java/lang/NoSuchMethodError'{0x00000006210c29c8}: 'int java.lang.invoke.DirectMethodHandle$Holder.invokeStaticInit(java.lang.Object, java.lang.Object, java.lang.Object, long)'> (0x00000006210c29c8) 
thrown [s\src\hotspot\share\interpreter\linkResolver.cpp, line 759]
Event: 0.633 Thread 0x000001915c50bba0 Exception <a 'sun/nio/fs/WindowsException'{0x0000000621201ed0}> (0x0000000621201ed0) 
thrown [s\src\hotspot\share\prims\jni.cpp, line 516]
Event: 0.633 Thread 0x000001915c50bba0 Exception <a 'sun/nio/fs/WindowsException'{0x0000000621202260}> (0x0000000621202260) 
thrown [s\src\hotspot\share\prims\jni.cpp, line 516]
Event: 0.672 Thread 0x000001915c50bba0 Exception <a 'sun/nio/fs/WindowsException'{0x00000006212f8af8}> (0x00000006212f8af8) 
thrown [s\src\hotspot\share\prims\jni.cpp, line 516]
Event: 0.672 Thread 0x000001915c50bba0 Exception <a 'sun/nio/fs/WindowsException'{0x00000006212f8e58}> (0x00000006212f8e58) 
thrown [s\src\hotspot\share\prims\jni.cpp, line 516]
Event: 0.782 Thread 0x000001915c50bba0 Exception <a 'java/lang/NoSuchMethodError'{0x00000006213357a8}: 'void java.lang.invoke.DirectMethodHandle$Holder.invokeStatic(java.lang.Object, long, int, int)'> (0x00000006213357a8) 
thrown [s\src\hotspot\share\interpreter\linkResolver.cpp, line 759]
Event: 0.832 Thread 0x000001915c50bba0 Exception <a 'sun/nio/fs/WindowsException'{0x000000062137e9f0}> (0x000000062137e9f0) 
thrown [s\src\hotspot\share\prims\jni.cpp, line 516]
Event: 0.832 Thread 0x000001915c50bba0 Exception <a 'sun/nio/fs/WindowsException'{0x000000062137ed98}> (0x000000062137ed98) 
thrown [s\src\hotspot\share\prims\jni.cpp, line 516]
Event: 0.866 Thread 0x000001915c50bba0 Exception <a 'sun/nio/fs/WindowsException'{0x0000000621390ae8}> (0x0000000621390ae8) 
thrown [s\src\hotspot\share\prims\jni.cpp, line 516]
Event: 0.866 Thread 0x000001915c50bba0 Exception <a 'sun/nio/fs/WindowsException'{0x0000000621390dc8}> (0x0000000621390dc8) 
thrown [s\src\hotspot\share\prims\jni.cpp, line 516]
Event: 1.078 Thread 0x000001915c50bba0 Exception <a 'java/lang/NoSuchMethodError'{0x0000000622162228}: 'void java.lang.invoke.DirectMethodHandle$Holder.invokeStatic(java.lang.Object, java.lang.Object, java.lang.Object, java.lang.Object)'> (0x0000000622162228) 
thrown [s\src\hotspot\share\interpreter\linkResolver.cpp, line 759]
Event: 1.085 Thread 0x000001915c50bba0 Exception <a 'java/lang/NoSuchMethodError'{0x00000006221cf000}: 'java.lang.Object java.lang.invoke.DirectMethodHandle$Holder.invokeStatic(java.lang.Object, int, java.lang.Object)'> (0x00000006221cf000) 
thrown [s\src\hotspot\share\interpreter\linkResolver.cpp, line 759]
Event: 1.094 Thread 0x000001915c50bba0 Exception <a 'sun/nio/fs/WindowsException'{0x000000062220b720}> (0x000000062220b720) 
thrown [s\src\hotspot\share\prims\jni.cpp, line 516]
Event: 1.094 Thread 0x000001915c50bba0 Exception <a 'sun/nio/fs/WindowsException'{0x000000062220baa0}> (0x000000062220baa0) 
thrown [s\src\hotspot\share\prims\jni.cpp, line 516]

VM Operations (10 events):
Event: 0.113 Executing VM operation: HandshakeAllThreads
Event: 0.113 Executing VM operation: HandshakeAllThreads done
Event: 0.451 Executing VM operation: HandshakeAllThreads
Event: 0.451 Executing VM operation: HandshakeAllThreads done
Event: 0.491 Executing VM operation: HandshakeAllThreads
Event: 0.491 Executing VM operation: HandshakeAllThreads done
Event: 0.553 Executing VM operation: HandshakeAllThreads
Event: 0.553 Executing VM operation: HandshakeAllThreads done
Event: 1.045 Executing VM operation: G1CollectForAllocation
Event: 1.055 Executing VM operation: G1CollectForAllocation done

Events (20 events):
Event: 0.688 loading class jdk/internal/reflect/UnsafeQualifiedStaticIntegerFieldAccessorImpl
Event: 0.689 loading class jdk/internal/reflect/UnsafeQualifiedStaticIntegerFieldAccessorImpl done
Event: 0.863 loading class jdk/internal/misc/ScopedMemoryAccess$Scope
Event: 0.864 loading class jdk/internal/misc/ScopedMemoryAccess$Scope done
Event: 0.986 loading class java/util/BitSet
Event: 0.986 loading class java/util/BitSet done
Event: 1.064 loading class java/util/zip/CheckedInputStream
Event: 1.064 loading class java/util/zip/CheckedInputStream done
Event: 1.065 loading class java/nio/file/FileVisitor
Event: 1.065 loading class java/nio/file/FileVisitor done
Event: 1.065 loading class java/io/FileFilter
Event: 1.065 loading class java/io/FileFilter done
Event: 1.065 loading class java/io/FilenameFilter
Event: 1.065 loading class java/io/FilenameFilter done
Event: 1.066 loading class java/util/Collections$UnmodifiableSortedMap
Event: 1.066 loading class java/util/Collections$UnmodifiableSortedMap done
Event: 1.069 loading class java/io/CharArrayWriter
Event: 1.069 loading class java/io/CharArrayWriter done
Event: 1.071 loading class java/io/EOFException
Event: 1.071 loading class java/io/EOFException done


Dynamic libraries:
0x00007ff6f5020000 - 0x00007ff6f502d000 	C:\Users\Lasse\.jdks\corretto-17.0.7\bin\java.exe
0x00007ffb8fbb0000 - 0x00007ffb8fdc4000 	C:\WINDOWS\SYSTEM32\ntdll.dll
0x00007ffb8ea30000 - 0x00007ffb8eaf2000 	C:\WINDOWS\System32\KERNEL32.DLL
0x00007ffb8d560000 - 0x00007ffb8d903000 	C:\WINDOWS\System32\KERNELBASE.dll
0x00007ffb8d440000 - 0x00007ffb8d551000 	C:\WINDOWS\System32\ucrtbase.dll
0x00007ffb77c10000 - 0x00007ffb77c27000 	C:\Users\Lasse\.jdks\corretto-17.0.7\bin\jli.dll
0x00007ffb77c30000 - 0x00007ffb77c45000 	C:\Users\Lasse\.jdks\corretto-17.0.7\bin\VCRUNTIME140.dll
0x00007ffb8e2a0000 - 0x00007ffb8e44b000 	C:\WINDOWS\System32\USER32.dll
0x00007ffb75720000 - 0x00007ffb759af000 	C:\WINDOWS\WinSxS\amd64_microsoft.windows.common-controls_6595b64144ccf1df_6.0.23440.1000_none_ea9d9c8aff8af3e2\COMCTL32.dll
0x00007ffb8cfa0000 - 0x00007ffb8cfc6000 	C:\WINDOWS\System32\win32u.dll
0x00007ffb8eb20000 - 0x00007ffb8ebc7000 	C:\WINDOWS\System32\msvcrt.dll
0x00007ffb8e730000 - 0x00007ffb8e759000 	C:\WINDOWS\System32\GDI32.dll
0x00007ffb8d110000 - 0x00007ffb8d223000 	C:\WINDOWS\System32\gdi32full.dll
0x00007ffb8d3a0000 - 0x00007ffb8d43a000 	C:\WINDOWS\System32\msvcp_win.dll
0x00007ffb8f270000 - 0x00007ffb8f2a1000 	C:\WINDOWS\System32\IMM32.DLL
0x00007ffb65bc0000 - 0x00007ffb65c5b000 	C:\Users\Lasse\.jdks\corretto-17.0.7\bin\msvcp140.dll
0x00007ffb230e0000 - 0x00007ffb23cfa000 	C:\Users\Lasse\.jdks\corretto-17.0.7\bin\server\jvm.dll
0x00007ffb8e680000 - 0x00007ffb8e72e000 	C:\WINDOWS\System32\ADVAPI32.dll
0x00007ffb8fac0000 - 0x00007ffb8fb64000 	C:\WINDOWS\System32\sechost.dll
0x00007ffb8f990000 - 0x00007ffb8faa5000 	C:\WINDOWS\System32\RPCRT4.dll
0x00007ffb866e0000 - 0x00007ffb86714000 	C:\WINDOWS\SYSTEM32\WINMM.dll
0x00007ffb8abe0000 - 0x00007ffb8abe9000 	C:\WINDOWS\SYSTEM32\WSOCK32.dll
0x00007ffb846d0000 - 0x00007ffb846da000 	C:\WINDOWS\SYSTEM32\VERSION.dll
0x00007ffb8f890000 - 0x00007ffb8f901000 	C:\WINDOWS\System32\WS2_32.dll
0x00007ffb8c0f0000 - 0x00007ffb8c108000 	C:\WINDOWS\SYSTEM32\kernel.appcore.dll
0x00007ffb790a0000 - 0x00007ffb790aa000 	C:\Users\Lasse\.jdks\corretto-17.0.7\bin\jimage.dll
0x00007ffb8a990000 - 0x00007ffb8abbe000 	C:\WINDOWS\SYSTEM32\DBGHELP.DLL
0x00007ffb8f500000 - 0x00007ffb8f889000 	C:\WINDOWS\System32\combase.dll
0x00007ffb8e930000 - 0x00007ffb8ea07000 	C:\WINDOWS\System32\OLEAUT32.dll
0x00007ffb77e80000 - 0x00007ffb77eb2000 	C:\WINDOWS\SYSTEM32\dbgcore.DLL
0x00007ffb8cfd0000 - 0x00007ffb8d04b000 	C:\WINDOWS\System32\bcryptPrimitives.dll
0x00007ffb77be0000 - 0x00007ffb77c05000 	C:\Users\Lasse\.jdks\corretto-17.0.7\bin\java.dll
0x00007ffb58e90000 - 0x00007ffb58f66000 	C:\Users\Lasse\.jdks\corretto-17.0.7\bin\jsvml.dll
0x00007ffb8da80000 - 0x00007ffb8e29a000 	C:\WINDOWS\System32\SHELL32.dll
0x00007ffb8afb0000 - 0x00007ffb8b896000 	C:\WINDOWS\SYSTEM32\windows.storage.dll
0x00007ffb8ae70000 - 0x00007ffb8afae000 	C:\WINDOWS\SYSTEM32\wintypes.dll
0x00007ffb8e450000 - 0x00007ffb8e543000 	C:\WINDOWS\System32\SHCORE.dll
0x00007ffb8e8c0000 - 0x00007ffb8e91e000 	C:\WINDOWS\System32\shlwapi.dll
0x00007ffb8ced0000 - 0x00007ffb8cef1000 	C:\WINDOWS\SYSTEM32\profapi.dll
0x00007ffb77bc0000 - 0x00007ffb77bd9000 	C:\Users\Lasse\.jdks\corretto-17.0.7\bin\net.dll
0x00007ffb84770000 - 0x00007ffb848a7000 	C:\WINDOWS\SYSTEM32\WINHTTP.dll
0x00007ffb8c560000 - 0x00007ffb8c5c9000 	C:\WINDOWS\system32\mswsock.dll
0x00007ffb77a70000 - 0x00007ffb77a85000 	C:\Users\Lasse\.jdks\corretto-17.0.7\bin\nio.dll
0x00007ffb77a50000 - 0x00007ffb77a68000 	C:\Users\Lasse\.jdks\corretto-17.0.7\bin\zip.dll
0x00007ffb552b0000 - 0x00007ffb5532a000 	C:\Users\Lasse\AppData\Local\Temp\lwjgl_Lasse\3.3.2+13\x64\lwjgl.dll
0x00007ffb27550000 - 0x00007ffb277c0000 	C:\Users\Lasse\AppData\Local\Temp\lwjgl_Lasse\3.3.2+13\x64\jemalloc.dll
0x00007ffb54e70000 - 0x00007ffb54ef2000 	C:\Users\Lasse\AppData\Local\Temp\lwjgl_Lasse\3.3.2+13\x64\glfw.dll
0x00007ffb66610000 - 0x00007ffb66656000 	C:\WINDOWS\SYSTEM32\dinput8.dll
0x00007ffb7abf0000 - 0x00007ffb7ac01000 	C:\WINDOWS\SYSTEM32\xinput1_4.dll
0x00007ffb8cc90000 - 0x00007ffb8ccde000 	C:\WINDOWS\SYSTEM32\cfgmgr32.dll
0x00007ffb8cc60000 - 0x00007ffb8cc8c000 	C:\WINDOWS\SYSTEM32\DEVOBJ.dll
0x00007ffb8a340000 - 0x00007ffb8a36b000 	C:\WINDOWS\SYSTEM32\dwmapi.dll
0x00007ffb83400000 - 0x00007ffb8360a000 	C:\WINDOWS\SYSTEM32\inputhost.dll
0x00007ffb89ce0000 - 0x00007ffb89e13000 	C:\WINDOWS\SYSTEM32\CoreMessaging.dll
0x00007ffb8a0b0000 - 0x00007ffb8a15b000 	C:\WINDOWS\system32\uxtheme.dll
0x00007ffb471e0000 - 0x00007ffb4748e000 	C:\Program Files\NVIDIA Corporation\nview\nViewH64.dll
0x00007ffb8ebf0000 - 0x00007ffb8ed8c000 	C:\WINDOWS\System32\ole32.dll
0x00007ffb788b0000 - 0x00007ffb78a69000 	C:\WINDOWS\WinSxS\amd64_microsoft.windows.gdiplus_6595b64144ccf1df_1.1.23440.1000_none_1b888f705a1d6db0\gdiplus.dll
0x00007ffb8c7d0000 - 0x00007ffb8c7dc000 	C:\WINDOWS\SYSTEM32\CRYPTBASE.DLL
0x00007ffb8c110000 - 0x00007ffb8c144000 	C:\WINDOWS\SYSTEM32\ntmarta.dll
0x00007ffb8e550000 - 0x00007ffb8e672000 	C:\WINDOWS\System32\MSCTF.dll
0x00007ffb5b440000 - 0x00007ffb5b540000 	C:\WINDOWS\SYSTEM32\opengl32.dll
0x00007ffb5e090000 - 0x00007ffb5e0bd000 	C:\WINDOWS\SYSTEM32\GLU32.dll
0x00007ffb8a3b0000 - 0x00007ffb8a3e6000 	C:\WINDOWS\SYSTEM32\dxcore.dll
0x00007ffb86690000 - 0x00007ffb866d8000 	C:\WINDOWS\SYSTEM32\directxdatabasehelper.dll
0x00007ffb8e7c0000 - 0x00007ffb8e870000 	C:\WINDOWS\System32\clbcatq.dll
0x00007ffb22110000 - 0x00007ffb230d4000 	C:\WINDOWS\System32\DriverStore\FileRepository\iigd_dch.inf_amd64_91e2144e79bce669\ig9icd64.dll
0x00007ffb8a230000 - 0x00007ffb8a326000 	C:\WINDOWS\system32\dxgi.dll
0x00007ffb24980000 - 0x00007ffb24dbc000 	C:\WINDOWS\System32\DriverStore\FileRepository\iigd_dch.inf_amd64_91e2144e79bce669\igdml64.dll
0x00007ffb81730000 - 0x00007ffb81a66000 	C:\WINDOWS\System32\DriverStore\FileRepository\iigd_dch.inf_amd64_91e2144e79bce669\igdgmm64.dll
0x00007ffb7e960000 - 0x00007ffb816ef000 	C:\WINDOWS\System32\DriverStore\FileRepository\iigd_dch.inf_amd64_91e2144e79bce669\igc64.dll
0x00007ffb8bec0000 - 0x00007ffb8bf0d000 	C:\WINDOWS\SYSTEM32\powrprof.dll
0x00007ffb8bea0000 - 0x00007ffb8beb3000 	C:\WINDOWS\SYSTEM32\UMPDC.dll
0x00007ffb686e0000 - 0x00007ffb68785000 	C:\Windows\System32\OneCoreCommonProxyStub.dll
0x00007ffb837d0000 - 0x00007ffb83df9000 	C:\Windows\System32\OneCoreUAPCommonProxyStub.dll
0x00007ffb83170000 - 0x00007ffb831ef000 	C:\Windows\System32\ActXPrxy.dll
0x00007ffb84270000 - 0x00007ffb843b7000 	C:\WINDOWS\SYSTEM32\textinputframework.dll
0x00007ffb85ba0000 - 0x00007ffb85f0c000 	C:\WINDOWS\SYSTEM32\CoreUIComponents.dll
0x00007ffb54e10000 - 0x00007ffb54e6e000 	C:\Users\Lasse\AppData\Local\Temp\lwjgl_Lasse\3.3.2+13\x64\lwjgl_opengl.dll
0x00007ffb77a30000 - 0x00007ffb77a40000 	C:\Users\Lasse\.jdks\corretto-17.0.7\bin\verify.dll
0x00007ffb54d80000 - 0x00007ffb54e02000 	C:\Users\Lasse\AppData\Local\Temp\lwjgl_Lasse\3.3.2+13\x64\lwjgl_stb.dll

dbghelp: loaded successfully - version: 4.0.5 - missing functions: none
symbol engine: initialized successfully - sym options: 0x614 - pdb path: .;C:\Users\Lasse\.jdks\corretto-17.0.7\bin;C:\WINDOWS\SYSTEM32;C:\WINDOWS\WinSxS\amd64_microsoft.windows.common-controls_6595b64144ccf1df_6.0.23440.1000_none_ea9d9c8aff8af3e2;C:\Users\Lasse\.jdks\corretto-17.0.7\bin\server;C:\Users\Lasse\AppData\Local\Temp\lwjgl_Lasse\3.3.2+13\x64;C:\Program Files\NVIDIA Corporation\nview;C:\WINDOWS\WinSxS\amd64_microsoft.windows.gdiplus_6595b64144ccf1df_1.1.23440.1000_none_1b888f705a1d6db0;C:\WINDOWS\System32\DriverStore\FileRepository\iigd_dch.inf_amd64_91e2144e79bce669

VM Arguments:
jvm_args: -Dfile.encoding=windows-1252 -Duser.country=US -Duser.language=en -Duser.variant 
java_command: org.app.core.RenderingTest
java_class_path (initial): D:\dev\javaengine2\build\classes\java\main;D:\dev\javaengine2\build\resources\main;C:\Users\Lasse\.gradle\caches\modules-2\files-2.1\kotlin.graphics\glm\0.9.9.1-7\7112415fddb198a2e75bf6f013a97dbd947732e4\glm-0.9.9.1-7.jar;C:\Users\Lasse\.gradle\caches\modules-2\files-2.1\org.lwjgl\lwjgl-assimp\3.3.2\e5238c13abef6b0fd6e1b4320d3c8cd0c10bfe61\lwjgl-assimp-3.3.2.jar;C:\Users\Lasse\.gradle\caches\modules-2\files-2.1\org.lwjgl\lwjgl-assimp\3.3.2\54edbc8767bde24b73187c229dbd552228230c8a\lwjgl-assimp-3.3.2-natives-windows.jar;C:\Users\Lasse\.gradle\caches\modules-2\files-2.1\org.lwjgl\lwjgl-bgfx\3.3.2\d42de3985faa0e51211735c283de80425ddce2ac\lwjgl-bgfx-3.3.2.jar;C:\Users\Lasse\.gradle\caches\modules-2\files-2.1\org.lwjgl\lwjgl-bgfx\3.3.2\bf0186f7b012cab330388f2bd338c417f346337d\lwjgl-bgfx-3.3.2-natives-windows.jar;C:\Users\Lasse\.gradle\caches\modules-2\files-2.1\org.lwjgl\lwjgl-cuda\3.3.2\392c82a699c7fa8cae3c4a29483a2e2ba77e435a\lwjgl-cuda-3.3.2.jar;C:\Users\Lasse\.gradle\caches\modules-2\files-2.1\org.lwjgl\lwjgl-egl\3.3.2\c427694a0b5974a3e434a0c2a51c7f9a3d0e9169\lwjgl-egl-3.3.2.jar;C:\Users\Lasse\.gradle\caches\modules-2\files-2.1\org.lwjgl\lwjgl-fmod\3.3.2\ff0264fb4f442da02b269cc4bcba2979b9e2cdee\lwjgl-fmod-3.3.2.jar;C:\Users\Lasse\.gradle\caches\modules-2\files-2.1\org.lwjgl\lwjgl-freetype\3.3.2\4432335260047128efe750f40c07514826cc4e48\lwjgl-freetype-3.3.2.jar;C:\Users\Lasse\.gradle\caches\modules-2\files-2.1\org.lwjgl\lwjgl-freetype\3.3.2\1e4acf1331dded3b4386fb7c3505c49c587f4f42\lwjgl-freetype-3.3.2-natives-windows.jar;C:\Users\Lasse\.gradle\caches\modules-2\files-2.1\org.lwjgl\lwjgl-glfw\3.3.2\757920418805fb90bfebb3d46b1d9e7669fca2eb\lwjgl-glfw-3.3.2.jar;C:\Users\Lasse\.gradle\caches\modules-2\files-2.1\org.lwjgl\lwjgl-glfw\3.3.2\1251e3cb7e5d6159334cfb9244f789ce992f03b\lwjgl-glfw-3.3.2-natives-windows.jar;C:\Users\Lasse\.gradle\caches\modules-2\files-2.1\org.lwjgl\lwjgl-glfw\3.3.2\766bb0e8e829598b1c8052fd8173c62af741c52\lwjgl-glfw-3.3.2-n
Launcher Type: SUN_STANDARD

[Global flags]
     intx CICompilerCount                          = 4                                         {product} {ergonomic}
     uint ConcGCThreads                            = 2                                         {product} {ergonomic}
     uint G1ConcRefinementThreads                  = 8                                         {product} {ergonomic}
   size_t G1HeapRegionSize                         = 4194304                                   {product} {ergonomic}
    uintx GCDrainStackTargetSize                   = 64                                        {product} {ergonomic}
   size_t InitialHeapSize                          = 536870912                                 {product} {ergonomic}
   size_t MarkStackSize                            = 4194304                                   {product} {ergonomic}
   size_t MaxHeapSize                              = 8552185856                                {product} {ergonomic}
   size_t MaxNewSize                               = 5129633792                                {product} {ergonomic}
   size_t MinHeapDeltaBytes                        = 4194304                                   {product} {ergonomic}
   size_t MinHeapSize                              = 8388608                                   {product} {ergonomic}
    uintx NonNMethodCodeHeapSize                   = 5839372                                {pd product} {ergonomic}
    uintx NonProfiledCodeHeapSize                  = 122909434                              {pd product} {ergonomic}
    uintx ProfiledCodeHeapSize                     = 122909434                              {pd product} {ergonomic}
    uintx ReservedCodeCacheSize                    = 251658240                              {pd product} {ergonomic}
     bool SegmentedCodeCache                       = true                                      {product} {ergonomic}
   size_t SoftMaxHeapSize                          = 8552185856                             {manageable} {ergonomic}
     bool UseCompressedClassPointers               = true                           {product lp64_product} {ergonomic}
     bool UseCompressedOops                        = true                           {product lp64_product} {ergonomic}
     bool UseG1GC                                  = true                                      {product} {ergonomic}
     bool UseLargePagesIndividualAllocation        = false                                  {pd product} {ergonomic}

Logging:
Log output configuration:
 #0: stdout all=warning uptime,level,tags
 #1: stderr all=off uptime,level,tags

Environment Variables:
JAVA_HOME=C:\Users\Lasse\.jdks\jdk-18.0.2\bin
PATH=C:\VulkanSDK\1.3.224.1\Bin;D:\VulkanSDK\1.3.204.1\Bin;C:\Users\Lasse\.jdks\jdk-18.0.2\bin;C:\Windows\system32;C:\Windows;C:\Windows\System32\Wbem;C:\Windows\System32\WindowsPowerShell\v1.0\;C:\Windows\System32\OpenSSH\;C:\Program Files (x86)\NVIDIA Corporation\PhysX\Common;C:\Program Files (x86)\Intel\Intel(R) Management Engine Components\DAL;C:\Program Files\Intel\Intel(R) Management Engine Components\DAL;C:\Program Files\VSCodium\bin;C:\Program Files\dotnet\;C:\Program Files\Git\cmd;C:\WINDOWS\system32;C:\WINDOWS;C:\WINDOWS\System32\Wbem;C:\WINDOWS\System32\WindowsPowerShell\v1.0\;C:\WINDOWS\System32\OpenSSH\;C:\Program Files\Microsoft SQL Server\150\Tools\Binn\;C:\Program Files\Microsoft SQL Server\Client SDK\ODBC\170\Tools\Binn\;C:\Users\Lasse\AppData\Local\atom\atom.exe;D:\Visual Studio\Community 2022\Msbuild\Current\Bin;D:\Visual Studio\Community 2022\Common7\IDE\CommonExtensions\Microsoft\CMake\CMake\bin;C:\Program Files\PowerShell\7\;C:\WINDOWS\system32;C:\WINDOWS;C:\WINDOWS\System32\Wbem;C:\WINDOWS\System32\WindowsPowerShell\v1.0\;C:\WINDOWS\System32\OpenSSH\;C:\Users\Lasse\AppData\Local\Programs\Python\Python311\Scripts;C:\Program Files\mingw64\bin;C:\Program Files\zig;C:\Users\Lasse\AppData\Local\Programs\Pulsar;C:\Program Files\MySQL\MySQL Shell 8.0\bin\;C:\Program Files (x86)\GNU Arm Embedded Toolchain\10 2021.10\bin;C:\Ruby31-x64\bin;C:\Users\Lasse\AppData\Local\Microsoft\WindowsApps;C:\Users\Lasse\.dotnet\tools;C:\Users\Lasse\AppData\Local\gitkraken\bin;C:\Users\Lasse\AppData\Local\Programs\VSCodium\bin;C:\Users\Lasse\AppData\Local\atom\bin;C:\Users\Lasse\AppData\Local\Microsoft\WindowsApps;C:\Users\Lasse\AppData\Local\Programs\Microsoft VS Code\bin;C:\Users\Lasse\AppData\Local\Programs\oh-my-posh\bin;C:\Users\Lasse\AppData\Local\Microsoft\WinGet\Links;C:\Users\Lasse\AppData\Local\Programs\MiKTeX\miktex\bin\x64\
USERNAME=Lasse
OS=Windows_NT
PROCESSOR_IDENTIFIER=Intel64 Family 6 Model 94 Stepping 3, GenuineIntel
TMP=C:\Users\Lasse\AppData\Local\Temp
TEMP=C:\Users\Lasse\AppData\Local\Temp



---------------  S Y S T E M  ---------------

OS:
 Windows 11 , 64 bit Build 23440 (10.0.23440.1000)
OS uptime: 6 days 17:06 hours

CPU: total 8 (initial active 8) (4 cores per cpu, 2 threads per core) family 6 model 94 stepping 3 microcode 0xf0, cx8, cmov, fxsr, ht, mmx, 3dnowpref, sse, sse2, sse3, ssse3, sse4.1, sse4.2, popcnt, lzcnt, tsc, tscinvbit, avx, avx2, aes, erms, clmul, bmi1, bmi2, rtm, adx, fma, vzeroupper, clflush, clflushopt

Memory: 4k page, system-wide physical 32615M (20080M free)
TotalPageFile size 37479M (AvailPageFile size 23288M)
current process WorkingSet (physical memory assigned to process): 156M, peak: 156M
current process commit charge ("private bytes"): 671M, peak: 671M

vm_info: OpenJDK 64-Bit Server VM (17.0.7+7-LTS) for windows-amd64 JRE (17.0.7+7-LTS), built on Apr 14 2023 01:39:21 by "Administrator" with MS VC++ 15.9 (VS2017)

END.
