#
# A fatal error has been detected by the Java Runtime Environment:
#
#  EXCEPTION_ACCESS_VIOLATION (0xc0000005) at pc=0x00007fff346deda0, pid=13236, tid=15376
#
# JRE version: OpenJDK Runtime Environment Corretto-17.0.7.7.1 (17.0.7+7) (build 17.0.7+7-LTS)
# Java VM: OpenJDK 64-Bit Server VM Corretto-17.0.7.7.1 (17.0.7+7-LTS, mixed mode, sharing, tiered, compressed oops, compressed class ptrs, g1 gc, windows-amd64)
# Problematic frame:
# C  [ig9icd64.dll+0x7eda0]
#
# No core dump will be written. Minidumps are not enabled by default on client versions of Windows
#
# If you would like to submit a bug report, please visit:
#   https://github.com/corretto/corretto-17/issues/
# The crash happened outside the Java Virtual Machine in native code.
# See problematic frame for where to report the bug.
#

---------------  S U M M A R Y ------------

Command Line: -Dfile.encoding=windows-1252 -Duser.country=US -Duser.language=en -Duser.variant org.app.core.scene.SceneTest

Host: Intel(R) Xeon(R) CPU E3-1505M v5 @ 2.80GHz, 8 cores, 31G,  Windows 11 , 64 bit Build 23440 (10.0.23440.1000)
Time: Tue Jun 27 14:07:23 2023 Mitteleuropäische Sommerzeit elapsed time: 2.574361 seconds (0d 0h 0m 2s)

---------------  T H R E A D  ---------------

Current thread (0x00000297d63bd540):  JavaThread "main" [_thread_in_native, id=15376, stack(0x000000b461f00000,0x000000b462000000)]

Stack: [0x000000b461f00000,0x000000b462000000],  sp=0x000000b461ffe080,  free space=1016k
Native frames: (J=compiled Java code, j=interpreted, Vv=VM code, C=native code)
C  [ig9icd64.dll+0x7eda0]

Java frames: (J=compiled Java code, j=interpreted, Vv=VM code)
j  org.lwjgl.opengl.GL11C.nglTexImage2D(IIIIIIIIJ)V+0
j  org.lwjgl.opengl.GL11C.glTexImage2D(IIIIIIIILjava/nio/ByteBuffer;)V+17
j  org.lwjgl.opengl.GL11.glTexImage2D(IIIIIIIILjava/nio/ByteBuffer;)V+14
j  org.app.core.data.Texture.generate(Z)V+90
j  org.app.core.data.Material.compile()V+43
j  org.app.core.scene.Scene.init()V+375
j  org.app.core.scene.SceneManager.init()V+56
j  org.app.core.scene.SceneTest.main([Ljava/lang/String;)V+102
v  ~StubRoutines::call_stub

siginfo: EXCEPTION_ACCESS_VIOLATION (0xc0000005), reading address 0x00000297916c1000


Register to memory mapping:

RIP=0x00007fff346deda0 ig9icd64.dll
RAX=0x0000000000000002 is an unknown value
RBX=0x000002978c792dc0 points into unknown readable memory: 0x0000000000000000 | 00 00 00 00 00 00 00 00
RCX=0x0 is NULL
RDX=0x00000297916c0fa0 points into unknown readable memory: 0x0000000000000000 | 00 00 00 00 00 00 00 00
RSP=0x000000b461ffe080 is pointing into the stack for thread: 0x00000297d63bd540
RBP=0x000000b461ffe1b0 is pointing into the stack for thread: 0x00000297d63bd540
RSI=0x000000000000003b is an unknown value
RDI=0x000002978c792ec0 points into unknown readable memory: 0x0000000000000000 | 00 00 00 00 00 00 00 00
R8 =0x00000000000004a0 is an unknown value
R9 =0x0000000000000009 is an unknown value
R10=0x0000000000000003 is an unknown value
R11=0x00000000000004a0 is an unknown value
R12=0x00000000000001c1 is an unknown value
R13=0x000002978c730000 points into unknown readable memory: 0x0000000000000000 | 00 00 00 00 00 00 00 00
R14=0x00000000000004a0 is an unknown value
R15=0x00007fff34660000 ig9icd64.dll


Registers:
RAX=0x0000000000000002, RBX=0x000002978c792dc0, RCX=0x0000000000000000, RDX=0x00000297916c0fa0
RSP=0x000000b461ffe080, RBP=0x000000b461ffe1b0, RSI=0x000000000000003b, RDI=0x000002978c792ec0
R8 =0x00000000000004a0, R9 =0x0000000000000009, R10=0x0000000000000003, R11=0x00000000000004a0
R12=0x00000000000001c1, R13=0x000002978c730000, R14=0x00000000000004a0, R15=0x00007fff34660000
RIP=0x00007fff346deda0, EFLAGS=0x0000000000010207

Top of Stack: (sp=0x000000b461ffe080)
0x000000b461ffe080:   000000004350fd41 0000000000000000
0x000000b461ffe090:   000000004350fd41 0000000000000000
0x000000b461ffe0a0:   00000297916c0ea0 00007fff35004590
0x000000b461ffe0b0:   0000000000000001 000000b461ffe1b0
0x000000b461ffe0c0:   0000000000000000 0000000000000000
0x000000b461ffe0d0:   0000000000000049 0000029700000001
0x000000b461ffe0e0:   0000029791660a80 000002978841a100
0x000000b461ffe0f0:   0000000000000000 0000000000000000
0x000000b461ffe100:   00007fff35325870 0000029788a44040
0x000000b461ffe110:   0000018900000128 0000004900000000
0x000000b461ffe120:   000004a000000004 0000029791660a80
0x000000b461ffe130:   0000000488a70049 00007fff000004c0
0x000000b461ffe140:   000002978c730000 000000b461ffe1c0
0x000000b461ffe150:   0000000000000189 000000b461ffe1c0
0x000000b461ffe160:   000000b461ffe220 00000297ff6c7b60
0x000000b461ffe170:   0000029788a78940 00000297908d50b0 

Instructions: (pc=0x00007fff346deda0)
0x00007fff346deca0:   8b c1 44 8b d1 4c 2b c0 0f 29 74 24 10 4d 8b c8
0x00007fff346decb0:   0f 29 3c 24 49 c1 e9 07 f6 c2 0f 0f 84 af 00 00
0x00007fff346decc0:   00 4d 85 c9 74 6b 66 66 0f 1f 84 00 00 00 00 00
0x00007fff346decd0:   f3 0f 6f 02 41 ff c2 f3 0f 6f 4a 10 41 8b c2 f3
0x00007fff346dece0:   0f 6f 52 20 f3 0f 6f 5a 30 f3 0f 6f 62 40 f3 0f
0x00007fff346decf0:   6f 6a 50 f3 0f 6f 72 60 f3 0f 6f 7a 70 66 0f e7
0x00007fff346ded00:   07 66 0f e7 4f 10 66 0f e7 57 20 66 0f e7 5f 30
0x00007fff346ded10:   66 0f e7 67 40 66 0f e7 6f 50 66 0f e7 77 60 66
0x00007fff346ded20:   0f e7 7f 70 48 83 ef 80 48 83 ea 80 49 3b c1 72
0x00007fff346ded30:   9f 41 83 e0 7f 0f 84 e0 00 00 00 45 8b d0 44 8b
0x00007fff346ded40:   c9 49 c1 ea 04 4d 85 d2 0f 84 cd 00 00 00 66 90
0x00007fff346ded50:   f3 0f 6f 02 41 ff c1 48 83 c2 10 41 8b c1 66 0f
0x00007fff346ded60:   e7 07 48 83 c7 10 49 3b c2 72 e5 e9 ab 00 00 00
0x00007fff346ded70:   4d 85 c9 74 6c 66 66 66 0f 1f 84 00 00 00 00 00
0x00007fff346ded80:   f3 0f 6f 02 41 ff c2 f3 0f 6f 4a 10 f3 0f 6f 52
0x00007fff346ded90:   20 f3 0f 6f 5a 30 f3 0f 6f 62 40 f3 0f 6f 6a 50
0x00007fff346deda0:   f3 0f 6f 72 60 f3 0f 6f 7a 70 48 83 ea 80 66 0f
0x00007fff346dedb0:   e7 07 66 0f e7 4f 10 66 0f e7 57 20 66 0f e7 5f
0x00007fff346dedc0:   30 66 0f e7 67 40 66 0f e7 6f 50 66 0f e7 77 60
0x00007fff346dedd0:   66 0f e7 7f 70 48 83 ef 80 41 8b c2 49 3b c1 72
0x00007fff346dede0:   9f 41 83 e0 7f 74 34 45 8b d0 44 8b c9 49 c1 ea
0x00007fff346dedf0:   04 4d 85 d2 74 25 66 66 0f 1f 84 00 00 00 00 00
0x00007fff346dee00:   f3 0f 6f 02 41 ff c1 66 0f e7 07 48 83 c7 10 41
0x00007fff346dee10:   8b c1 48 83 c2 10 49 3b c2 72 e5 0f 28 74 24 10
0x00007fff346dee20:   0f 28 3c 24 41 83 e0 0f 74 49 45 8b d0 44 8b c9
0x00007fff346dee30:   49 c1 ea 02 4d 85 d2 74 1e 0f 1f 80 00 00 00 00
0x00007fff346dee40:   8b 02 41 ff c1 89 07 48 83 c2 04 48 83 c7 04 41
0x00007fff346dee50:   8b c1 49 3b c2 72 e9 41 83 e0 03 76 16 48 2b d7
0x00007fff346dee60:   0f b6 04 3a ff c1 88 07 48 8d 7f 01 8b c1 49 3b
0x00007fff346dee70:   c0 72 ed 48 83 c4 20 5f c3 cc cc cc cc cc cc cc
0x00007fff346dee80:   40 53 48 83 ec 20 48 8b da 48 8b d1 48 8b 0b 48
0x00007fff346dee90:   85 c9 74 2d 48 8b 01 48 8b 40 10 ff 15 5f d7 a4 


Stack slot to memory mapping:
stack at sp + 0 slots: 0x000000004350fd41 is an unknown value
stack at sp + 1 slots: 0x0 is NULL
stack at sp + 2 slots: 0x000000004350fd41 is an unknown value
stack at sp + 3 slots: 0x0 is NULL
stack at sp + 4 slots: 0x00000297916c0ea0 points into unknown readable memory: 0x0000000000000000 | 00 00 00 00 00 00 00 00
stack at sp + 5 slots: 0x00007fff35004590 ig9icd64.dll
stack at sp + 6 slots: 0x0000000000000001 is an unknown value
stack at sp + 7 slots: 0x000000b461ffe1b0 is pointing into the stack for thread: 0x00000297d63bd540


---------------  P R O C E S S  ---------------

Threads class SMR info:
_java_thread_list=0x0000029788918690, length=14, elements={
0x00000297d63bd540, 0x00000297f82d2060, 0x00000297f82d2c10, 0x00000297f82e83c0,
0x00000297f82ecf80, 0x00000297f82ef940, 0x00000297f82f02f0, 0x00000297f82fb0a0,
0x00000297f8302360, 0x00000297f8304490, 0x00000297fad3dd90, 0x00000297fad44c80,
0x00000297f8302870, 0x00000297f8300500
}

Java Threads: ( => current thread )
=>0x00000297d63bd540 JavaThread "main" [_thread_in_native, id=15376, stack(0x000000b461f00000,0x000000b462000000)]
  0x00000297f82d2060 JavaThread "Reference Handler" daemon [_thread_blocked, id=19244, stack(0x000000b462600000,0x000000b462700000)]
  0x00000297f82d2c10 JavaThread "Finalizer" daemon [_thread_blocked, id=18004, stack(0x000000b462700000,0x000000b462800000)]
  0x00000297f82e83c0 JavaThread "Signal Dispatcher" daemon [_thread_blocked, id=3952, stack(0x000000b462800000,0x000000b462900000)]
  0x00000297f82ecf80 JavaThread "Attach Listener" daemon [_thread_blocked, id=19372, stack(0x000000b462900000,0x000000b462a00000)]
  0x00000297f82ef940 JavaThread "Service Thread" daemon [_thread_blocked, id=13716, stack(0x000000b462a00000,0x000000b462b00000)]
  0x00000297f82f02f0 JavaThread "Monitor Deflation Thread" daemon [_thread_blocked, id=10744, stack(0x000000b462b00000,0x000000b462c00000)]
  0x00000297f82fb0a0 JavaThread "C2 CompilerThread0" daemon [_thread_blocked, id=18056, stack(0x000000b462c00000,0x000000b462d00000)]
  0x00000297f8302360 JavaThread "C1 CompilerThread0" daemon [_thread_blocked, id=5744, stack(0x000000b462d00000,0x000000b462e00000)]
  0x00000297f8304490 JavaThread "Sweeper thread" daemon [_thread_blocked, id=10648, stack(0x000000b462e00000,0x000000b462f00000)]
  0x00000297fad3dd90 JavaThread "Notification Thread" daemon [_thread_blocked, id=7112, stack(0x000000b462f00000,0x000000b463000000)]
  0x00000297fad44c80 JavaThread "Common-Cleaner" daemon [_thread_blocked, id=10232, stack(0x000000b463100000,0x000000b463200000)]
  0x00000297f8302870 JavaThread "C2 CompilerThread1" daemon [_thread_blocked, id=18072, stack(0x000000b463300000,0x000000b463400000)]
  0x00000297f8300500 JavaThread "C2 CompilerThread2" daemon [_thread_blocked, id=17176, stack(0x000000b464200000,0x000000b464300000)]

Other Threads:
  0x00000297f82cd5c0 VMThread "VM Thread" [stack: 0x000000b462500000,0x000000b462600000] [id=6320]
  0x00000297f813a230 WatcherThread [stack: 0x000000b463000000,0x000000b463100000] [id=3260]
  0x00000297d646a790 GCTaskThread "GC Thread#0" [stack: 0x000000b462000000,0x000000b462100000] [id=12092]
  0x0000029788823bb0 GCTaskThread "GC Thread#1" [stack: 0x000000b463b00000,0x000000b463c00000] [id=1380]
  0x0000029788cc15f0 GCTaskThread "GC Thread#2" [stack: 0x000000b463c00000,0x000000b463d00000] [id=8188]
  0x0000029788cc18a0 GCTaskThread "GC Thread#3" [stack: 0x000000b463d00000,0x000000b463e00000] [id=16776]
  0x0000029788cc1b50 GCTaskThread "GC Thread#4" [stack: 0x000000b463e00000,0x000000b463f00000] [id=11940]
  0x0000029788cc1e00 GCTaskThread "GC Thread#5" [stack: 0x000000b463f00000,0x000000b464000000] [id=848]
  0x0000029788828cf0 GCTaskThread "GC Thread#6" [stack: 0x000000b464000000,0x000000b464100000] [id=3892]
  0x0000029788828fa0 GCTaskThread "GC Thread#7" [stack: 0x000000b464100000,0x000000b464200000] [id=11412]
  0x00000297f8130320 ConcurrentGCThread "G1 Main Marker" [stack: 0x000000b462100000,0x000000b462200000] [id=7912]
  0x00000297d646b460 ConcurrentGCThread "G1 Conc#0" [stack: 0x000000b462200000,0x000000b462300000] [id=9600]
  0x00000297f8209620 ConcurrentGCThread "G1 Refine#0" [stack: 0x000000b462300000,0x000000b462400000] [id=4640]
  0x00000297f8209ee0 ConcurrentGCThread "G1 Service" [stack: 0x000000b462400000,0x000000b462500000] [id=18180]

Threads with active compile tasks:

VM state: not at safepoint (normal execution)

VM Mutex/Monitor currently owned by a thread: None

Heap address: 0x0000000602400000, size: 8156 MB, Compressed Oops mode: Zero based, Oop shift amount: 3

CDS archive(s) mapped at: [0x0000000800000000-0x0000000800bc0000-0x0000000800bc0000), size 12320768, SharedBaseAddress: 0x0000000800000000, ArchiveRelocationMode: 0.
Compressed class space mapped at: 0x0000000801000000-0x0000000841000000, reserved size: 1073741824
Narrow klass base: 0x0000000800000000, Narrow klass shift: 0, Narrow klass range: 0x100000000

GC Precious Log:
 CPUs: 8 total, 8 available
 Memory: 32615M
 Large Page Support: Disabled
 NUMA Support: Disabled
 Compressed Oops: Enabled (Zero based)
 Heap Region Size: 4M
 Heap Min Capacity: 8M
 Heap Initial Capacity: 512M
 Heap Max Capacity: 8156M
 Pre-touch: Disabled
 Parallel Workers: 8
 Concurrent Workers: 2
 Concurrent Refinement Workers: 8
 Periodic GC: Disabled

Heap:
 garbage-first heap   total 524288K, used 84889K [0x0000000602400000, 0x0000000800000000)
  region size 4096K, 12 young (49152K), 8 survivors (32768K)
 Metaspace       used 7232K, committed 7424K, reserved 1114112K
  class space    used 415K, committed 512K, reserved 1048576K

Heap Regions: E=young(eden), S=young(survivor), O=old, HS=humongous(starts), HC=humongous(continues), CS=collection set, F=free, OA=open archive, CA=closed archive, TAMS=top-at-mark-start (previous, next)
|   0|0x0000000602400000, 0x0000000602800000, 0x0000000602800000|100%| O|  |TAMS 0x0000000602400000, 0x0000000602400000| Untracked 
|   1|0x0000000602800000, 0x0000000602c00000, 0x0000000602c00000|100%| O|  |TAMS 0x0000000602800000, 0x0000000602800000| Untracked 
|   2|0x0000000602c00000, 0x0000000603000000, 0x0000000603000000|100%|HS|  |TAMS 0x0000000602c00000, 0x0000000602c00000| Complete 
|   3|0x0000000603000000, 0x0000000603400000, 0x0000000603400000|100%| O|  |TAMS 0x0000000603000000, 0x0000000603000000| Untracked 
|   4|0x0000000603400000, 0x0000000603800000, 0x0000000603800000|100%| O|  |TAMS 0x0000000603400000, 0x0000000603400000| Untracked 
|   5|0x0000000603800000, 0x0000000603c00000, 0x0000000603c00000|100%| O|  |TAMS 0x0000000603800000, 0x0000000603800000| Untracked 
|   6|0x0000000603c00000, 0x0000000604000000, 0x0000000604000000|100%| O|  |TAMS 0x0000000603c00000, 0x0000000603c00000| Untracked 
|   7|0x0000000604000000, 0x00000006042e6600, 0x0000000604400000| 72%| O|  |TAMS 0x0000000604000000, 0x0000000604000000| Untracked 
|   8|0x0000000604400000, 0x0000000604800000, 0x0000000604800000|100%|HS|  |TAMS 0x0000000604400000, 0x0000000604400000| Complete 
|   9|0x0000000604800000, 0x0000000604c00000, 0x0000000604c00000|100%|HC|  |TAMS 0x0000000604800000, 0x0000000604800000| Complete 
|  10|0x0000000604c00000, 0x0000000604c00000, 0x0000000605000000|  0%| F|  |TAMS 0x0000000604c00000, 0x0000000604c00000| Untracked 
|  11|0x0000000605000000, 0x0000000605000000, 0x0000000605400000|  0%| F|  |TAMS 0x0000000605000000, 0x0000000605000000| Untracked 
|  12|0x0000000605400000, 0x0000000605400000, 0x0000000605800000|  0%| F|  |TAMS 0x0000000605400000, 0x0000000605400000| Untracked 
|  13|0x0000000605800000, 0x0000000605800000, 0x0000000605c00000|  0%| F|  |TAMS 0x0000000605800000, 0x0000000605800000| Untracked 
|  14|0x0000000605c00000, 0x0000000605c00000, 0x0000000606000000|  0%| F|  |TAMS 0x0000000605c00000, 0x0000000605c00000| Untracked 
|  15|0x0000000606000000, 0x0000000606000000, 0x0000000606400000|  0%| F|  |TAMS 0x0000000606000000, 0x0000000606000000| Untracked 
|  16|0x0000000606400000, 0x0000000606400000, 0x0000000606800000|  0%| F|  |TAMS 0x0000000606400000, 0x0000000606400000| Untracked 
|  17|0x0000000606800000, 0x0000000606800000, 0x0000000606c00000|  0%| F|  |TAMS 0x0000000606800000, 0x0000000606800000| Untracked 
|  18|0x0000000606c00000, 0x0000000606c00000, 0x0000000607000000|  0%| F|  |TAMS 0x0000000606c00000, 0x0000000606c00000| Untracked 
|  19|0x0000000607000000, 0x0000000607000000, 0x0000000607400000|  0%| F|  |TAMS 0x0000000607000000, 0x0000000607000000| Untracked 
|  20|0x0000000607400000, 0x0000000607400000, 0x0000000607800000|  0%| F|  |TAMS 0x0000000607400000, 0x0000000607400000| Untracked 
|  21|0x0000000607800000, 0x0000000607800000, 0x0000000607c00000|  0%| F|  |TAMS 0x0000000607800000, 0x0000000607800000| Untracked 
|  22|0x0000000607c00000, 0x0000000607c00000, 0x0000000608000000|  0%| F|  |TAMS 0x0000000607c00000, 0x0000000607c00000| Untracked 
|  23|0x0000000608000000, 0x0000000608000000, 0x0000000608400000|  0%| F|  |TAMS 0x0000000608000000, 0x0000000608000000| Untracked 
|  24|0x0000000608400000, 0x0000000608400000, 0x0000000608800000|  0%| F|  |TAMS 0x0000000608400000, 0x0000000608400000| Untracked 
|  25|0x0000000608800000, 0x0000000608800000, 0x0000000608c00000|  0%| F|  |TAMS 0x0000000608800000, 0x0000000608800000| Untracked 
|  26|0x0000000608c00000, 0x0000000608c00000, 0x0000000609000000|  0%| F|  |TAMS 0x0000000608c00000, 0x0000000608c00000| Untracked 
|  27|0x0000000609000000, 0x0000000609000000, 0x0000000609400000|  0%| F|  |TAMS 0x0000000609000000, 0x0000000609000000| Untracked 
|  28|0x0000000609400000, 0x0000000609400000, 0x0000000609800000|  0%| F|  |TAMS 0x0000000609400000, 0x0000000609400000| Untracked 
|  29|0x0000000609800000, 0x0000000609800000, 0x0000000609c00000|  0%| F|  |TAMS 0x0000000609800000, 0x0000000609800000| Untracked 
|  30|0x0000000609c00000, 0x0000000609c00000, 0x000000060a000000|  0%| F|  |TAMS 0x0000000609c00000, 0x0000000609c00000| Untracked 
|  31|0x000000060a000000, 0x000000060a000000, 0x000000060a400000|  0%| F|  |TAMS 0x000000060a000000, 0x000000060a000000| Untracked 
|  32|0x000000060a400000, 0x000000060a400000, 0x000000060a800000|  0%| F|  |TAMS 0x000000060a400000, 0x000000060a400000| Untracked 
|  33|0x000000060a800000, 0x000000060a800000, 0x000000060ac00000|  0%| F|  |TAMS 0x000000060a800000, 0x000000060a800000| Untracked 
|  34|0x000000060ac00000, 0x000000060ac00000, 0x000000060b000000|  0%| F|  |TAMS 0x000000060ac00000, 0x000000060ac00000| Untracked 
|  35|0x000000060b000000, 0x000000060b000000, 0x000000060b400000|  0%| F|  |TAMS 0x000000060b000000, 0x000000060b000000| Untracked 
|  36|0x000000060b400000, 0x000000060b400000, 0x000000060b800000|  0%| F|  |TAMS 0x000000060b400000, 0x000000060b400000| Untracked 
|  37|0x000000060b800000, 0x000000060b800000, 0x000000060bc00000|  0%| F|  |TAMS 0x000000060b800000, 0x000000060b800000| Untracked 
|  38|0x000000060bc00000, 0x000000060bc00000, 0x000000060c000000|  0%| F|  |TAMS 0x000000060bc00000, 0x000000060bc00000| Untracked 
|  39|0x000000060c000000, 0x000000060c000000, 0x000000060c400000|  0%| F|  |TAMS 0x000000060c000000, 0x000000060c000000| Untracked 
|  40|0x000000060c400000, 0x000000060c400000, 0x000000060c800000|  0%| F|  |TAMS 0x000000060c400000, 0x000000060c400000| Untracked 
|  41|0x000000060c800000, 0x000000060c800000, 0x000000060cc00000|  0%| F|  |TAMS 0x000000060c800000, 0x000000060c800000| Untracked 
|  42|0x000000060cc00000, 0x000000060cc00000, 0x000000060d000000|  0%| F|  |TAMS 0x000000060cc00000, 0x000000060cc00000| Untracked 
|  43|0x000000060d000000, 0x000000060d000000, 0x000000060d400000|  0%| F|  |TAMS 0x000000060d000000, 0x000000060d000000| Untracked 
|  44|0x000000060d400000, 0x000000060d400000, 0x000000060d800000|  0%| F|  |TAMS 0x000000060d400000, 0x000000060d400000| Untracked 
|  45|0x000000060d800000, 0x000000060d800000, 0x000000060dc00000|  0%| F|  |TAMS 0x000000060d800000, 0x000000060d800000| Untracked 
|  46|0x000000060dc00000, 0x000000060dc00000, 0x000000060e000000|  0%| F|  |TAMS 0x000000060dc00000, 0x000000060dc00000| Untracked 
|  47|0x000000060e000000, 0x000000060e000000, 0x000000060e400000|  0%| F|  |TAMS 0x000000060e000000, 0x000000060e000000| Untracked 
|  48|0x000000060e400000, 0x000000060e400000, 0x000000060e800000|  0%| F|  |TAMS 0x000000060e400000, 0x000000060e400000| Untracked 
|  49|0x000000060e800000, 0x000000060e800000, 0x000000060ec00000|  0%| F|  |TAMS 0x000000060e800000, 0x000000060e800000| Untracked 
|  50|0x000000060ec00000, 0x000000060ec00000, 0x000000060f000000|  0%| F|  |TAMS 0x000000060ec00000, 0x000000060ec00000| Untracked 
|  51|0x000000060f000000, 0x000000060f000000, 0x000000060f400000|  0%| F|  |TAMS 0x000000060f000000, 0x000000060f000000| Untracked 
|  52|0x000000060f400000, 0x000000060f400000, 0x000000060f800000|  0%| F|  |TAMS 0x000000060f400000, 0x000000060f400000| Untracked 
|  53|0x000000060f800000, 0x000000060f800000, 0x000000060fc00000|  0%| F|  |TAMS 0x000000060f800000, 0x000000060f800000| Untracked 
|  54|0x000000060fc00000, 0x000000060fc00000, 0x0000000610000000|  0%| F|  |TAMS 0x000000060fc00000, 0x000000060fc00000| Untracked 
|  55|0x0000000610000000, 0x0000000610000000, 0x0000000610400000|  0%| F|  |TAMS 0x0000000610000000, 0x0000000610000000| Untracked 
|  56|0x0000000610400000, 0x0000000610400000, 0x0000000610800000|  0%| F|  |TAMS 0x0000000610400000, 0x0000000610400000| Untracked 
|  57|0x0000000610800000, 0x0000000610800000, 0x0000000610c00000|  0%| F|  |TAMS 0x0000000610800000, 0x0000000610800000| Untracked 
|  58|0x0000000610c00000, 0x0000000610c00000, 0x0000000611000000|  0%| F|  |TAMS 0x0000000610c00000, 0x0000000610c00000| Untracked 
|  59|0x0000000611000000, 0x0000000611000000, 0x0000000611400000|  0%| F|  |TAMS 0x0000000611000000, 0x0000000611000000| Untracked 
|  60|0x0000000611400000, 0x0000000611400000, 0x0000000611800000|  0%| F|  |TAMS 0x0000000611400000, 0x0000000611400000| Untracked 
|  61|0x0000000611800000, 0x0000000611c00000, 0x0000000611c00000|100%| S|CS|TAMS 0x0000000611800000, 0x0000000611800000| Complete 
|  62|0x0000000611c00000, 0x0000000612000000, 0x0000000612000000|100%| S|CS|TAMS 0x0000000611c00000, 0x0000000611c00000| Complete 
|  63|0x0000000612000000, 0x0000000612400000, 0x0000000612400000|100%| S|CS|TAMS 0x0000000612000000, 0x0000000612000000| Complete 
|  64|0x0000000612400000, 0x0000000612800000, 0x0000000612800000|100%| S|CS|TAMS 0x0000000612400000, 0x0000000612400000| Complete 
|  65|0x0000000612800000, 0x0000000612c00000, 0x0000000612c00000|100%| S|CS|TAMS 0x0000000612800000, 0x0000000612800000| Complete 
|  66|0x0000000612c00000, 0x0000000613000000, 0x0000000613000000|100%| S|CS|TAMS 0x0000000612c00000, 0x0000000612c00000| Complete 
|  67|0x0000000613000000, 0x0000000613400000, 0x0000000613400000|100%| S|CS|TAMS 0x0000000613000000, 0x0000000613000000| Complete 
|  68|0x0000000613400000, 0x0000000613800000, 0x0000000613800000|100%| S|CS|TAMS 0x0000000613400000, 0x0000000613400000| Complete 
|  69|0x0000000613800000, 0x0000000613800000, 0x0000000613c00000|  0%| F|  |TAMS 0x0000000613800000, 0x0000000613800000| Untracked 
|  70|0x0000000613c00000, 0x0000000613c00000, 0x0000000614000000|  0%| F|  |TAMS 0x0000000613c00000, 0x0000000613c00000| Untracked 
|  71|0x0000000614000000, 0x0000000614000000, 0x0000000614400000|  0%| F|  |TAMS 0x0000000614000000, 0x0000000614000000| Untracked 
|  72|0x0000000614400000, 0x0000000614400000, 0x0000000614800000|  0%| F|  |TAMS 0x0000000614400000, 0x0000000614400000| Untracked 
|  73|0x0000000614800000, 0x0000000614800000, 0x0000000614c00000|  0%| F|  |TAMS 0x0000000614800000, 0x0000000614800000| Untracked 
|  74|0x0000000614c00000, 0x0000000614c00000, 0x0000000615000000|  0%| F|  |TAMS 0x0000000614c00000, 0x0000000614c00000| Untracked 
|  75|0x0000000615000000, 0x0000000615000000, 0x0000000615400000|  0%| F|  |TAMS 0x0000000615000000, 0x0000000615000000| Untracked 
|  76|0x0000000615400000, 0x0000000615400000, 0x0000000615800000|  0%| F|  |TAMS 0x0000000615400000, 0x0000000615400000| Untracked 
|  77|0x0000000615800000, 0x0000000615800000, 0x0000000615c00000|  0%| F|  |TAMS 0x0000000615800000, 0x0000000615800000| Untracked 
|  78|0x0000000615c00000, 0x0000000615c00000, 0x0000000616000000|  0%| F|  |TAMS 0x0000000615c00000, 0x0000000615c00000| Untracked 
|  79|0x0000000616000000, 0x0000000616000000, 0x0000000616400000|  0%| F|  |TAMS 0x0000000616000000, 0x0000000616000000| Untracked 
|  80|0x0000000616400000, 0x0000000616400000, 0x0000000616800000|  0%| F|  |TAMS 0x0000000616400000, 0x0000000616400000| Untracked 
|  81|0x0000000616800000, 0x0000000616800000, 0x0000000616c00000|  0%| F|  |TAMS 0x0000000616800000, 0x0000000616800000| Untracked 
|  82|0x0000000616c00000, 0x0000000616c00000, 0x0000000617000000|  0%| F|  |TAMS 0x0000000616c00000, 0x0000000616c00000| Untracked 
|  83|0x0000000617000000, 0x0000000617000000, 0x0000000617400000|  0%| F|  |TAMS 0x0000000617000000, 0x0000000617000000| Untracked 
|  84|0x0000000617400000, 0x0000000617400000, 0x0000000617800000|  0%| F|  |TAMS 0x0000000617400000, 0x0000000617400000| Untracked 
|  85|0x0000000617800000, 0x0000000617800000, 0x0000000617c00000|  0%| F|  |TAMS 0x0000000617800000, 0x0000000617800000| Untracked 
|  86|0x0000000617c00000, 0x0000000617c00000, 0x0000000618000000|  0%| F|  |TAMS 0x0000000617c00000, 0x0000000617c00000| Untracked 
|  87|0x0000000618000000, 0x0000000618000000, 0x0000000618400000|  0%| F|  |TAMS 0x0000000618000000, 0x0000000618000000| Untracked 
|  88|0x0000000618400000, 0x0000000618400000, 0x0000000618800000|  0%| F|  |TAMS 0x0000000618400000, 0x0000000618400000| Untracked 
|  89|0x0000000618800000, 0x0000000618800000, 0x0000000618c00000|  0%| F|  |TAMS 0x0000000618800000, 0x0000000618800000| Untracked 
|  90|0x0000000618c00000, 0x0000000618c00000, 0x0000000619000000|  0%| F|  |TAMS 0x0000000618c00000, 0x0000000618c00000| Untracked 
|  91|0x0000000619000000, 0x0000000619000000, 0x0000000619400000|  0%| F|  |TAMS 0x0000000619000000, 0x0000000619000000| Untracked 
|  92|0x0000000619400000, 0x0000000619400000, 0x0000000619800000|  0%| F|  |TAMS 0x0000000619400000, 0x0000000619400000| Untracked 
|  93|0x0000000619800000, 0x0000000619800000, 0x0000000619c00000|  0%| F|  |TAMS 0x0000000619800000, 0x0000000619800000| Untracked 
|  94|0x0000000619c00000, 0x0000000619c00000, 0x000000061a000000|  0%| F|  |TAMS 0x0000000619c00000, 0x0000000619c00000| Untracked 
|  95|0x000000061a000000, 0x000000061a000000, 0x000000061a400000|  0%| F|  |TAMS 0x000000061a000000, 0x000000061a000000| Untracked 
|  96|0x000000061a400000, 0x000000061a400000, 0x000000061a800000|  0%| F|  |TAMS 0x000000061a400000, 0x000000061a400000| Untracked 
|  97|0x000000061a800000, 0x000000061a800000, 0x000000061ac00000|  0%| F|  |TAMS 0x000000061a800000, 0x000000061a800000| Untracked 
|  98|0x000000061ac00000, 0x000000061ac00000, 0x000000061b000000|  0%| F|  |TAMS 0x000000061ac00000, 0x000000061ac00000| Untracked 
|  99|0x000000061b000000, 0x000000061b000000, 0x000000061b400000|  0%| F|  |TAMS 0x000000061b000000, 0x000000061b000000| Untracked 
| 100|0x000000061b400000, 0x000000061b400000, 0x000000061b800000|  0%| F|  |TAMS 0x000000061b400000, 0x000000061b400000| Untracked 
| 101|0x000000061b800000, 0x000000061b800000, 0x000000061bc00000|  0%| F|  |TAMS 0x000000061b800000, 0x000000061b800000| Untracked 
| 102|0x000000061bc00000, 0x000000061bc00000, 0x000000061c000000|  0%| F|  |TAMS 0x000000061bc00000, 0x000000061bc00000| Untracked 
| 103|0x000000061c000000, 0x000000061c000000, 0x000000061c400000|  0%| F|  |TAMS 0x000000061c000000, 0x000000061c000000| Untracked 
| 104|0x000000061c400000, 0x000000061c400000, 0x000000061c800000|  0%| F|  |TAMS 0x000000061c400000, 0x000000061c400000| Untracked 
| 105|0x000000061c800000, 0x000000061c800000, 0x000000061cc00000|  0%| F|  |TAMS 0x000000061c800000, 0x000000061c800000| Untracked 
| 106|0x000000061cc00000, 0x000000061cc00000, 0x000000061d000000|  0%| F|  |TAMS 0x000000061cc00000, 0x000000061cc00000| Untracked 
| 107|0x000000061d000000, 0x000000061d000000, 0x000000061d400000|  0%| F|  |TAMS 0x000000061d000000, 0x000000061d000000| Untracked 
| 108|0x000000061d400000, 0x000000061d400000, 0x000000061d800000|  0%| F|  |TAMS 0x000000061d400000, 0x000000061d400000| Untracked 
| 109|0x000000061d800000, 0x000000061d800000, 0x000000061dc00000|  0%| F|  |TAMS 0x000000061d800000, 0x000000061d800000| Untracked 
| 110|0x000000061dc00000, 0x000000061dc00000, 0x000000061e000000|  0%| F|  |TAMS 0x000000061dc00000, 0x000000061dc00000| Untracked 
| 111|0x000000061e000000, 0x000000061e000000, 0x000000061e400000|  0%| F|  |TAMS 0x000000061e000000, 0x000000061e000000| Untracked 
| 112|0x000000061e400000, 0x000000061e400000, 0x000000061e800000|  0%| F|  |TAMS 0x000000061e400000, 0x000000061e400000| Untracked 
| 113|0x000000061e800000, 0x000000061e800000, 0x000000061ec00000|  0%| F|  |TAMS 0x000000061e800000, 0x000000061e800000| Untracked 
| 114|0x000000061ec00000, 0x000000061ec00000, 0x000000061f000000|  0%| F|  |TAMS 0x000000061ec00000, 0x000000061ec00000| Untracked 
| 115|0x000000061f000000, 0x000000061f000000, 0x000000061f400000|  0%| F|  |TAMS 0x000000061f000000, 0x000000061f000000| Untracked 
| 116|0x000000061f400000, 0x000000061f400000, 0x000000061f800000|  0%| F|  |TAMS 0x000000061f400000, 0x000000061f400000| Untracked 
| 117|0x000000061f800000, 0x000000061f800000, 0x000000061fc00000|  0%| F|  |TAMS 0x000000061f800000, 0x000000061f800000| Untracked 
| 118|0x000000061fc00000, 0x000000061fc00000, 0x0000000620000000|  0%| F|  |TAMS 0x000000061fc00000, 0x000000061fc00000| Untracked 
| 119|0x0000000620000000, 0x0000000620000000, 0x0000000620400000|  0%| F|  |TAMS 0x0000000620000000, 0x0000000620000000| Untracked 
| 120|0x0000000620400000, 0x0000000620400000, 0x0000000620800000|  0%| F|  |TAMS 0x0000000620400000, 0x0000000620400000| Untracked 
| 121|0x0000000620800000, 0x0000000620800000, 0x0000000620c00000|  0%| F|  |TAMS 0x0000000620800000, 0x0000000620800000| Untracked 
| 122|0x0000000620c00000, 0x0000000620c00000, 0x0000000621000000|  0%| F|  |TAMS 0x0000000620c00000, 0x0000000620c00000| Untracked 
| 123|0x0000000621000000, 0x0000000621000000, 0x0000000621400000|  0%| F|  |TAMS 0x0000000621000000, 0x0000000621000000| Untracked 
| 124|0x0000000621400000, 0x0000000621800000, 0x0000000621800000|100%| E|  |TAMS 0x0000000621400000, 0x0000000621400000| Complete 
| 125|0x0000000621800000, 0x0000000621c00000, 0x0000000621c00000|100%| E|CS|TAMS 0x0000000621800000, 0x0000000621800000| Complete 
| 126|0x0000000621c00000, 0x0000000622000000, 0x0000000622000000|100%| E|CS|TAMS 0x0000000621c00000, 0x0000000621c00000| Complete 
| 127|0x0000000622000000, 0x0000000622400000, 0x0000000622400000|100%| E|CS|TAMS 0x0000000622000000, 0x0000000622000000| Complete 

Card table byte_map: [0x00000297ee1d0000,0x00000297ef1c0000] _byte_map_base: 0x00000297eb1be000

Marking Bits (Prev, Next): (CMBitMap*) 0x00000297d646ada0, (CMBitMap*) 0x00000297d646ade0
 Prev Bits: [0x00000297f01b0000, 0x00000297f8120000)
 Next Bits: [0x0000029780000000, 0x0000029787f70000)

Polling page: 0x00000297d5b70000

Metaspace:

Usage:
  Non-class:      6.66 MB used.
      Class:    415.91 KB used.
       Both:      7.06 MB used.

Virtual space:
  Non-class space:       64.00 MB reserved,       6.75 MB ( 11%) committed,  1 nodes.
      Class space:        1.00 GB reserved,     512.00 KB ( <1%) committed,  1 nodes.
             Both:        1.06 GB reserved,       7.25 MB ( <1%) committed. 

Chunk freelists:
   Non-Class:  7.39 MB
       Class:  15.47 MB
        Both:  22.86 MB

MaxMetaspaceSize: unlimited
CompressedClassSpaceSize: 1.00 GB
Initial GC threshold: 21.00 MB
Current GC threshold: 21.00 MB
CDS: on
MetaspaceReclaimPolicy: balanced
 - commit_granule_bytes: 65536.
 - commit_granule_words: 8192.
 - virtual_space_node_default_size: 8388608.
 - enlarge_chunks_in_place: 1.
 - new_chunks_are_fully_committed: 0.
 - uncommit_free_chunks: 1.
 - use_allocation_guard: 0.
 - handle_deallocations: 1.


Internal statistics:

num_allocs_failed_limit: 0.
num_arena_births: 112.
num_arena_deaths: 0.
num_vsnodes_births: 2.
num_vsnodes_deaths: 0.
num_space_committed: 113.
num_space_uncommitted: 0.
num_chunks_returned_to_freelist: 0.
num_chunks_taken_from_freelist: 307.
num_chunk_merges: 0.
num_chunk_splits: 222.
num_chunks_enlarged: 167.
num_inconsistent_stats: 0.

CodeHeap 'non-profiled nmethods': size=120000Kb used=1020Kb max_used=1020Kb free=118979Kb
 bounds [0x00000297e5980000, 0x00000297e5bf0000, 0x00000297eceb0000]
CodeHeap 'profiled nmethods': size=120000Kb used=2815Kb max_used=2815Kb free=117184Kb
 bounds [0x00000297ddeb0000, 0x00000297de170000, 0x00000297e53e0000]
CodeHeap 'non-nmethods': size=5760Kb used=1667Kb max_used=1708Kb free=4092Kb
 bounds [0x00000297e53e0000, 0x00000297e5650000, 0x00000297e5980000]
 total_blobs=2624 nmethods=1504 adapters=1033
 compilation: enabled
              stopped_count=0, restarted_count=0
 full_count=0

Compilation events (20 events):
Event: 2.527 Thread 0x00000297f8302360 nmethod 1494 0x00000297de16ab90 code [0x00000297de16ad20, 0x00000297de16ae38]
Event: 2.527 Thread 0x00000297f8302360 1495       3       sun.nio.ch.FileDispatcherImpl::read (8 bytes)
Event: 2.527 Thread 0x00000297f8302360 nmethod 1495 0x00000297de16af10 code [0x00000297de16b0a0, 0x00000297de16b1e8]
Event: 2.527 Thread 0x00000297f8302360 1496       3       sun.nio.ch.IOUtil::read (14 bytes)
Event: 2.527 Thread 0x00000297f8302360 nmethod 1496 0x00000297de16b290 code [0x00000297de16b420, 0x00000297de16b548]
Event: 2.529 Thread 0x00000297f8302360 1497       3       sun.security.provider.DigestBase::engineUpdate (189 bytes)
Event: 2.530 Thread 0x00000297f8302360 nmethod 1497 0x00000297de16b610 code [0x00000297de16b880, 0x00000297de16c578]
Event: 2.530 Thread 0x00000297f8302360 1498       3       java.security.MessageDigest::update (45 bytes)
Event: 2.530 Thread 0x00000297f8302360 nmethod 1498 0x00000297de16c910 code [0x00000297de16cb00, 0x00000297de16cfe8]
Event: 2.530 Thread 0x00000297f8302360 1499       3       java.security.MessageDigest$Delegate::engineUpdate (11 bytes)
Event: 2.531 Thread 0x00000297f8302360 nmethod 1499 0x00000297de16d190 code [0x00000297de16d340, 0x00000297de16d528]
Event: 2.542 Thread 0x00000297f8302360 1500       3       java.lang.invoke.MemberName::getType (19 bytes)
Event: 2.543 Thread 0x00000297f8302360 nmethod 1500 0x00000297de16d610 code [0x00000297de16d7e0, 0x00000297de16db98]
Event: 2.544 Thread 0x00000297f8302360 1501   !   3       jdk.internal.reflect.ReflectionFactory::checkInitted (100 bytes)
Event: 2.545 Thread 0x00000297f8302360 nmethod 1501 0x00000297de16dd10 code [0x00000297de16e020, 0x00000297de16f088]
Event: 2.546 Thread 0x00000297f8302360 1502       3       java.lang.reflect.ReflectAccess::getRoot (5 bytes)
Event: 2.546 Thread 0x00000297f8302360 nmethod 1502 0x00000297de16f510 code [0x00000297de16f6c0, 0x00000297de16f888]
Event: 2.552 Thread 0x00000297f8302870 nmethod 1486 0x00000297e5a7da90 code [0x00000297e5a7dc40, 0x00000297e5a7e9b8]
Event: 2.559 Thread 0x00000297f8302360 1503       3       jdk.internal.loader.NativeLibraries$NativeLibraryImpl::find (6 bytes)
Event: 2.559 Thread 0x00000297f8302360 nmethod 1503 0x00000297de16f990 code [0x00000297de16fb20, 0x00000297de16fc48]

GC Heap History (10 events):
Event: 1.258 GC heap before
{Heap before GC invocations=0 (full 0):
 garbage-first heap   total 524288K, used 24576K [0x0000000602400000, 0x0000000800000000)
  region size 4096K, 6 young (24576K), 0 survivors (0K)
 Metaspace       used 5640K, committed 5824K, reserved 1114112K
  class space    used 361K, committed 448K, reserved 1048576K
}
Event: 1.264 GC heap after
{Heap after GC invocations=1 (full 0):
 garbage-first heap   total 524288K, used 5004K [0x0000000602400000, 0x0000000800000000)
  region size 4096K, 1 young (4096K), 1 survivors (4096K)
 Metaspace       used 5640K, committed 5824K, reserved 1114112K
  class space    used 361K, committed 448K, reserved 1048576K
}
Event: 1.356 GC heap before
{Heap before GC invocations=1 (full 0):
 garbage-first heap   total 524288K, used 25484K [0x0000000602400000, 0x0000000800000000)
  region size 4096K, 6 young (24576K), 1 survivors (4096K)
 Metaspace       used 5668K, committed 5824K, reserved 1114112K
  class space    used 361K, committed 448K, reserved 1048576K
}
Event: 1.360 GC heap after
{Heap after GC invocations=2 (full 0):
 garbage-first heap   total 524288K, used 7628K [0x0000000602400000, 0x0000000800000000)
  region size 4096K, 1 young (4096K), 1 survivors (4096K)
 Metaspace       used 5668K, committed 5824K, reserved 1114112K
  class space    used 361K, committed 448K, reserved 1048576K
}
Event: 1.468 GC heap before
{Heap before GC invocations=2 (full 0):
 garbage-first heap   total 524288K, used 52684K [0x0000000602400000, 0x0000000800000000)
  region size 4096K, 12 young (49152K), 1 survivors (4096K)
 Metaspace       used 5683K, committed 5888K, reserved 1114112K
  class space    used 361K, committed 448K, reserved 1048576K
}
Event: 1.473 GC heap after
{Heap after GC invocations=3 (full 0):
 garbage-first heap   total 524288K, used 12020K [0x0000000602400000, 0x0000000800000000)
  region size 4096K, 2 young (8192K), 2 survivors (8192K)
 Metaspace       used 5683K, committed 5888K, reserved 1114112K
  class space    used 361K, committed 448K, reserved 1048576K
}
Event: 1.768 GC heap before
{Heap before GC invocations=3 (full 0):
 garbage-first heap   total 524288K, used 184052K [0x0000000602400000, 0x0000000800000000)
  region size 4096K, 44 young (180224K), 2 survivors (8192K)
 Metaspace       used 5687K, committed 5888K, reserved 1114112K
  class space    used 361K, committed 448K, reserved 1048576K
}
Event: 1.784 GC heap after
{Heap after GC invocations=4 (full 0):
 garbage-first heap   total 524288K, used 27755K [0x0000000602400000, 0x0000000800000000)
  region size 4096K, 6 young (24576K), 6 survivors (24576K)
 Metaspace       used 5687K, committed 5888K, reserved 1114112K
  class space    used 361K, committed 448K, reserved 1048576K
}
Event: 2.397 GC heap before
{Heap before GC invocations=4 (full 0):
 garbage-first heap   total 524288K, used 244843K [0x0000000602400000, 0x0000000800000000)
  region size 4096K, 59 young (241664K), 6 survivors (24576K)
 Metaspace       used 6378K, committed 6592K, reserved 1114112K
  class space    used 370K, committed 448K, reserved 1048576K
}
Event: 2.426 GC heap after
{Heap after GC invocations=5 (full 0):
 garbage-first heap   total 524288K, used 64409K [0x0000000602400000, 0x0000000800000000)
  region size 4096K, 8 young (32768K), 8 survivors (32768K)
 Metaspace       used 6378K, committed 6592K, reserved 1114112K
  class space    used 370K, committed 448K, reserved 1048576K
}

Dll operation events (10 events):
Event: 0.009 Loaded shared library C:\Users\Lasse\.jdks\corretto-17.0.7\bin\java.dll
Event: 0.020 Loaded shared library C:\Users\Lasse\.jdks\corretto-17.0.7\bin\jsvml.dll
Event: 0.138 Loaded shared library C:\Users\Lasse\.jdks\corretto-17.0.7\bin\net.dll
Event: 0.141 Loaded shared library C:\Users\Lasse\.jdks\corretto-17.0.7\bin\nio.dll
Event: 0.151 Loaded shared library C:\Users\Lasse\.jdks\corretto-17.0.7\bin\zip.dll
Event: 0.162 Loaded shared library C:\Users\Lasse\.jdks\corretto-17.0.7\bin\jimage.dll
Event: 0.554 Loaded shared library C:\Users\Lasse\AppData\Local\Temp\lwjgl_Lasse\3.3.2+13\x64\lwjgl.dll
Event: 0.980 Loaded shared library C:\Users\Lasse\AppData\Local\Temp\lwjgl_Lasse\3.3.2+13\x64\lwjgl_opengl.dll
Event: 1.147 Loaded shared library C:\Users\Lasse\.jdks\corretto-17.0.7\bin\verify.dll
Event: 2.520 Loaded shared library C:\Users\Lasse\AppData\Local\Temp\lwjgl_Lasse\3.3.2+13\x64\lwjgl_stb.dll

Deoptimization events (20 events):
Event: 2.533 Thread 0x00000297d63bd540 DEOPT PACKING pc=0x00000297ddfd4fc8 sp=0x000000b461ffd2d0
Event: 2.533 Thread 0x00000297d63bd540 DEOPT UNPACKING pc=0x00000297e5437143 sp=0x000000b461ffc748 mode 0
Event: 2.533 Thread 0x00000297d63bd540 DEOPT PACKING pc=0x00000297ddfd4fc8 sp=0x000000b461ffd2d0
Event: 2.533 Thread 0x00000297d63bd540 DEOPT UNPACKING pc=0x00000297e5437143 sp=0x000000b461ffc748 mode 0
Event: 2.533 Thread 0x00000297d63bd540 DEOPT PACKING pc=0x00000297ddfd4f8f sp=0x000000b461ffd2d0
Event: 2.533 Thread 0x00000297d63bd540 DEOPT UNPACKING pc=0x00000297e5437143 sp=0x000000b461ffc748 mode 0
Event: 2.533 Thread 0x00000297d63bd540 DEOPT PACKING pc=0x00000297ddfd4ef2 sp=0x000000b461ffd2d0
Event: 2.533 Thread 0x00000297d63bd540 DEOPT UNPACKING pc=0x00000297e5437143 sp=0x000000b461ffc748 mode 0
Event: 2.533 Thread 0x00000297d63bd540 DEOPT PACKING pc=0x00000297ddfd4ef2 sp=0x000000b461ffd2d0
Event: 2.533 Thread 0x00000297d63bd540 DEOPT UNPACKING pc=0x00000297e5437143 sp=0x000000b461ffc748 mode 0
Event: 2.533 Thread 0x00000297d63bd540 DEOPT PACKING pc=0x00000297ddfd4ef2 sp=0x000000b461ffd2d0
Event: 2.533 Thread 0x00000297d63bd540 DEOPT UNPACKING pc=0x00000297e5437143 sp=0x000000b461ffc748 mode 0
Event: 2.533 Thread 0x00000297d63bd540 DEOPT PACKING pc=0x00000297ddfd4ef2 sp=0x000000b461ffd2d0
Event: 2.533 Thread 0x00000297d63bd540 DEOPT UNPACKING pc=0x00000297e5437143 sp=0x000000b461ffc748 mode 0
Event: 2.533 Thread 0x00000297d63bd540 DEOPT PACKING pc=0x00000297ddfd503a sp=0x000000b461ffd2d0
Event: 2.533 Thread 0x00000297d63bd540 DEOPT UNPACKING pc=0x00000297e5437143 sp=0x000000b461ffc748 mode 0
Event: 2.533 Thread 0x00000297d63bd540 DEOPT PACKING pc=0x00000297ddfd5001 sp=0x000000b461ffd2d0
Event: 2.533 Thread 0x00000297d63bd540 DEOPT UNPACKING pc=0x00000297e5437143 sp=0x000000b461ffc748 mode 0
Event: 2.533 Thread 0x00000297d63bd540 DEOPT PACKING pc=0x00000297ddfd4fc8 sp=0x000000b461ffd2d0
Event: 2.533 Thread 0x00000297d63bd540 DEOPT UNPACKING pc=0x00000297e5437143 sp=0x000000b461ffc748 mode 0

Classes unloaded (0 events):
No events

Classes redefined (0 events):
No events

Internal exceptions (20 events):
Event: 0.673 Thread 0x00000297d63bd540 Exception <a 'java/lang/NoSuchMethodError'{0x00000006216a1948}: 'int java.lang.invoke.DirectMethodHandle$Holder.invokeStaticInit(java.lang.Object, java.lang.Object, int, long)'> (0x00000006216a1948) 
thrown [s\src\hotspot\share\interpreter\linkResolver.cpp, line 759]
Event: 0.674 Thread 0x00000297d63bd540 Exception <a 'java/lang/NoSuchMethodError'{0x00000006216a7210}: 'java.lang.Object java.lang.invoke.DirectMethodHandle$Holder.newInvokeSpecial(java.lang.Object, java.lang.Object, int)'> (0x00000006216a7210) 
thrown [s\src\hotspot\share\interpreter\linkResolver.cpp, line 759]
Event: 0.677 Thread 0x00000297d63bd540 Exception <a 'java/lang/NoSuchMethodError'{0x00000006216c3018}: 'int java.lang.invoke.DirectMethodHandle$Holder.invokeStaticInit(java.lang.Object, java.lang.Object, long, long)'> (0x00000006216c3018) 
thrown [s\src\hotspot\share\interpreter\linkResolver.cpp, line 759]
Event: 0.678 Thread 0x00000297d63bd540 Exception <a 'java/lang/NoSuchMethodError'{0x00000006216c9128}: 'java.lang.Object java.lang.invoke.DirectMethodHandle$Holder.newInvokeSpecial(java.lang.Object, java.lang.Object, long)'> (0x00000006216c9128) 
thrown [s\src\hotspot\share\interpreter\linkResolver.cpp, line 759]
Event: 0.679 Thread 0x00000297d63bd540 Exception <a 'java/lang/NoSuchMethodError'{0x00000006216cd170}: 'java.lang.Object java.lang.invoke.Invokers$Holder.linkToTargetMethod(java.lang.Object, long, java.lang.Object)'> (0x00000006216cd170) 
thrown [s\src\hotspot\share\interpreter\linkResolver.cpp, line 759]
Event: 0.680 Thread 0x00000297d63bd540 Exception <a 'java/lang/NoSuchMethodError'{0x00000006216d4888}: 'int java.lang.invoke.DirectMethodHandle$Holder.invokeStaticInit(java.lang.Object, java.lang.Object, java.lang.Object, long)'> (0x00000006216d4888) 
thrown [s\src\hotspot\share\interpreter\linkResolver.cpp, line 759]
Event: 0.709 Thread 0x00000297d63bd540 Exception <a 'sun/nio/fs/WindowsException'{0x0000000621014fd0}> (0x0000000621014fd0) 
thrown [s\src\hotspot\share\prims\jni.cpp, line 516]
Event: 0.709 Thread 0x00000297d63bd540 Exception <a 'sun/nio/fs/WindowsException'{0x0000000621015360}> (0x0000000621015360) 
thrown [s\src\hotspot\share\prims\jni.cpp, line 516]
Event: 0.766 Thread 0x00000297d63bd540 Exception <a 'sun/nio/fs/WindowsException'{0x000000062110d4c8}> (0x000000062110d4c8) 
thrown [s\src\hotspot\share\prims\jni.cpp, line 516]
Event: 0.766 Thread 0x00000297d63bd540 Exception <a 'sun/nio/fs/WindowsException'{0x000000062110d828}> (0x000000062110d828) 
thrown [s\src\hotspot\share\prims\jni.cpp, line 516]
Event: 0.903 Thread 0x00000297d63bd540 Exception <a 'java/lang/NoSuchMethodError'{0x000000062113a800}: 'void java.lang.invoke.DirectMethodHandle$Holder.invokeStatic(java.lang.Object, long, int, int)'> (0x000000062113a800) 
thrown [s\src\hotspot\share\interpreter\linkResolver.cpp, line 759]
Event: 0.978 Thread 0x00000297d63bd540 Exception <a 'sun/nio/fs/WindowsException'{0x0000000621187d28}> (0x0000000621187d28) 
thrown [s\src\hotspot\share\prims\jni.cpp, line 516]
Event: 0.978 Thread 0x00000297d63bd540 Exception <a 'sun/nio/fs/WindowsException'{0x00000006211880d0}> (0x00000006211880d0) 
thrown [s\src\hotspot\share\prims\jni.cpp, line 516]
Event: 0.997 Thread 0x00000297d63bd540 Exception <a 'sun/nio/fs/WindowsException'{0x000000062119e798}> (0x000000062119e798) 
thrown [s\src\hotspot\share\prims\jni.cpp, line 516]
Event: 0.997 Thread 0x00000297d63bd540 Exception <a 'sun/nio/fs/WindowsException'{0x000000062119ea78}> (0x000000062119ea78) 
thrown [s\src\hotspot\share\prims\jni.cpp, line 516]
Event: 1.154 Thread 0x00000297d63bd540 Exception <a 'java/lang/NoSuchMethodError'{0x00000006213d5370}: 'java.lang.Object java.lang.invoke.DirectMethodHandle$Holder.newInvokeSpecial(java.lang.Object, java.lang.Object, int, int)'> (0x00000006213d5370) 
thrown [s\src\hotspot\share\interpreter\linkResolver.cpp, line 759]
Event: 1.895 Thread 0x00000297d63bd540 Implicit null exception at 0x00000297e59a178f to 0x00000297e59a19e0
Event: 2.506 Thread 0x00000297d63bd540 Exception <a 'java/lang/NoSuchMethodError'{0x00000006215d9698}: 'java.lang.Object java.lang.invoke.DirectMethodHandle$Holder.invokeStatic(java.lang.Object, int, java.lang.Object)'> (0x00000006215d9698) 
thrown [s\src\hotspot\share\interpreter\linkResolver.cpp, line 759]
Event: 2.518 Thread 0x00000297d63bd540 Exception <a 'sun/nio/fs/WindowsException'{0x0000000621616018}> (0x0000000621616018) 
thrown [s\src\hotspot\share\prims\jni.cpp, line 516]
Event: 2.519 Thread 0x00000297d63bd540 Exception <a 'sun/nio/fs/WindowsException'{0x0000000621616398}> (0x0000000621616398) 
thrown [s\src\hotspot\share\prims\jni.cpp, line 516]

VM Operations (20 events):
Event: 0.208 Executing VM operation: HandshakeAllThreads
Event: 0.208 Executing VM operation: HandshakeAllThreads done
Event: 0.212 Executing VM operation: HandshakeAllThreads
Event: 0.212 Executing VM operation: HandshakeAllThreads done
Event: 0.545 Executing VM operation: HandshakeAllThreads
Event: 0.545 Executing VM operation: HandshakeAllThreads done
Event: 0.617 Executing VM operation: HandshakeAllThreads
Event: 0.617 Executing VM operation: HandshakeAllThreads done
Event: 1.258 Executing VM operation: G1CollectForAllocation
Event: 1.264 Executing VM operation: G1CollectForAllocation done
Event: 1.356 Executing VM operation: G1CollectForAllocation
Event: 1.361 Executing VM operation: G1CollectForAllocation done
Event: 1.468 Executing VM operation: G1CollectForAllocation
Event: 1.473 Executing VM operation: G1CollectForAllocation done
Event: 1.768 Executing VM operation: G1CollectForAllocation
Event: 1.784 Executing VM operation: G1CollectForAllocation done
Event: 2.013 Executing VM operation: HandshakeAllThreads
Event: 2.013 Executing VM operation: HandshakeAllThreads done
Event: 2.397 Executing VM operation: G1CollectForAllocation
Event: 2.426 Executing VM operation: G1CollectForAllocation done

Events (20 events):
Event: 1.230 loading class sun/nio/cs/US_ASCII$Decoder done
Event: 1.231 loading class jdk/internal/math/FDBigInteger
Event: 1.231 loading class jdk/internal/math/FDBigInteger done
Event: 1.269 Thread 0x00000297f8300500 Thread added: 0x00000297f8300500
Event: 2.244 loading class jdk/internal/misc/ScopedMemoryAccess$Scope
Event: 2.244 loading class jdk/internal/misc/ScopedMemoryAccess$Scope done
Event: 2.484 loading class java/util/zip/CheckedInputStream
Event: 2.484 loading class java/util/zip/CheckedInputStream done
Event: 2.485 loading class java/nio/file/FileVisitor
Event: 2.485 loading class java/nio/file/FileVisitor done
Event: 2.485 loading class java/io/FileFilter
Event: 2.485 loading class java/io/FileFilter done
Event: 2.485 loading class java/io/FilenameFilter
Event: 2.485 loading class java/io/FilenameFilter done
Event: 2.487 loading class java/util/Collections$UnmodifiableSortedMap
Event: 2.487 loading class java/util/Collections$UnmodifiableSortedMap done
Event: 2.489 loading class java/io/CharArrayWriter
Event: 2.489 loading class java/io/CharArrayWriter done
Event: 2.492 loading class java/io/EOFException
Event: 2.492 loading class java/io/EOFException done


Dynamic libraries:
0x00007ff6297c0000 - 0x00007ff6297cd000 	C:\Users\Lasse\.jdks\corretto-17.0.7\bin\java.exe
0x00007fffcf4b0000 - 0x00007fffcf6c4000 	C:\WINDOWS\SYSTEM32\ntdll.dll
0x00007fffce750000 - 0x00007fffce812000 	C:\WINDOWS\System32\KERNEL32.DLL
0x00007fffccbd0000 - 0x00007fffccf73000 	C:\WINDOWS\System32\KERNELBASE.dll
0x00007fffcc920000 - 0x00007fffcca31000 	C:\WINDOWS\System32\ucrtbase.dll
0x00007fffa6730000 - 0x00007fffa6747000 	C:\Users\Lasse\.jdks\corretto-17.0.7\bin\jli.dll
0x00007fffa5b20000 - 0x00007fffa5b35000 	C:\Users\Lasse\.jdks\corretto-17.0.7\bin\VCRUNTIME140.dll
0x00007fffce330000 - 0x00007fffce4db000 	C:\WINDOWS\System32\USER32.dll
0x00007fffb9050000 - 0x00007fffb92df000 	C:\WINDOWS\WinSxS\amd64_microsoft.windows.common-controls_6595b64144ccf1df_6.0.23440.1000_none_ea9d9c8aff8af3e2\COMCTL32.dll
0x00007fffccba0000 - 0x00007fffccbc6000 	C:\WINDOWS\System32\win32u.dll
0x00007fffcf1e0000 - 0x00007fffcf287000 	C:\WINDOWS\System32\msvcrt.dll
0x00007fffcde00000 - 0x00007fffcde29000 	C:\WINDOWS\System32\GDI32.dll
0x00007fffccf80000 - 0x00007fffcd093000 	C:\WINDOWS\System32\gdi32full.dll
0x00007fffcca40000 - 0x00007fffccada000 	C:\WINDOWS\System32\msvcp_win.dll
0x00007fffcd370000 - 0x00007fffcd3a1000 	C:\WINDOWS\System32\IMM32.DLL
0x00007fffa4c20000 - 0x00007fffa4cbb000 	C:\Users\Lasse\.jdks\corretto-17.0.7\bin\msvcp140.dll
0x00007fff3fef0000 - 0x00007fff40b0a000 	C:\Users\Lasse\.jdks\corretto-17.0.7\bin\server\jvm.dll
0x00007fffcf3c0000 - 0x00007fffcf46e000 	C:\WINDOWS\System32\ADVAPI32.dll
0x00007fffce500000 - 0x00007fffce5a4000 	C:\WINDOWS\System32\sechost.dll
0x00007fffce8e0000 - 0x00007fffce9f5000 	C:\WINDOWS\System32\RPCRT4.dll
0x00007fffca4e0000 - 0x00007fffca4e9000 	C:\WINDOWS\SYSTEM32\WSOCK32.dll
0x00007fffc4d80000 - 0x00007fffc4d8a000 	C:\WINDOWS\SYSTEM32\VERSION.dll
0x00007fffc5e30000 - 0x00007fffc5e64000 	C:\WINDOWS\SYSTEM32\WINMM.dll
0x00007fffcdc80000 - 0x00007fffcdcf1000 	C:\WINDOWS\System32\WS2_32.dll
0x00007fffcb9f0000 - 0x00007fffcba08000 	C:\WINDOWS\SYSTEM32\kernel.appcore.dll
0x00007fffa6720000 - 0x00007fffa672a000 	C:\Users\Lasse\.jdks\corretto-17.0.7\bin\jimage.dll
0x00007fffca290000 - 0x00007fffca4be000 	C:\WINDOWS\SYSTEM32\DBGHELP.DLL
0x00007fffcdee0000 - 0x00007fffce269000 	C:\WINDOWS\System32\combase.dll
0x00007fffcd290000 - 0x00007fffcd367000 	C:\WINDOWS\System32\OLEAUT32.dll
0x00007fffb4500000 - 0x00007fffb4532000 	C:\WINDOWS\SYSTEM32\dbgcore.DLL
0x00007fffcc8a0000 - 0x00007fffcc91b000 	C:\WINDOWS\System32\bcryptPrimitives.dll
0x00007fffa4e40000 - 0x00007fffa4e65000 	C:\Users\Lasse\.jdks\corretto-17.0.7\bin\java.dll
0x00007fffa4b40000 - 0x00007fffa4c16000 	C:\Users\Lasse\.jdks\corretto-17.0.7\bin\jsvml.dll
0x00007fffcd3b0000 - 0x00007fffcdbca000 	C:\WINDOWS\System32\SHELL32.dll
0x00007fffca8b0000 - 0x00007fffcb196000 	C:\WINDOWS\SYSTEM32\windows.storage.dll
0x00007fffca770000 - 0x00007fffca8ae000 	C:\WINDOWS\SYSTEM32\wintypes.dll
0x00007fffcea00000 - 0x00007fffceaf3000 	C:\WINDOWS\System32\SHCORE.dll
0x00007fffcdc20000 - 0x00007fffcdc7e000 	C:\WINDOWS\System32\shlwapi.dll
0x00007fffcc7d0000 - 0x00007fffcc7f1000 	C:\WINDOWS\SYSTEM32\profapi.dll
0x00007fffa4e20000 - 0x00007fffa4e39000 	C:\Users\Lasse\.jdks\corretto-17.0.7\bin\net.dll
0x00007fffc4520000 - 0x00007fffc4657000 	C:\WINDOWS\SYSTEM32\WINHTTP.dll
0x00007fffcbe60000 - 0x00007fffcbec9000 	C:\WINDOWS\system32\mswsock.dll
0x00007fffa4cf0000 - 0x00007fffa4d05000 	C:\Users\Lasse\.jdks\corretto-17.0.7\bin\nio.dll
0x00007fffa4b20000 - 0x00007fffa4b38000 	C:\Users\Lasse\.jdks\corretto-17.0.7\bin\zip.dll
0x00007fffa5f70000 - 0x00007fffa5fea000 	C:\Users\Lasse\AppData\Local\Temp\lwjgl_Lasse\3.3.2+13\x64\lwjgl.dll
0x00007fff69fa0000 - 0x00007fff6a210000 	C:\Users\Lasse\AppData\Local\Temp\lwjgl_Lasse\3.3.2+13\x64\jemalloc.dll
0x00007fffa5510000 - 0x00007fffa5592000 	C:\Users\Lasse\AppData\Local\Temp\lwjgl_Lasse\3.3.2+13\x64\glfw.dll
0x00007fffaeca0000 - 0x00007fffaece6000 	C:\WINDOWS\SYSTEM32\dinput8.dll
0x00007fffc7b70000 - 0x00007fffc7b81000 	C:\WINDOWS\SYSTEM32\xinput1_4.dll
0x00007fffcc560000 - 0x00007fffcc58c000 	C:\WINDOWS\SYSTEM32\DEVOBJ.dll
0x00007fffcc590000 - 0x00007fffcc5de000 	C:\WINDOWS\SYSTEM32\cfgmgr32.dll
0x00007fffc9480000 - 0x00007fffc94ab000 	C:\WINDOWS\SYSTEM32\dwmapi.dll
0x00007fffc2bc0000 - 0x00007fffc2dca000 	C:\WINDOWS\SYSTEM32\inputhost.dll
0x00007fffc8cb0000 - 0x00007fffc8de3000 	C:\WINDOWS\SYSTEM32\CoreMessaging.dll
0x00007fffc91f0000 - 0x00007fffc929b000 	C:\WINDOWS\system32\uxtheme.dll
0x00007fff86320000 - 0x00007fff865ce000 	C:\Program Files\NVIDIA Corporation\nview\nViewH64.dll
0x00007fffce5b0000 - 0x00007fffce74c000 	C:\WINDOWS\System32\ole32.dll
0x00007fffb7b00000 - 0x00007fffb7cb9000 	C:\WINDOWS\WinSxS\amd64_microsoft.windows.gdiplus_6595b64144ccf1df_1.1.23440.1000_none_1b888f705a1d6db0\gdiplus.dll
0x00007fffcc0d0000 - 0x00007fffcc0dc000 	C:\WINDOWS\SYSTEM32\CRYPTBASE.DLL
0x00007fffcba10000 - 0x00007fffcba44000 	C:\WINDOWS\SYSTEM32\ntmarta.dll
0x00007fffcf290000 - 0x00007fffcf3b2000 	C:\WINDOWS\System32\MSCTF.dll
0x00007fff99160000 - 0x00007fff99260000 	C:\WINDOWS\SYSTEM32\opengl32.dll
0x00007fff99e20000 - 0x00007fff99e4d000 	C:\WINDOWS\SYSTEM32\GLU32.dll
0x00007fffc9cb0000 - 0x00007fffc9ce6000 	C:\WINDOWS\SYSTEM32\dxcore.dll
0x00007fffc5e70000 - 0x00007fffc5eb8000 	C:\WINDOWS\SYSTEM32\directxdatabasehelper.dll
0x00007fffcde30000 - 0x00007fffcdee0000 	C:\WINDOWS\System32\clbcatq.dll
0x00007fff34660000 - 0x00007fff35624000 	C:\WINDOWS\System32\DriverStore\FileRepository\iigd_dch.inf_amd64_91e2144e79bce669\ig9icd64.dll
0x00007fffc9370000 - 0x00007fffc9466000 	C:\WINDOWS\system32\dxgi.dll
0x00007fff694d0000 - 0x00007fff6990c000 	C:\WINDOWS\System32\DriverStore\FileRepository\iigd_dch.inf_amd64_91e2144e79bce669\igdml64.dll
0x00007fffc2610000 - 0x00007fffc2946000 	C:\WINDOWS\System32\DriverStore\FileRepository\iigd_dch.inf_amd64_91e2144e79bce669\igdgmm64.dll
0x00007fffbd870000 - 0x00007fffc05ff000 	C:\WINDOWS\System32\DriverStore\FileRepository\iigd_dch.inf_amd64_91e2144e79bce669\igc64.dll
0x00007fffcb7c0000 - 0x00007fffcb80d000 	C:\WINDOWS\SYSTEM32\powrprof.dll
0x00007fffcb7a0000 - 0x00007fffcb7b3000 	C:\WINDOWS\SYSTEM32\UMPDC.dll
0x00007fffae9e0000 - 0x00007fffaea85000 	C:\Windows\System32\OneCoreCommonProxyStub.dll
0x00007fffc2eb0000 - 0x00007fffc34d9000 	C:\Windows\System32\OneCoreUAPCommonProxyStub.dll
0x00007fffc3840000 - 0x00007fffc38bf000 	C:\Windows\System32\ActXPrxy.dll
0x00007fffc3ae0000 - 0x00007fffc3c27000 	C:\WINDOWS\SYSTEM32\textinputframework.dll
0x00007fffc5490000 - 0x00007fffc57fc000 	C:\WINDOWS\SYSTEM32\CoreUIComponents.dll
0x00007fff95cd0000 - 0x00007fff95d2e000 	C:\Users\Lasse\AppData\Local\Temp\lwjgl_Lasse\3.3.2+13\x64\lwjgl_opengl.dll
0x00007fffa4b10000 - 0x00007fffa4b20000 	C:\Users\Lasse\.jdks\corretto-17.0.7\bin\verify.dll
0x00007fff804e0000 - 0x00007fff80562000 	C:\Users\Lasse\AppData\Local\Temp\lwjgl_Lasse\3.3.2+13\x64\lwjgl_stb.dll

dbghelp: loaded successfully - version: 4.0.5 - missing functions: none
symbol engine: initialized successfully - sym options: 0x614 - pdb path: .;C:\Users\Lasse\.jdks\corretto-17.0.7\bin;C:\WINDOWS\SYSTEM32;C:\WINDOWS\WinSxS\amd64_microsoft.windows.common-controls_6595b64144ccf1df_6.0.23440.1000_none_ea9d9c8aff8af3e2;C:\Users\Lasse\.jdks\corretto-17.0.7\bin\server;C:\Users\Lasse\AppData\Local\Temp\lwjgl_Lasse\3.3.2+13\x64;C:\Program Files\NVIDIA Corporation\nview;C:\WINDOWS\WinSxS\amd64_microsoft.windows.gdiplus_6595b64144ccf1df_1.1.23440.1000_none_1b888f705a1d6db0;C:\WINDOWS\System32\DriverStore\FileRepository\iigd_dch.inf_amd64_91e2144e79bce669

VM Arguments:
jvm_args: -Dfile.encoding=windows-1252 -Duser.country=US -Duser.language=en -Duser.variant 
java_command: org.app.core.scene.SceneTest
java_class_path (initial): D:\dev\javaengine2\build\classes\java\main;D:\dev\javaengine2\build\resources\main;C:\Users\Lasse\.gradle\caches\modules-2\files-2.1\kotlin.graphics\glm\0.9.9.1-7\7112415fddb198a2e75bf6f013a97dbd947732e4\glm-0.9.9.1-7.jar;C:\Users\Lasse\.gradle\caches\modules-2\files-2.1\org.lwjgl\lwjgl-assimp\3.3.2\e5238c13abef6b0fd6e1b4320d3c8cd0c10bfe61\lwjgl-assimp-3.3.2.jar;C:\Users\Lasse\.gradle\caches\modules-2\files-2.1\org.lwjgl\lwjgl-assimp\3.3.2\54edbc8767bde24b73187c229dbd552228230c8a\lwjgl-assimp-3.3.2-natives-windows.jar;C:\Users\Lasse\.gradle\caches\modules-2\files-2.1\org.lwjgl\lwjgl-bgfx\3.3.2\d42de3985faa0e51211735c283de80425ddce2ac\lwjgl-bgfx-3.3.2.jar;C:\Users\Lasse\.gradle\caches\modules-2\files-2.1\org.lwjgl\lwjgl-bgfx\3.3.2\bf0186f7b012cab330388f2bd338c417f346337d\lwjgl-bgfx-3.3.2-natives-windows.jar;C:\Users\Lasse\.gradle\caches\modules-2\files-2.1\org.lwjgl\lwjgl-cuda\3.3.2\392c82a699c7fa8cae3c4a29483a2e2ba77e435a\lwjgl-cuda-3.3.2.jar;C:\Users\Lasse\.gradle\caches\modules-2\files-2.1\org.lwjgl\lwjgl-egl\3.3.2\c427694a0b5974a3e434a0c2a51c7f9a3d0e9169\lwjgl-egl-3.3.2.jar;C:\Users\Lasse\.gradle\caches\modules-2\files-2.1\org.lwjgl\lwjgl-fmod\3.3.2\ff0264fb4f442da02b269cc4bcba2979b9e2cdee\lwjgl-fmod-3.3.2.jar;C:\Users\Lasse\.gradle\caches\modules-2\files-2.1\org.lwjgl\lwjgl-freetype\3.3.2\4432335260047128efe750f40c07514826cc4e48\lwjgl-freetype-3.3.2.jar;C:\Users\Lasse\.gradle\caches\modules-2\files-2.1\org.lwjgl\lwjgl-freetype\3.3.2\1e4acf1331dded3b4386fb7c3505c49c587f4f42\lwjgl-freetype-3.3.2-natives-windows.jar;C:\Users\Lasse\.gradle\caches\modules-2\files-2.1\org.lwjgl\lwjgl-glfw\3.3.2\757920418805fb90bfebb3d46b1d9e7669fca2eb\lwjgl-glfw-3.3.2.jar;C:\Users\Lasse\.gradle\caches\modules-2\files-2.1\org.lwjgl\lwjgl-glfw\3.3.2\1251e3cb7e5d6159334cfb9244f789ce992f03b\lwjgl-glfw-3.3.2-natives-windows.jar;C:\Users\Lasse\.gradle\caches\modules-2\files-2.1\org.lwjgl\lwjgl-glfw\3.3.2\766bb0e8e829598b1c8052fd8173c62af741c52\lwjgl-glfw-3.3.2-n
Launcher Type: SUN_STANDARD

[Global flags]
     intx CICompilerCount                          = 4                                         {product} {ergonomic}
     uint ConcGCThreads                            = 2                                         {product} {ergonomic}
     uint G1ConcRefinementThreads                  = 8                                         {product} {ergonomic}
   size_t G1HeapRegionSize                         = 4194304                                   {product} {ergonomic}
    uintx GCDrainStackTargetSize                   = 64                                        {product} {ergonomic}
   size_t InitialHeapSize                          = 536870912                                 {product} {ergonomic}
   size_t MarkStackSize                            = 4194304                                   {product} {ergonomic}
   size_t MaxHeapSize                              = 8552185856                                {product} {ergonomic}
   size_t MaxNewSize                               = 5129633792                                {product} {ergonomic}
   size_t MinHeapDeltaBytes                        = 4194304                                   {product} {ergonomic}
   size_t MinHeapSize                              = 8388608                                   {product} {ergonomic}
    uintx NonNMethodCodeHeapSize                   = 5839372                                {pd product} {ergonomic}
    uintx NonProfiledCodeHeapSize                  = 122909434                              {pd product} {ergonomic}
    uintx ProfiledCodeHeapSize                     = 122909434                              {pd product} {ergonomic}
    uintx ReservedCodeCacheSize                    = 251658240                              {pd product} {ergonomic}
     bool SegmentedCodeCache                       = true                                      {product} {ergonomic}
   size_t SoftMaxHeapSize                          = 8552185856                             {manageable} {ergonomic}
     bool UseCompressedClassPointers               = true                           {product lp64_product} {ergonomic}
     bool UseCompressedOops                        = true                           {product lp64_product} {ergonomic}
     bool UseG1GC                                  = true                                      {product} {ergonomic}
     bool UseLargePagesIndividualAllocation        = false                                  {pd product} {ergonomic}

Logging:
Log output configuration:
 #0: stdout all=warning uptime,level,tags
 #1: stderr all=off uptime,level,tags

Environment Variables:
JAVA_HOME=C:\Users\Lasse\.jdks\jdk-18.0.2\bin
PATH=C:\VulkanSDK\1.3.224.1\Bin;D:\VulkanSDK\1.3.204.1\Bin;C:\Users\Lasse\.jdks\jdk-18.0.2\bin;C:\Windows\system32;C:\Windows;C:\Windows\System32\Wbem;C:\Windows\System32\WindowsPowerShell\v1.0\;C:\Windows\System32\OpenSSH\;C:\Program Files (x86)\NVIDIA Corporation\PhysX\Common;C:\Program Files (x86)\Intel\Intel(R) Management Engine Components\DAL;C:\Program Files\Intel\Intel(R) Management Engine Components\DAL;C:\Program Files\VSCodium\bin;C:\Program Files\dotnet\;C:\Program Files\Git\cmd;C:\WINDOWS\system32;C:\WINDOWS;C:\WINDOWS\System32\Wbem;C:\WINDOWS\System32\WindowsPowerShell\v1.0\;C:\WINDOWS\System32\OpenSSH\;C:\Program Files\Microsoft SQL Server\150\Tools\Binn\;C:\Program Files\Microsoft SQL Server\Client SDK\ODBC\170\Tools\Binn\;C:\Users\Lasse\AppData\Local\atom\atom.exe;D:\Visual Studio\Community 2022\Msbuild\Current\Bin;D:\Visual Studio\Community 2022\Common7\IDE\CommonExtensions\Microsoft\CMake\CMake\bin;C:\Program Files\PowerShell\7\;C:\WINDOWS\system32;C:\WINDOWS;C:\WINDOWS\System32\Wbem;C:\WINDOWS\System32\WindowsPowerShell\v1.0\;C:\WINDOWS\System32\OpenSSH\;C:\Users\Lasse\AppData\Local\Programs\Python\Python311\Scripts;C:\Program Files\mingw64\bin;C:\Program Files\zig;C:\Users\Lasse\AppData\Local\Programs\Pulsar;C:\Program Files\MySQL\MySQL Shell 8.0\bin\;C:\Program Files (x86)\GNU Arm Embedded Toolchain\10 2021.10\bin;C:\Ruby31-x64\bin;C:\Users\Lasse\AppData\Local\Microsoft\WindowsApps;C:\Users\Lasse\.dotnet\tools;C:\Users\Lasse\AppData\Local\gitkraken\bin;C:\Users\Lasse\AppData\Local\Programs\VSCodium\bin;C:\Users\Lasse\AppData\Local\atom\bin;C:\Users\Lasse\AppData\Local\Microsoft\WindowsApps;C:\Users\Lasse\AppData\Local\Programs\Microsoft VS Code\bin;C:\Users\Lasse\AppData\Local\Programs\oh-my-posh\bin;C:\Users\Lasse\AppData\Local\Microsoft\WinGet\Links;C:\Users\Lasse\AppData\Local\Programs\MiKTeX\miktex\bin\x64\
USERNAME=Lasse
OS=Windows_NT
PROCESSOR_IDENTIFIER=Intel64 Family 6 Model 94 Stepping 3, GenuineIntel
TMP=C:\Users\Lasse\AppData\Local\Temp
TEMP=C:\Users\Lasse\AppData\Local\Temp



---------------  S Y S T E M  ---------------

OS:
 Windows 11 , 64 bit Build 23440 (10.0.23440.1000)
OS uptime: 0 days 0:53 hours

CPU: total 8 (initial active 8) (4 cores per cpu, 2 threads per core) family 6 model 94 stepping 3 microcode 0xf0, cx8, cmov, fxsr, ht, mmx, 3dnowpref, sse, sse2, sse3, ssse3, sse4.1, sse4.2, popcnt, lzcnt, tsc, tscinvbit, avx, avx2, aes, erms, clmul, bmi1, bmi2, rtm, adx, fma, vzeroupper, clflush, clflushopt

Memory: 4k page, system-wide physical 32615M (21956M free)
TotalPageFile size 37479M (AvailPageFile size 26676M)
current process WorkingSet (physical memory assigned to process): 447M, peak: 447M
current process commit charge ("private bytes"): 695M, peak: 695M

vm_info: OpenJDK 64-Bit Server VM (17.0.7+7-LTS) for windows-amd64 JRE (17.0.7+7-LTS), built on Apr 14 2023 01:39:21 by "Administrator" with MS VC++ 15.9 (VS2017)

END.
